#
# A fatal error has been detected by the Java Runtime Environment:
#
#  SIGSEGV (0xb) at pc=0x00007f04a0053ed4, pid=8165, tid=139658136999680
#
# JRE version: Java(TM) SE Runtime Environment (8.0_11-b12) (build 1.8.0_11-b12)
# Java VM: Java HotSpot(TM) 64-Bit Server VM (25.11-b03 mixed mode linux-amd64 compressed oops)
# Problematic frame:
# C  [libjavascriptcoregtk-1.0.so.0+0x2f7ed4]  WTF::StringImpl::~StringImpl()+0x134
#
# Failed to write core dump. Core dumps have been disabled. To enable core dumping, try "ulimit -c unlimited" before starting Java again
#
# If you would like to submit a bug report, please visit:
#   http://bugreport.sun.com/bugreport/crash.jsp
#

---------------  T H R E A D  ---------------

Current thread (0x0000000000b35000):  VMThread [stack: 0x00007f04b1955000,0x00007f04b1a56000] [id=8173]

siginfo:si_signo=SIGSEGV: si_errno=0, si_code=1 (SEGV_MAPERR), si_addr=0x00000000bbadbeef

Registers:
RAX=0x0000000000000000, RBX=0x00007f0456d13ee8, RCX=0x000000000028ea80, RDX=0x00007f04ce44aeb8
RSP=0x00007f04b1a54980, RBP=0x00007f04557935d0, RSI=0x0000000000000000, RDI=0x00007f04ce44ae60
R8 =0x00007f04b1a55700, R9 =0x2e6362696c2f756e, R10=0x0000000000000000, R11=0x00007f04a002e850
R12=0x0000000000000000, R13=0x00007f045554a1a0, R14=0x0000000000000000, R15=0x00007f0456d13ee8
RIP=0x00007f04a0053ed4, EFLAGS=0x0000000000010246, CSGSFS=0x0000000000000033, ERR=0x0000000000000006
  TRAPNO=0x000000000000000e

Top of Stack: (sp=0x00007f04b1a54980)
0x00007f04b1a54980:   00007f04547eec60 00007f045554a1c0
0x00007f04b1a54990:   00007f045554a1c8 00007f045554a1a0
0x00007f04b1a549a0:   0000000000000000 00007f04a0992140
0x00007f04b1a549b0:   00007f04998325b0 00007f045554a180
0x00007f04b1a549c0:   00007f045554a1b8 00007f0456ea7880
0x00007f04b1a549d0:   00007f0455740000 00007f045573fc00
0x00007f04b1a549e0:   0000000000ae8b68 00007f04a0991537
0x00007f04b1a549f0:   00007f045573feb0 00007f04b0cef820
0x00007f04b1a54a00:   00007f045573feb0 00007f04a098c4a4
0x00007f04b1a54a10:   0000000000ae8b68 00007f04b0cef820
0x00007f04b1a54a20:   00007f045573feb0 00007f04a0aa7ca9
0x00007f04b1a54a30:   00007f04b0cef820 00007f04a095830e
0x00007f04b1a54a40:   00007f0454d700f0 00007f0454e76eb0
0x00007f04b1a54a50:   00007f0456c2b000 00007f04a096a59a
0x00007f04b1a54a60:   0000000000000700 00007f049983f400
0x00007f04b1a54a70:   00007f045573feb0 00007f04a15c9468
0x00007f04b1a54a80:   0000000000000000 00007f04ce4494c8
0x00007f04b1a54a90:   0000000000ac1620 0000000000000001
0x00007f04b1a54aa0:   00000000000003d8 00007f04ce0fadf2
0x00007f04b1a54ab0:   00007f04b1a54ac0 0000000000000000
0x00007f04b1a54ac0:   00007f04b1a54b00 0000000000ac15f0
0x00007f04b1a54ad0:   0000000000ae8780 00007f04ce0fae45
0x00007f04b1a54ae0:   00007f04b1a54b00 00007f04cd7c3fb7
0x00007f04b1a54af0:   00007f04b1a54b20 00007f04a81e5400
0x00007f04b1a54b00:   00007f04b1a54b50 00007f04cdbd8365
0x00007f04b1a54b10:   00007f04a81e5400 0000000000ae8790
0x00007f04b1a54b20:   0000000000002b28 0000000000000000
0x00007f04b1a54b30:   00007f04a81e5400 0000000000ac15f0
0x00007f04b1a54b40:   0000000000ae8780 00007f04ce059db8
0x00007f04b1a54b50:   00007f04b1a54c00 00007f04cdbd675a
0x00007f04b1a54b60:   00007f04ce095c00 0000000000ae8790
0x00007f04b1a54b70:   0000000000ae8b68 00000000000003d8 

Instructions: (pc=0x00007f04a0053ed4)
0x00007f04a0053eb4:   01 f1 44 21 e9 48 63 c1 4d 8d 04 c4 49 8b 10 48
0x00007f04a0053ec4:   85 d2 75 d0 e8 23 d0 db ff e8 ae d3 db ff 31 c0
0x00007f04a0053ed4:   a3 ef be ad bb 00 00 00 00 31 c0 ff d0 8b 43 18
0x00007f04a0053ee4:   e9 d1 fe ff ff 0f 1f 80 00 00 00 00 f6 42 18 40 

Register to memory mapping:

RAX=0x0000000000000000 is an unknown value
RBX=0x00007f0456d13ee8 is an unknown value
RCX=0x000000000028ea80 is an unknown value
RDX=0x00007f04ce44aeb8: <offset 0x386eb8> in /lib/x86_64-linux-gnu/libc.so.6 at 0x00007f04ce0c4000
RSP=0x00007f04b1a54980 is an unknown value
RBP=0x00007f04557935d0 is an unknown value
RSI=0x0000000000000000 is an unknown value
RDI=0x00007f04ce44ae60: <offset 0x386e60> in /lib/x86_64-linux-gnu/libc.so.6 at 0x00007f04ce0c4000
R8 =0x00007f04b1a55700 is an unknown value
R9 =0x2e6362696c2f756e is an unknown value
R10=0x0000000000000000 is an unknown value
R11=0x00007f04a002e850: WTFInvokeCrashHook+0 in /usr/lib/libjavascriptcoregtk-1.0.so.0 at 0x00007f049fd5c000
R12=0x0000000000000000 is an unknown value
R13=0x00007f045554a1a0 is an unknown value
R14=0x0000000000000000 is an unknown value
R15=0x00007f0456d13ee8 is an unknown value


Stack: [0x00007f04b1955000,0x00007f04b1a56000],  sp=0x00007f04b1a54980,  free space=1022k
Native frames: (J=compiled Java code, j=interpreted, Vv=VM code, C=native code)
C  [libjavascriptcoregtk-1.0.so.0+0x2f7ed4]  WTF::StringImpl::~StringImpl()+0x134

VM_Operation (0x00007f04a81e5400): Exit, mode: safepoint, requested by thread 0x00007f04ac23c000


---------------  P R O C E S S  ---------------

Java Threads: ( => current thread )
  0x0000000000b7c800 JavaThread "Forced VM termination thread" [_thread_blocked, id=8373, stack(0x00007f04555a0000,0x00007f04556a1000)]
  0x00007f04ac322800 JavaThread "Registry cleanup thread-0" daemon [_thread_blocked, id=8194, stack(0x00007f04a23f1000,0x00007f04a24f2000)]
  0x00007f04ac23c000 JavaThread "NativeSwing[1] SWT Receiver" daemon [_thread_blocked, id=8184, stack(0x00007f04a80e6000,0x00007f04a81e7000)]
  0x00007f04ac05e800 JavaThread "Service Thread" daemon [_thread_blocked, id=8180, stack(0x00007f04b10d7000,0x00007f04b11d8000)]
  0x00007f04ac039000 JavaThread "C1 CompilerThread2" daemon [_thread_blocked, id=8179, stack(0x00007f04b11d8000,0x00007f04b12d9000)]
  0x00007f04ac037000 JavaThread "C2 CompilerThread1" daemon [_thread_blocked, id=8178, stack(0x00007f04b12d9000,0x00007f04b13da000)]
  0x00007f04ac034000 JavaThread "C2 CompilerThread0" daemon [_thread_blocked, id=8177, stack(0x00007f04b13da000,0x00007f04b14db000)]
  0x00007f04ac032000 JavaThread "Signal Dispatcher" daemon [_thread_blocked, id=8176, stack(0x00007f04b14db000,0x00007f04b15dc000)]
  0x00007f04ac003000 JavaThread "Finalizer" daemon [_thread_blocked, id=8175, stack(0x00007f04b1753000,0x00007f04b1854000)]
  0x0000000000b3a000 JavaThread "Reference Handler" daemon [_thread_blocked, id=8174, stack(0x00007f04b1854000,0x00007f04b1955000)]

Other Threads:
=>0x0000000000b35000 VMThread [stack: 0x00007f04b1955000,0x00007f04b1a56000] [id=8173]

VM state:at safepoint (shutting down)

VM Mutex/Monitor currently owned by a thread:  ([mutex/lock_event])
[0x0000000000ac7dc0] Threads_lock - owner thread: 0x0000000000b35000

Heap:
 PSYoungGen      total 9728K, used 1162K [0x000000076c800000, 0x000000076d300000, 0x00000007c0000000)
  eden space 8192K, 4% used [0x000000076c800000,0x000000076c85d1f0,0x000000076d000000)
  from space 1536K, 51% used [0x000000076d180000,0x000000076d245778,0x000000076d300000)
  to   space 1536K, 0% used [0x000000076d000000,0x000000076d000000,0x000000076d180000)
 ParOldGen       total 256512K, used 1508K [0x00000006c5800000, 0x00000006d5280000, 0x000000076c800000)
  object space 256512K, 0% used [0x00000006c5800000,0x00000006c59791e0,0x00000006d5280000)
 Metaspace       used 7482K, capacity 7656K, committed 7808K, reserved 1056768K
  class space    used 791K, capacity 852K, committed 896K, reserved 1048576K

Card table byte_map: [0x00007f04bc2f3000,0x00007f04bcac8000] byte_map_base: 0x00007f04b8cc7000

Marking Bits: (ParMarkBitMap*) 0x00007f04ce099c20
 Begin Bits: [0x00007f04b3c77000, 0x00007f04b7b17000)
 End Bits:   [0x00007f04b7b17000, 0x00007f04bb9b7000)

Polling page: 0x00007f04ceca2000

CodeCache: size=245760Kb used=2976Kb max_used=2976Kb free=242783Kb
 bounds [0x00007f04bce88000, 0x00007f04bd178000, 0x00007f04cbe88000]
 total_blobs=1151 nmethods=742 adapters=324
 compilation: enabled

Compilation events (10 events):
Event: 1537.242 Thread 0x00007f04ac039000  737       3       chrriis.dj.nativeswing.swtimpl.core.MessagingInterface$2$2::<init> (10 bytes)
Event: 1537.243 Thread 0x00007f04ac039000 nmethod 737 0x00007f04bd16fc90 code [0x00007f04bd16fde0, 0x00007f04bd16ffb0]
Event: 1537.243 Thread 0x00007f04ac039000  738       3       chrriis.dj.nativeswing.swtimpl.core.OutProcessSocketsMessagingInterface$SWTOutProcessSocketsMessagingInterface::asyncUIExec (9 bytes)
Event: 1537.243 Thread 0x00007f04ac039000 nmethod 738 0x00007f04bd170050 code [0x00007f04bd1701c0, 0x00007f04bd170368]
Event: 1537.409 Thread 0x00007f04ac039000  739   !   3       org.eclipse.swt.widgets.Display::asyncExec (103 bytes)
Event: 1537.410 Thread 0x00007f04ac039000 nmethod 739 0x00007f04bd170450 code [0x00007f04bd170680, 0x00007f04bd171298]
Event: 1537.410 Thread 0x00007f04ac039000  740       3       org.eclipse.swt.widgets.RunnableLock::run (22 bytes)
Event: 1537.411 Thread 0x00007f04ac039000 nmethod 740 0x00007f04bd1719d0 code [0x00007f04bd171b40, 0x00007f04bd171da8]
Event: 1537.417 Thread 0x00007f04ac039000  741       3       org.eclipse.swt.widgets.Display::wakeThread (10 bytes)
Event: 1537.417 Thread 0x00007f04ac039000 nmethod 741 0x00007f04bd171e50 code [0x00007f04bd171fc0, 0x00007f04bd172168]

GC Heap History (10 events):
Event: 0.279 GC heap before
{Heap before GC invocations=4 (full 0):
 PSYoungGen      total 1536K, used 1535K [0x000000076c800000, 0x000000076cb00000, 0x00000007c0000000)
  eden space 1024K, 100% used [0x000000076c800000,0x000000076c900000,0x000000076c900000)
  from space 512K, 99% used [0x000000076c900000,0x000000076c97fc10,0x000000076c980000)
  to   space 512K, 0% used [0x000000076ca80000,0x000000076ca80000,0x000000076cb00000)
 ParOldGen       total 256512K, used 419K [0x00000006c5800000, 0x00000006d5280000, 0x000000076c800000)
  object space 256512K, 0% used [0x00000006c5800000,0x00000006c5868ff8,0x00000006d5280000)
 Metaspace       used 4221K, capacity 5656K, committed 5888K, reserved 1056768K
  class space    used 392K, capacity 456K, committed 512K, reserved 1048576K
Event: 0.280 GC heap after
Heap after GC invocations=4 (full 0):
 PSYoungGen      total 2560K, used 512K [0x000000076c800000, 0x000000076cb00000, 0x00000007c0000000)
  eden space 2048K, 0% used [0x000000076c800000,0x000000076c800000,0x000000076ca00000)
  from space 512K, 100% used [0x000000076ca80000,0x000000076cb00000,0x000000076cb00000)
  to   space 512K, 0% used [0x000000076ca00000,0x000000076ca00000,0x000000076ca80000)
 ParOldGen       total 256512K, used 567K [0x00000006c5800000, 0x00000006d5280000, 0x000000076c800000)
  object space 256512K, 0% used [0x00000006c5800000,0x00000006c588ddf8,0x00000006d5280000)
 Metaspace       used 4221K, capacity 5656K, committed 5888K, reserved 1056768K
  class space    used 392K, capacity 456K, committed 512K, reserved 1048576K
}
Event: 0.490 GC heap before
{Heap before GC invocations=5 (full 0):
 PSYoungGen      total 2560K, used 2560K [0x000000076c800000, 0x000000076cb00000, 0x00000007c0000000)
  eden space 2048K, 100% used [0x000000076c800000,0x000000076ca00000,0x000000076ca00000)
  from space 512K, 100% used [0x000000076ca80000,0x000000076cb00000,0x000000076cb00000)
  to   space 512K, 0% used [0x000000076ca00000,0x000000076ca00000,0x000000076ca80000)
 ParOldGen       total 256512K, used 567K [0x00000006c5800000, 0x00000006d5280000, 0x000000076c800000)
  object space 256512K, 0% used [0x00000006c5800000,0x00000006c588ddf8,0x00000006d5280000)
 Metaspace       used 5982K, capacity 6222K, committed 6272K, reserved 1056768K
  class space    used 608K, capacity 637K, committed 640K, reserved 1048576K
Event: 0.492 GC heap after
Heap after GC invocations=5 (full 0):
 PSYoungGen      total 2560K, used 512K [0x000000076c800000, 0x000000076cf00000, 0x00000007c0000000)
  eden space 2048K, 0% used [0x000000076c800000,0x000000076c800000,0x000000076ca00000)
  from space 512K, 100% used [0x000000076ca00000,0x000000076ca80000,0x000000076ca80000)
  to   space 1536K, 0% used [0x000000076cd80000,0x000000076cd80000,0x000000076cf00000)
 ParOldGen       total 256512K, used 1160K [0x00000006c5800000, 0x00000006d5280000, 0x000000076c800000)
  object space 256512K, 0% used [0x00000006c5800000,0x00000006c59221a0,0x00000006d5280000)
 Metaspace       used 5982K, capacity 6222K, committed 6272K, reserved 1056768K
  class space    used 608K, capacity 637K, committed 640K, reserved 1048576K
}
Event: 0.533 GC heap before
{Heap before GC invocations=6 (full 0):
 PSYoungGen      total 2560K, used 2556K [0x000000076c800000, 0x000000076cf00000, 0x00000007c0000000)
  eden space 2048K, 99% used [0x000000076c800000,0x000000076c9ff000,0x000000076ca00000)
  from space 512K, 100% used [0x000000076ca00000,0x000000076ca80000,0x000000076ca80000)
  to   space 1536K, 0% used [0x000000076cd80000,0x000000076cd80000,0x000000076cf00000)
 ParOldGen       total 256512K, used 1160K [0x00000006c5800000, 0x00000006d5280000, 0x000000076c800000)
  object space 256512K, 0% used [0x00000006c5800000,0x00000006c59221a0,0x00000006d5280000)
 Metaspace       used 6613K, capacity 6766K, committed 6912K, reserved 1056768K
  class space    used 693K, capacity 733K, committed 768K, reserved 1048576K
Event: 0.534 GC heap after
Heap after GC invocations=6 (full 0):
 PSYoungGen      total 5632K, used 1139K [0x000000076c800000, 0x000000076cf00000, 0x00000007c0000000)
  eden space 4096K, 0% used [0x000000076c800000,0x000000076c800000,0x000000076cc00000)
  from space 1536K, 74% used [0x000000076cd80000,0x000000076ce9ccc8,0x000000076cf00000)
  to   space 1536K, 0% used [0x000000076cc00000,0x000000076cc00000,0x000000076cd80000)
 ParOldGen       total 256512K, used 1168K [0x00000006c5800000, 0x00000006d5280000, 0x000000076c800000)
  object space 256512K, 0% used [0x00000006c5800000,0x00000006c59241a0,0x00000006d5280000)
 Metaspace       used 6613K, capacity 6766K, committed 6912K, reserved 1056768K
  class space    used 693K, capacity 733K, committed 768K, reserved 1048576K
}
Event: 1498.096 GC heap before
{Heap before GC invocations=7 (full 0):
 PSYoungGen      total 5632K, used 5235K [0x000000076c800000, 0x000000076cf00000, 0x00000007c0000000)
  eden space 4096K, 100% used [0x000000076c800000,0x000000076cc00000,0x000000076cc00000)
  from space 1536K, 74% used [0x000000076cd80000,0x000000076ce9ccc8,0x000000076cf00000)
  to   space 1536K, 0% used [0x000000076cc00000,0x000000076cc00000,0x000000076cd80000)
 ParOldGen       total 256512K, used 1168K [0x00000006c5800000, 0x00000006d5280000, 0x000000076c800000)
  object space 256512K, 0% used [0x00000006c5800000,0x00000006c59241a0,0x00000006d5280000)
 Metaspace       used 7364K, capacity 7554K, committed 7808K, reserved 1056768K
  class space    used 779K, capacity 819K, committed 896K, reserved 1048576K
Event: 1498.100 GC heap after
Heap after GC invocations=7 (full 0):
 PSYoungGen      total 5632K, used 1016K [0x000000076c800000, 0x000000076d300000, 0x00000007c0000000)
  eden space 4096K, 0% used [0x000000076c800000,0x000000076c800000,0x000000076cc00000)
  from space 1536K, 66% used [0x000000076cc00000,0x000000076ccfe118,0x000000076cd80000)
  to   space 1536K, 0% used [0x000000076d180000,0x000000076d180000,0x000000076d300000)
 ParOldGen       total 256512K, used 1380K [0x00000006c5800000, 0x00000006d5280000, 0x000000076c800000)
  object space 256512K, 0% used [0x00000006c5800000,0x00000006c59591c0,0x00000006d5280000)
 Metaspace       used 7364K, capacity 7554K, committed 7808K, reserved 1056768K
  class space    used 779K, capacity 819K, committed 896K, reserved 1048576K
}
Event: 1530.755 GC heap before
{Heap before GC invocations=8 (full 0):
 PSYoungGen      total 5632K, used 5111K [0x000000076c800000, 0x000000076d300000, 0x00000007c0000000)
  eden space 4096K, 99% used [0x000000076c800000,0x000000076cbffdb0,0x000000076cc00000)
  from space 1536K, 66% used [0x000000076cc00000,0x000000076ccfe118,0x000000076cd80000)
  to   space 1536K, 0% used [0x000000076d180000,0x000000076d180000,0x000000076d300000)
 ParOldGen       total 256512K, used 1380K [0x00000006c5800000, 0x00000006d5280000, 0x000000076c800000)
  object space 256512K, 0% used [0x00000006c5800000,0x00000006c59591c0,0x00000006d5280000)
 Metaspace       used 7463K, capacity 7656K, committed 7808K, reserved 1056768K
  class space    used 788K, capacity 852K, committed 896K, reserved 1048576K
Event: 1530.757 GC heap after
Heap after GC invocations=8 (full 0):
 PSYoungGen      total 9728K, used 789K [0x000000076c800000, 0x000000076d300000, 0x00000007c0000000)
  eden space 8192K, 0% used [0x000000076c800000,0x000000076c800000,0x000000076d000000)
  from space 1536K, 51% used [0x000000076d180000,0x000000076d245778,0x000000076d300000)
  to   space 1536K, 0% used [0x000000076d000000,0x000000076d000000,0x000000076d180000)
 ParOldGen       total 256512K, used 1508K [0x00000006c5800000, 0x00000006d5280000, 0x000000076c800000)
  object space 256512K, 0% used [0x00000006c5800000,0x00000006c59791e0,0x00000006d5280000)
 Metaspace       used 7463K, capacity 7656K, committed 7808K, reserved 1056768K
  class space    used 788K, capacity 852K, committed 896K, reserved 1048576K
}

Deoptimization events (2 events):
Event: 1421.809 Thread 0x00007f04ac322800 Uncommon trap: reason=unreached action=reinterpret pc=0x00007f04bd0fdbf8 method=java.util.HashMap$HashIterator.nextNode()Ljava/util/HashMap$Node; @ 95
Event: 1492.151 Thread 0x0000000000acb800 Uncommon trap: reason=unreached action=reinterpret pc=0x00007f04bd0fec48 method=org.eclipse.swt.widgets.Display.getWidget(J)Lorg/eclipse/swt/widgets/Widget; @ 12

Internal exceptions (10 events):
Event: 1492.148 Thread 0x00007f04ac23c000 Exception <a 'java/lang/NoSuchMethodError': <clinit>> (0x000000076cbf1a18) thrown at [/HUDSON/workspace/8-2-build-linux-amd64/jdk8u11/648/hotspot/src/share/vm/prims/jni.cpp, line 1599]
Event: 1506.525 Thread 0x00007f04ac23c000 Exception <a 'java/lang/NoSuchMethodError': <clinit>> (0x000000076c9c30a8) thrown at [/HUDSON/workspace/8-2-build-linux-amd64/jdk8u11/648/hotspot/src/share/vm/prims/jni.cpp, line 1599]
Event: 1506.526 Thread 0x0000000000acb800 Exception <a 'java/security/PrivilegedActionException'> (0x000000076c9baa88) thrown at [/HUDSON/workspace/8-2-build-linux-amd64/jdk8u11/648/hotspot/src/share/vm/prims/jvm.cpp, line 1248]
Event: 1506.526 Thread 0x0000000000acb800 Exception <a 'java/security/PrivilegedActionException'> (0x000000076c9cbc60) thrown at [/HUDSON/workspace/8-2-build-linux-amd64/jdk8u11/648/hotspot/src/share/vm/prims/jvm.cpp, line 1248]
Event: 1506.526 Thread 0x0000000000acb800 Exception <a 'java/security/PrivilegedActionException'> (0x000000076c9cc7a0) thrown at [/HUDSON/workspace/8-2-build-linux-amd64/jdk8u11/648/hotspot/src/share/vm/prims/jvm.cpp, line 1248]
Event: 1506.531 Thread 0x0000000000acb800 Exception <a 'java/security/PrivilegedActionException'> (0x000000076c9db568) thrown at [/HUDSON/workspace/8-2-build-linux-amd64/jdk8u11/648/hotspot/src/share/vm/prims/jvm.cpp, line 1248]
Event: 1506.531 Thread 0x0000000000acb800 Exception <a 'java/security/PrivilegedActionException'> (0x000000076c9dc0e8) thrown at [/HUDSON/workspace/8-2-build-linux-amd64/jdk8u11/648/hotspot/src/share/vm/prims/jvm.cpp, line 1248]
Event: 1506.531 Thread 0x0000000000acb800 Exception <a 'java/security/PrivilegedActionException'> (0x000000076c9dd330) thrown at [/HUDSON/workspace/8-2-build-linux-amd64/jdk8u11/648/hotspot/src/share/vm/prims/jvm.cpp, line 1248]
Event: 1506.531 Thread 0x0000000000acb800 Exception <a 'java/security/PrivilegedActionException'> (0x000000076c9dded0) thrown at [/HUDSON/workspace/8-2-build-linux-amd64/jdk8u11/648/hotspot/src/share/vm/prims/jvm.cpp, line 1248]
Event: 1537.424 Thread 0x0000000000c07800 Exception <a 'java/security/PrivilegedActionException'> (0x000000076c83f138) thrown at [/HUDSON/workspace/8-2-build-linux-amd64/jdk8u11/648/hotspot/src/share/vm/prims/jvm.cpp, line 1248]

Events (10 events):
Event: 1537.423 loading class java/util/IdentityHashMap$IdentityHashMapIterator
Event: 1537.423 loading class java/util/IdentityHashMap$IdentityHashMapIterator done
Event: 1537.423 loading class java/util/IdentityHashMap$KeyIterator done
Event: 1537.423 Thread 0x0000000000c07800 Thread added: 0x0000000000c07800
Event: 1537.423 Thread 0x0000000000b7c800 Thread added: 0x0000000000b7c800
Event: 1537.424 loading class chrriis/dj/nativeswing/swtimpl/core/SWTNativeInterface$5
Event: 1537.424 loading class chrriis/dj/nativeswing/swtimpl/core/SWTNativeInterface$5 done
Event: 1537.443 Thread 0x0000000000acb800 Thread exited: 0x0000000000acb800
Event: 1537.443 Thread 0x0000000000c07800 Thread exited: 0x0000000000c07800
Event: 1537.444 Executing VM operation: Exit


Dynamic libraries:
00400000-00401000 r-xp 00000000 08:01 272057                             /usr/lib/jvm/java-8-oracle/jre/bin/java
00600000-00601000 rw-p 00000000 08:01 272057                             /usr/lib/jvm/java-8-oracle/jre/bin/java
00ac0000-00fab000 rw-p 00000000 00:00 0                                  [heap]
6c5800000-6d5280000 rw-p 00000000 00:00 0 
6d5280000-76c800000 ---p 00000000 00:00 0 
76c800000-76d300000 rw-p 00000000 00:00 0 
76d300000-7c0000000 ---p 00000000 00:00 0 
7c0000000-7c00e0000 rw-p 00000000 00:00 0 
7c00e0000-800000000 ---p 00000000 00:00 0 
7f044dd8a000-7f044dd8b000 ---p 00000000 00:00 0 
7f044dd8b000-7f044e58b000 rw-p 00000000 00:00 0 
7f044e58b000-7f044e58c000 ---p 00000000 00:00 0 
7f044e58c000-7f044ed8c000 rw-p 00000000 00:00 0 
7f045058f000-7f0450590000 ---p 00000000 00:00 0 
7f0450590000-7f0450d90000 rw-p 00000000 00:00 0 
7f045182f000-7f0451b2f000 rw-p 00000000 00:00 0 
7f0451b8c000-7f0451c8c000 rw-p 00000000 00:00 0 
7f0451cca000-7f04520ca000 rw-p 00000000 00:00 0 
7f04520e9000-7f04522e9000 rw-p 00000000 00:00 0 
7f04522e9000-7f0452308000 rw-p 00000000 00:00 0 
7f0452593000-7f0452594000 ---p 00000000 00:00 0 
7f0452594000-7f0452d94000 rw-p 00000000 00:00 0 
7f0452db1000-7f0452db9000 rw-p 00000000 00:00 0 
7f0453ba6000-7f0453bc5000 rw-p 00000000 00:00 0 
7f0453d96000-7f0453e9e000 rw-p 00000000 00:00 0 
7f045427e000-7f045429d000 rw-p 00000000 00:00 0 
7f045429d000-7f045439d000 rw-p 00000000 00:00 0 
7f04543bc000-7f04543bd000 rw-p 00000000 00:00 0 
7f04543dc000-7f04543fb000 rw-p 00000000 00:00 0 
7f04543fb000-7f0454503000 rw-p 00000000 00:00 0 
7f0454503000-7f045459e000 rw-p 00000000 00:00 0 
7f04545bd000-7f045461a000 rw-p 00000000 00:00 0 
7f045461a000-7f045481a000 rw-p 00000000 00:00 0 
7f045481a000-7f0454877000 rw-p 00000000 00:00 0 
7f0454877000-7f04548cc000 r--p 00000000 08:01 657056                     /usr/share/fonts/truetype/ttf-dejavu/DejaVuSans-ExtraLight.ttf
7f04548cc000-7f0454920000 r--p 00000000 08:01 658907                     /usr/share/fonts/truetype/ttf-dejavu/DejaVuSerif-Bold.ttf
7f0454920000-7f04549c5000 r--p 00000000 08:01 658903                     /usr/share/fonts/truetype/ttf-dejavu/DejaVuSans-Bold.ttf
7f04549c5000-7f0454a1e000 r--p 00000000 08:01 658908                     /usr/share/fonts/truetype/ttf-dejavu/DejaVuSerif.ttf
7f0454a1e000-7f0454ace000 r--p 00000000 08:01 658904                     /usr/share/fonts/truetype/ttf-dejavu/DejaVuSans.ttf
7f0454ace000-7f0454bce000 rw-p 00000000 00:00 0 
7f0454bce000-7f0454c2b000 rw-p 00000000 00:00 0 
7f0454c2b000-7f0454c33000 rw-p 00000000 00:00 0 
7f0454c33000-7f0454c90000 rw-p 00000000 00:00 0 
7f0454c90000-7f0454ea0000 rw-p 00000000 00:00 0 
7f0454ea8000-7f0454eb8000 rw-p 00000000 00:00 0 
7f0454eb8000-7f0454ed7000 rw-p 00000000 00:00 0 
7f0454ef6000-7f0454ef7000 rw-p 00000000 00:00 0 
7f0454f16000-7f0454f54000 rw-p 00000000 00:00 0 
7f0454f54000-7f0455054000 rw-p 00000000 00:00 0 
7f0455054000-7f0455092000 rw-p 00000000 00:00 0 
7f0455092000-7f045509a000 rw-p 00000000 00:00 0 
7f045509a000-7f0455135000 rw-p 00000000 00:00 0 
7f0455135000-7f0455335000 rw-p 00000000 00:00 0 
7f0455335000-7f04553d0000 rw-p 00000000 00:00 0 
7f045544c000-7f045554c000 rw-p 00000000 00:00 0 
7f04555a0000-7f04555a3000 ---p 00000000 00:00 0 
7f04555a3000-7f04557a1000 rw-p 00000000 00:00 0 
7f04557a1000-7f04557b3000 r-xp 00000000 08:01 397141                     /usr/lib/x86_64-linux-gnu/pkcs11/gnome-keyring-pkcs11.so
7f04557b3000-7f04559b3000 ---p 00012000 08:01 397141                     /usr/lib/x86_64-linux-gnu/pkcs11/gnome-keyring-pkcs11.so
7f04559b3000-7f04559b5000 rw-p 00012000 08:01 397141                     /usr/lib/x86_64-linux-gnu/pkcs11/gnome-keyring-pkcs11.so
7f04559b5000-7f04559b8000 r-xp 00000000 08:01 1570367                    /lib/x86_64-linux-gnu/libgpg-error.so.0.8.0
7f04559b8000-7f0455bb7000 ---p 00003000 08:01 1570367                    /lib/x86_64-linux-gnu/libgpg-error.so.0.8.0
7f0455bb7000-7f0455bb8000 rw-p 00002000 08:01 1570367                    /lib/x86_64-linux-gnu/libgpg-error.so.0.8.0
7f0455bb8000-7f0455c32000 r-xp 00000000 08:01 1572126                    /lib/x86_64-linux-gnu/libgcrypt.so.11.7.0
7f0455c32000-7f0455e32000 ---p 0007a000 08:01 1572126                    /lib/x86_64-linux-gnu/libgcrypt.so.11.7.0
7f0455e32000-7f0455e33000 r--p 0007a000 08:01 1572126                    /lib/x86_64-linux-gnu/libgcrypt.so.11.7.0
7f0455e33000-7f0455e36000 rw-p 0007b000 08:01 1572126                    /lib/x86_64-linux-gnu/libgcrypt.so.11.7.0
7f0455e36000-7f0455e46000 r-xp 00000000 08:01 396924                     /usr/lib/x86_64-linux-gnu/libtasn1.so.3.1.16
7f0455e46000-7f0456045000 ---p 00010000 08:01 396924                     /usr/lib/x86_64-linux-gnu/libtasn1.so.3.1.16
7f0456045000-7f0456046000 r--p 0000f000 08:01 396924                     /usr/lib/x86_64-linux-gnu/libtasn1.so.3.1.16
7f0456046000-7f0456047000 rw-p 00010000 08:01 396924                     /usr/lib/x86_64-linux-gnu/libtasn1.so.3.1.16
7f0456047000-7f0456100000 r-xp 00000000 08:01 394565                     /usr/lib/x86_64-linux-gnu/libgnutls.so.26.22.4
7f0456100000-7f04562ff000 ---p 000b9000 08:01 394565                     /usr/lib/x86_64-linux-gnu/libgnutls.so.26.22.4
7f04562ff000-7f0456305000 r--p 000b8000 08:01 394565                     /usr/lib/x86_64-linux-gnu/libgnutls.so.26.22.4
7f0456305000-7f0456307000 rw-p 000be000 08:01 394565                     /usr/lib/x86_64-linux-gnu/libgnutls.so.26.22.4
7f0456307000-7f0456318000 r-xp 00000000 08:01 396791                     /usr/lib/x86_64-linux-gnu/libp11-kit.so.0.0.0
7f0456318000-7f0456517000 ---p 00011000 08:01 396791                     /usr/lib/x86_64-linux-gnu/libp11-kit.so.0.0.0
7f0456517000-7f0456518000 r--p 00010000 08:01 396791                     /usr/lib/x86_64-linux-gnu/libp11-kit.so.0.0.0
7f0456518000-7f0456519000 rw-p 00011000 08:01 396791                     /usr/lib/x86_64-linux-gnu/libp11-kit.so.0.0.0
7f0456519000-7f0456532000 r-xp 00000000 08:01 395873                     /usr/lib/x86_64-linux-gnu/gio/modules/libgiognutls.so
7f0456532000-7f0456731000 ---p 00019000 08:01 395873                     /usr/lib/x86_64-linux-gnu/gio/modules/libgiognutls.so
7f0456731000-7f0456732000 r--p 00018000 08:01 395873                     /usr/lib/x86_64-linux-gnu/gio/modules/libgiognutls.so
7f0456732000-7f0456733000 rw-p 00019000 08:01 395873                     /usr/lib/x86_64-linux-gnu/gio/modules/libgiognutls.so
7f0456734000-7f0456744000 rw-p 00000000 00:00 0 
7f045682b000-7f045682e000 ---p 00000000 00:00 0 
7f045682e000-7f045692c000 rw-p 00000000 00:00 0 
7f045692c000-7f045694b000 rw-p 00000000 00:00 0 
7f045694b000-7f0456a4b000 rw-p 00000000 00:00 0 
7f0456a4b000-7f0456a89000 rw-p 00000000 00:00 0 
7f0456a89000-7f0456b89000 rw-p 00000000 00:00 0 
7f0456b89000-7f0456ba8000 rw-p 00000000 00:00 0 
7f0456ba8000-7f0456bb0000 rw-p 00000000 00:00 0 
7f0456bb0000-7f0456bee000 rw-p 00000000 00:00 0 
7f0456bee000-7f0456cee000 rw-p 00000000 00:00 0 
7f0456cee000-7f0456d0d000 rw-p 00000000 00:00 0 
7f0456d0d000-7f0456e0d000 rw-p 00000000 00:00 0 
7f0456e0d000-7f0456e2c000 rw-p 00000000 00:00 0 
7f0456e2c000-7f0456f34000 rw-p 00000000 00:00 0 
7f0456f34000-7f0457334000 rw-p 00000000 00:00 0 
7f0457334000-7f0457335000 ---p 00000000 00:00 0 
7f0457335000-7f0457b35000 rw-p 00000000 00:00 0 
7f0457b35000-7f0457b36000 ---p 00000000 00:00 0 
7f0457b36000-7f0458336000 rw-p 00000000 00:00 0 
7f0458336000-7f0458337000 ---p 00000000 00:00 0 
7f0458337000-7f0458b37000 rw-p 00000000 00:00 0 
7f0458b37000-7f0458b3e000 r-xp 00000000 08:01 395871                     /usr/lib/x86_64-linux-gnu/gio/modules/libdconfsettings.so
7f0458b3e000-7f0458d3e000 ---p 00007000 08:01 395871                     /usr/lib/x86_64-linux-gnu/gio/modules/libdconfsettings.so
7f0458d3e000-7f0458d3f000 r--p 00007000 08:01 395871                     /usr/lib/x86_64-linux-gnu/gio/modules/libdconfsettings.so
7f0458d3f000-7f0458d40000 rw-p 00008000 08:01 395871                     /usr/lib/x86_64-linux-gnu/gio/modules/libdconfsettings.so
7f0458d40000-7f0458d44000 r-xp 00000000 08:01 395872                     /usr/lib/x86_64-linux-gnu/gio/modules/libgiognomeproxy.so
7f0458d44000-7f0458f43000 ---p 00004000 08:01 395872                     /usr/lib/x86_64-linux-gnu/gio/modules/libgiognomeproxy.so
7f0458f43000-7f0458f44000 r--p 00003000 08:01 395872                     /usr/lib/x86_64-linux-gnu/gio/modules/libgiognomeproxy.so
7f0458f44000-7f0458f45000 rw-p 00004000 08:01 395872                     /usr/lib/x86_64-linux-gnu/gio/modules/libgiognomeproxy.so
7f0458f45000-7f0458f46000 ---p 00000000 00:00 0 
7f0458f46000-7f0459746000 rw-p 00000000 00:00 0 
7f0459746000-7f0459747000 ---p 00000000 00:00 0 
7f0459747000-7f0499747000 rwxp 00000000 00:00 0 
7f0499747000-7f0499748000 ---p 00000000 00:00 0 
7f0499748000-7f0499848000 rw-p 00000000 00:00 0 
7f0499848000-7f0499849000 ---p 00000000 00:00 0 
7f0499849000-7f049a049000 rw-p 00000000 00:00 0 
7f049a049000-7f049a04d000 r-xp 00000000 08:01 1570463                    /lib/x86_64-linux-gnu/libuuid.so.1.3.0
7f049a04d000-7f049a24c000 ---p 00004000 08:01 1570463                    /lib/x86_64-linux-gnu/libuuid.so.1.3.0
7f049a24c000-7f049a24d000 r--p 00003000 08:01 1570463                    /lib/x86_64-linux-gnu/libuuid.so.1.3.0
7f049a24d000-7f049a24e000 rw-p 00004000 08:01 1570463                    /lib/x86_64-linux-gnu/libuuid.so.1.3.0
7f049a24e000-7f049a265000 r-xp 00000000 08:01 396178                     /usr/lib/x86_64-linux-gnu/libICE.so.6.3.0
7f049a265000-7f049a464000 ---p 00017000 08:01 396178                     /usr/lib/x86_64-linux-gnu/libICE.so.6.3.0
7f049a464000-7f049a466000 rw-p 00016000 08:01 396178                     /usr/lib/x86_64-linux-gnu/libICE.so.6.3.0
7f049a466000-7f049a469000 rw-p 00000000 00:00 0 
7f049a469000-7f049a470000 r-xp 00000000 08:01 396197                     /usr/lib/x86_64-linux-gnu/libSM.so.6.0.1
7f049a470000-7f049a66f000 ---p 00007000 08:01 396197                     /usr/lib/x86_64-linux-gnu/libSM.so.6.0.1
7f049a66f000-7f049a670000 rw-p 00006000 08:01 396197                     /usr/lib/x86_64-linux-gnu/libSM.so.6.0.1
7f049a670000-7f049a67b000 r-xp 00000000 08:01 396371                     /usr/lib/x86_64-linux-gnu/libdrm.so.2.4.0
7f049a67b000-7f049a87a000 ---p 0000b000 08:01 396371                     /usr/lib/x86_64-linux-gnu/libdrm.so.2.4.0
7f049a87a000-7f049a87b000 r--p 0000a000 08:01 396371                     /usr/lib/x86_64-linux-gnu/libdrm.so.2.4.0
7f049a87b000-7f049a87c000 rw-p 0000b000 08:01 396371                     /usr/lib/x86_64-linux-gnu/libdrm.so.2.4.0
7f049a87c000-7f049a880000 r-xp 00000000 08:01 395619                     /usr/lib/x86_64-linux-gnu/libXxf86vm.so.1.0.0
7f049a880000-7f049aa80000 ---p 00004000 08:01 395619                     /usr/lib/x86_64-linux-gnu/libXxf86vm.so.1.0.0
7f049aa80000-7f049aa81000 r--p 00004000 08:01 395619                     /usr/lib/x86_64-linux-gnu/libXxf86vm.so.1.0.0
7f049aa81000-7f049aa82000 rw-p 00005000 08:01 395619                     /usr/lib/x86_64-linux-gnu/libXxf86vm.so.1.0.0
7f049aa82000-7f049aa98000 r-xp 00000000 08:01 395597                     /usr/lib/x86_64-linux-gnu/libxcb-glx.so.0.0.0
7f049aa98000-7f049ac97000 ---p 00016000 08:01 395597                     /usr/lib/x86_64-linux-gnu/libxcb-glx.so.0.0.0
7f049ac97000-7f049ac99000 r--p 00015000 08:01 395597                     /usr/lib/x86_64-linux-gnu/libxcb-glx.so.0.0.0
7f049ac99000-7f049ac9a000 rw-p 00017000 08:01 395597                     /usr/lib/x86_64-linux-gnu/libxcb-glx.so.0.0.0
7f049ac9a000-7f049ac9b000 r-xp 00000000 08:01 395595                     /usr/lib/x86_64-linux-gnu/libX11-xcb.so.1.0.0
7f049ac9b000-7f049ae9a000 ---p 00001000 08:01 395595                     /usr/lib/x86_64-linux-gnu/libX11-xcb.so.1.0.0
7f049ae9a000-7f049ae9b000 rw-p 00000000 08:01 395595                     /usr/lib/x86_64-linux-gnu/libX11-xcb.so.1.0.0
7f049ae9b000-7f049aebc000 r-xp 00000000 08:01 395593                     /usr/lib/x86_64-linux-gnu/libglapi.so.0.0.0
7f049aebc000-7f049b0bb000 ---p 00021000 08:01 395593                     /usr/lib/x86_64-linux-gnu/libglapi.so.0.0.0
7f049b0bb000-7f049b0be000 rw-p 00020000 08:01 395593                     /usr/lib/x86_64-linux-gnu/libglapi.so.0.0.0
7f049b0be000-7f049b0c0000 rw-p 00000000 00:00 0 
7f049b0c0000-7f049b0e2000 r-xp 00000000 08:01 1570379                    /lib/x86_64-linux-gnu/liblzma.so.5.0.0
7f049b0e2000-7f049b2e1000 ---p 00022000 08:01 1570379                    /lib/x86_64-linux-gnu/liblzma.so.5.0.0
7f049b2e1000-7f049b2e2000 r--p 00021000 08:01 1570379                    /lib/x86_64-linux-gnu/liblzma.so.5.0.0
7f049b2e2000-7f049b2e3000 rw-p 00022000 08:01 1570379                    /lib/x86_64-linux-gnu/liblzma.so.5.0.0
7f049b2e3000-7f049b35a000 r-xp 00000000 08:01 396787                     /usr/lib/x86_64-linux-gnu/liborc-0.4.so.0.16.0
7f049b35a000-7f049b559000 ---p 00077000 08:01 396787                     /usr/lib/x86_64-linux-gnu/liborc-0.4.so.0.16.0
7f049b559000-7f049b55b000 r--p 00076000 08:01 396787                     /usr/lib/x86_64-linux-gnu/liborc-0.4.so.0.16.0
7f049b55b000-7f049b560000 rw-p 00078000 08:01 396787                     /usr/lib/x86_64-linux-gnu/liborc-0.4.so.0.16.0
7f049b560000-7f049b575000 r-xp 00000000 08:01 1570361                    /lib/x86_64-linux-gnu/libgcc_s.so.1
7f049b575000-7f049b775000 ---p 00015000 08:01 1570361                    /lib/x86_64-linux-gnu/libgcc_s.so.1
7f049b775000-7f049b776000 rw-p 00015000 08:01 1570361                    /lib/x86_64-linux-gnu/libgcc_s.so.1
7f049b776000-7f049b85e000 r-xp 00000000 08:01 396914                     /usr/lib/x86_64-linux-gnu/libstdc++.so.6.0.17
7f049b85e000-7f049ba5e000 ---p 000e8000 08:01 396914                     /usr/lib/x86_64-linux-gnu/libstdc++.so.6.0.17
7f049ba5e000-7f049ba66000 r--p 000e8000 08:01 396914                     /usr/lib/x86_64-linux-gnu/libstdc++.so.6.0.17
7f049ba66000-7f049ba68000 rw-p 000f0000 08:01 396914                     /usr/lib/x86_64-linux-gnu/libstdc++.so.6.0.17
7f049ba68000-7f049ba7d000 rw-p 00000000 00:00 0 
7f049ba7d000-7f049badd000 r-xp 00000000 08:01 396239                     /usr/lib/x86_64-linux-gnu/libXt.so.6.0.0
7f049badd000-7f049bcdd000 ---p 00060000 08:01 396239                     /usr/lib/x86_64-linux-gnu/libXt.so.6.0.0
7f049bcdd000-7f049bcde000 r--p 00060000 08:01 396239                     /usr/lib/x86_64-linux-gnu/libXt.so.6.0.0
7f049bcde000-7f049bce3000 rw-p 00061000 08:01 396239                     /usr/lib/x86_64-linux-gnu/libXt.so.6.0.0
7f049bce3000-7f049bce4000 rw-p 00000000 00:00 0 
7f049bce4000-7f049ce53000 r-xp 00000000 08:01 394417                     /usr/lib/x86_64-linux-gnu/libicudata.so.48.1.1
7f049ce53000-7f049ce54000 r--p 0116e000 08:01 394417                     /usr/lib/x86_64-linux-gnu/libicudata.so.48.1.1
7f049ce54000-7f049ce55000 rw-p 0116f000 08:01 394417                     /usr/lib/x86_64-linux-gnu/libicudata.so.48.1.1
7f049ce55000-7f049cfaf000 r-xp 00000000 08:01 394416                     /usr/lib/x86_64-linux-gnu/libicuuc.so.48.1.1
7f049cfaf000-7f049cfb0000 ---p 0015a000 08:01 394416                     /usr/lib/x86_64-linux-gnu/libicuuc.so.48.1.1
7f049cfb0000-7f049cfc1000 r--p 0015a000 08:01 394416                     /usr/lib/x86_64-linux-gnu/libicuuc.so.48.1.1
7f049cfc1000-7f049cfc2000 rw-p 0016b000 08:01 394416                     /usr/lib/x86_64-linux-gnu/libicuuc.so.48.1.1
7f049cfc2000-7f049cfc6000 rw-p 00000000 00:00 0 
7f049cfc6000-7f049d185000 r-xp 00000000 08:01 394413                     /usr/lib/x86_64-linux-gnu/libicui18n.so.48.1.1
7f049d185000-7f049d186000 ---p 001bf000 08:01 394413                     /usr/lib/x86_64-linux-gnu/libicui18n.so.48.1.1
7f049d186000-7f049d193000 r--p 001bf000 08:01 394413                     /usr/lib/x86_64-linux-gnu/libicui18n.so.48.1.1
7f049d193000-7f049d194000 rw-p 001cc000 08:01 394413                     /usr/lib/x86_64-linux-gnu/libicui18n.so.48.1.1
7f049d194000-7f049d23a000 r-xp 00000000 08:01 395536                     /usr/lib/x86_64-linux-gnu/libsqlite3.so.0.8.6
7f049d23a000-7f049d43a000 ---p 000a6000 08:01 395536                     /usr/lib/x86_64-linux-gnu/libsqlite3.so.0.8.6
7f049d43a000-7f049d43c000 r--p 000a6000 08:01 395536                     /usr/lib/x86_64-linux-gnu/libsqlite3.so.0.8.6
7f049d43c000-7f049d43e000 rw-p 000a8000 08:01 395536                     /usr/lib/x86_64-linux-gnu/libsqlite3.so.0.8.6
7f049d43e000-7f049d43f000 rw-p 00000000 00:00 0 
7f049d43f000-7f049d49c000 r-xp 00000000 08:01 395589                     /usr/lib/x86_64-linux-gnu/libGL.so.1.2
7f049d49c000-7f049d69b000 ---p 0005d000 08:01 395589                     /usr/lib/x86_64-linux-gnu/libGL.so.1.2
7f049d69b000-7f049d69f000 rw-p 0005c000 08:01 395589                     /usr/lib/x86_64-linux-gnu/libGL.so.1.2
7f049d69f000-7f049d7f4000 r-xp 00000000 08:01 394322                     /usr/lib/x86_64-linux-gnu/libxml2.so.2.8.0
7f049d7f4000-7f049d9f4000 ---p 00155000 08:01 394322                     /usr/lib/x86_64-linux-gnu/libxml2.so.2.8.0
7f049d9f4000-7f049d9fc000 r--p 00155000 08:01 394322                     /usr/lib/x86_64-linux-gnu/libxml2.so.2.8.0
7f049d9fc000-7f049d9fe000 rw-p 0015d000 08:01 394322                     /usr/lib/x86_64-linux-gnu/libxml2.so.2.8.0
7f049d9fe000-7f049d9ff000 rw-p 00000000 00:00 0 
7f049d9ff000-7f049da3b000 r-xp 00000000 08:01 394622                     /usr/lib/x86_64-linux-gnu/libxslt.so.1.1.26
7f049da3b000-7f049dc3a000 ---p 0003c000 08:01 394622                     /usr/lib/x86_64-linux-gnu/libxslt.so.1.1.26
7f049dc3a000-7f049dc3c000 r--p 0003b000 08:01 394622                     /usr/lib/x86_64-linux-gnu/libxslt.so.1.1.26
7f049dc3c000-7f049dc3d000 rw-p 0003d000 08:01 394622                     /usr/lib/x86_64-linux-gnu/libxslt.so.1.1.26
7f049dc3d000-7f049dca6000 r-xp 00000000 08:01 395127                     /usr/lib/x86_64-linux-gnu/libsoup-2.4.so.1.5.0
7f049dca6000-7f049dea5000 ---p 00069000 08:01 395127                     /usr/lib/x86_64-linux-gnu/libsoup-2.4.so.1.5.0
7f049dea5000-7f049dea7000 r--p 00068000 08:01 395127                     /usr/lib/x86_64-linux-gnu/libsoup-2.4.so.1.5.0
7f049dea7000-7f049dea9000 rw-p 0006a000 08:01 395127                     /usr/lib/x86_64-linux-gnu/libsoup-2.4.so.1.5.0
7f049dea9000-7f049deaa000 rw-p 00000000 00:00 0 
7f049deaa000-7f049dee4000 r-xp 00000000 08:01 396701                     /usr/lib/x86_64-linux-gnu/libjpeg.so.8.4.0
7f049dee4000-7f049e0e3000 ---p 0003a000 08:01 396701                     /usr/lib/x86_64-linux-gnu/libjpeg.so.8.4.0
7f049e0e3000-7f049e0e4000 rw-p 00039000 08:01 396701                     /usr/lib/x86_64-linux-gnu/libjpeg.so.8.4.0
7f049e0e4000-7f049e1c4000 r-xp 00000000 08:01 394360                     /usr/lib/x86_64-linux-gnu/libgstreamer-0.10.so.0.30.0
7f049e1c4000-7f049e3c3000 ---p 000e0000 08:01 394360                     /usr/lib/x86_64-linux-gnu/libgstreamer-0.10.so.0.30.0
7f049e3c3000-7f049e3c8000 r--p 000df000 08:01 394360                     /usr/lib/x86_64-linux-gnu/libgstreamer-0.10.so.0.30.0
7f049e3c8000-7f049e3ca000 rw-p 000e4000 08:01 394360                     /usr/lib/x86_64-linux-gnu/libgstreamer-0.10.so.0.30.0
7f049e3ca000-7f049e3cc000 rw-p 00000000 00:00 0 
7f049e3cc000-7f049e420000 r-xp 00000000 08:01 394355                     /usr/lib/x86_64-linux-gnu/libgstbase-0.10.so.0.30.0
7f049e420000-7f049e61f000 ---p 00054000 08:01 394355                     /usr/lib/x86_64-linux-gnu/libgstbase-0.10.so.0.30.0
7f049e61f000-7f049e620000 r--p 00053000 08:01 394355                     /usr/lib/x86_64-linux-gnu/libgstbase-0.10.so.0.30.0
7f049e620000-7f049e621000 rw-p 00054000 08:01 394355                     /usr/lib/x86_64-linux-gnu/libgstbase-0.10.so.0.30.0
7f049e621000-7f049e63c000 r-xp 00000000 08:01 395649                     /usr/lib/x86_64-linux-gnu/libgstvideo-0.10.so.0.25.0
7f049e63c000-7f049e83c000 ---p 0001b000 08:01 395649                     /usr/lib/x86_64-linux-gnu/libgstvideo-0.10.so.0.25.0
7f049e83c000-7f049e83d000 r--p 0001b000 08:01 395649                     /usr/lib/x86_64-linux-gnu/libgstvideo-0.10.so.0.25.0
7f049e83d000-7f049e83e000 rw-p 0001c000 08:01 395649                     /usr/lib/x86_64-linux-gnu/libgstvideo-0.10.so.0.25.0
7f049e83e000-7f049e860000 r-xp 00000000 08:01 395648                     /usr/lib/x86_64-linux-gnu/libgstpbutils-0.10.so.0.25.0
7f049e860000-7f049ea60000 ---p 00022000 08:01 395648                     /usr/lib/x86_64-linux-gnu/libgstpbutils-0.10.so.0.25.0
7f049ea60000-7f049ea62000 r--p 00022000 08:01 395648                     /usr/lib/x86_64-linux-gnu/libgstpbutils-0.10.so.0.25.0
7f049ea62000-7f049ea63000 rw-p 00024000 08:01 395648                     /usr/lib/x86_64-linux-gnu/libgstpbutils-0.10.so.0.25.0
7f049ea63000-7f049ea74000 r-xp 00000000 08:01 395638                     /usr/lib/x86_64-linux-gnu/libgstinterfaces-0.10.so.0.25.0
7f049ea74000-7f049ec73000 ---p 00011000 08:01 395638                     /usr/lib/x86_64-linux-gnu/libgstinterfaces-0.10.so.0.25.0
7f049ec73000-7f049ec74000 r--p 00010000 08:01 395638                     /usr/lib/x86_64-linux-gnu/libgstinterfaces-0.10.so.0.25.0
7f049ec74000-7f049ec75000 rw-p 00011000 08:01 395638                     /usr/lib/x86_64-linux-gnu/libgstinterfaces-0.10.so.0.25.0
7f049ec75000-7f049ec7e000 r-xp 00000000 08:01 395644                     /usr/lib/x86_64-linux-gnu/libgstfft-0.10.so.0.25.0
7f049ec7e000-7f049ee7d000 ---p 00009000 08:01 395644                     /usr/lib/x86_64-linux-gnu/libgstfft-0.10.so.0.25.0
7f049ee7d000-7f049ee7e000 r--p 00008000 08:01 395644                     /usr/lib/x86_64-linux-gnu/libgstfft-0.10.so.0.25.0
7f049ee7e000-7f049ee7f000 rw-p 00009000 08:01 395644                     /usr/lib/x86_64-linux-gnu/libgstfft-0.10.so.0.25.0
7f049ee7f000-7f049eeb5000 r-xp 00000000 08:01 395655                     /usr/lib/x86_64-linux-gnu/libgstaudio-0.10.so.0.25.0
7f049eeb5000-7f049f0b5000 ---p 00036000 08:01 395655                     /usr/lib/x86_64-linux-gnu/libgstaudio-0.10.so.0.25.0
7f049f0b5000-7f049f0b6000 r--p 00036000 08:01 395655                     /usr/lib/x86_64-linux-gnu/libgstaudio-0.10.so.0.25.0
7f049f0b6000-7f049f0b8000 rw-p 00037000 08:01 395655                     /usr/lib/x86_64-linux-gnu/libgstaudio-0.10.so.0.25.0
7f049f0b8000-7f049f0c4000 r-xp 00000000 08:01 395653                     /usr/lib/x86_64-linux-gnu/libgstapp-0.10.so.0.25.0
7f049f0c4000-7f049f2c3000 ---p 0000c000 08:01 395653                     /usr/lib/x86_64-linux-gnu/libgstapp-0.10.so.0.25.0
7f049f2c3000-7f049f2c4000 r--p 0000b000 08:01 395653                     /usr/lib/x86_64-linux-gnu/libgstapp-0.10.so.0.25.0
7f049f2c4000-7f049f2c5000 rw-p 0000c000 08:01 395653                     /usr/lib/x86_64-linux-gnu/libgstapp-0.10.so.0.25.0
7f049f2c5000-7f049f309000 r-xp 00000000 08:01 1579490                    /lib/x86_64-linux-gnu/libdbus-1.so.3.7.2
7f049f309000-7f049f509000 ---p 00044000 08:01 1579490                    /lib/x86_64-linux-gnu/libdbus-1.so.3.7.2
7f049f509000-7f049f50a000 r--p 00044000 08:01 1579490                    /lib/x86_64-linux-gnu/libdbus-1.so.3.7.2
7f049f50a000-7f049f50b000 rw-p 00045000 08:01 1579490                    /lib/x86_64-linux-gnu/libdbus-1.so.3.7.2
7f049f50b000-7f049f531000 r-xp 00000000 08:01 395499                     /usr/lib/x86_64-linux-gnu/libdbus-glib-1.so.2.2.2
7f049f531000-7f049f730000 ---p 00026000 08:01 395499                     /usr/lib/x86_64-linux-gnu/libdbus-glib-1.so.2.2.2
7f049f730000-7f049f732000 rw-p 00025000 08:01 395499                     /usr/lib/x86_64-linux-gnu/libdbus-glib-1.so.2.2.2
7f049f732000-7f049f747000 r-xp 00000000 08:01 266139                     /usr/lib/libgeoclue.so.0.0.0
7f049f747000-7f049f946000 ---p 00015000 08:01 266139                     /usr/lib/libgeoclue.so.0.0.0
7f049f946000-7f049f948000 rw-p 00014000 08:01 266139                     /usr/lib/libgeoclue.so.0.0.0
7f049f948000-7f049f94f000 r-xp 00000000 08:01 396463                     /usr/lib/x86_64-linux-gnu/libgailutil.so.18.0.1
7f049f94f000-7f049fb4f000 ---p 00007000 08:01 396463                     /usr/lib/x86_64-linux-gnu/libgailutil.so.18.0.1
7f049fb4f000-7f049fb50000 rw-p 00007000 08:01 396463                     /usr/lib/x86_64-linux-gnu/libgailutil.so.18.0.1
7f049fb50000-7f049fb5b000 r-xp 00000000 08:01 266115                     /usr/lib/libenchant.so.1.6.0
7f049fb5b000-7f049fd5a000 ---p 0000b000 08:01 266115                     /usr/lib/libenchant.so.1.6.0
7f049fd5a000-7f049fd5b000 r--p 0000a000 08:01 266115                     /usr/lib/libenchant.so.1.6.0
7f049fd5b000-7f049fd5c000 rw-p 0000b000 08:01 266115                     /usr/lib/libenchant.so.1.6.0
7f049fd5c000-7f04a00ef000 r-xp 00000000 08:01 262815                     /usr/lib/libjavascriptcoregtk-1.0.so.0.13.2
7f04a00ef000-7f04a02ee000 ---p 00393000 08:01 262815                     /usr/lib/libjavascriptcoregtk-1.0.so.0.13.2
7f04a02ee000-7f04a02fb000 r--p 00392000 08:01 262815                     /usr/lib/libjavascriptcoregtk-1.0.so.0.13.2
7f04a02fb000-7f04a0302000 rw-p 0039f000 08:01 262815                     /usr/lib/libjavascriptcoregtk-1.0.so.0.13.2
7f04a0302000-7f04a0326000 rw-p 00000000 00:00 0 
7f04a0326000-7f04a1938000 r-xp 00000000 08:01 261983                     /usr/lib/libwebkitgtk-1.0.so.0.13.2
7f04a1938000-7f04a1b37000 ---p 01612000 08:01 261983                     /usr/lib/libwebkitgtk-1.0.so.0.13.2
7f04a1b37000-7f04a1ca3000 r--p 01611000 08:01 261983                     /usr/lib/libwebkitgtk-1.0.so.0.13.2
7f04a1ca3000-7f04a1cb5000 rw-p 0177d000 08:01 261983                     /usr/lib/libwebkitgtk-1.0.so.0.13.2
7f04a1cb5000-7f04a1cbe000 rw-p 00000000 00:00 0 
7f04a1cbe000-7f04a1cc9000 r-xp 00000000 08:06 6948009                    /home/rbtucker/.swt/lib/linux/x86_64/libswt-webkit-gtk-4332.so
7f04a1cc9000-7f04a1ec9000 ---p 0000b000 08:06 6948009                    /home/rbtucker/.swt/lib/linux/x86_64/libswt-webkit-gtk-4332.so
7f04a1ec9000-7f04a1eca000 rw-p 0000b000 08:06 6948009                    /home/rbtucker/.swt/lib/linux/x86_64/libswt-webkit-gtk-4332.so
7f04a1eca000-7f04a1f1b000 r-xp 00000000 08:01 1180757                    /usr/lib/jvm/java-8-oracle/jre/lib/amd64/libawt_xawt.so
7f04a1f1b000-7f04a211a000 ---p 00051000 08:01 1180757                    /usr/lib/jvm/java-8-oracle/jre/lib/amd64/libawt_xawt.so
7f04a211a000-7f04a211e000 rw-p 00050000 08:01 1180757                    /usr/lib/jvm/java-8-oracle/jre/lib/amd64/libawt_xawt.so
7f04a211e000-7f04a211f000 rw-p 00000000 00:00 0 
7f04a211f000-7f04a21c2000 r-xp 00000000 08:01 1180737                    /usr/lib/jvm/java-8-oracle/jre/lib/amd64/libawt.so
7f04a21c2000-7f04a23c1000 ---p 000a3000 08:01 1180737                    /usr/lib/jvm/java-8-oracle/jre/lib/amd64/libawt.so
7f04a23c1000-7f04a23cd000 rw-p 000a2000 08:01 1180737                    /usr/lib/jvm/java-8-oracle/jre/lib/amd64/libawt.so
7f04a23cd000-7f04a23f1000 rw-p 00000000 00:00 0 
7f04a23f1000-7f04a23f4000 ---p 00000000 00:00 0 
7f04a23f4000-7f04a24f2000 rw-p 00000000 00:00 0 
7f04a24f2000-7f04a24f4000 r-xp 00000000 08:01 397129                     /usr/lib/x86_64-linux-gnu/pango/1.6.0/modules/pango-basic-fc.so
7f04a24f4000-7f04a26f3000 ---p 00002000 08:01 397129                     /usr/lib/x86_64-linux-gnu/pango/1.6.0/modules/pango-basic-fc.so
7f04a26f3000-7f04a26f4000 r--p 00001000 08:01 397129                     /usr/lib/x86_64-linux-gnu/pango/1.6.0/modules/pango-basic-fc.so
7f04a26f4000-7f04a26f5000 rw-p 00002000 08:01 397129                     /usr/lib/x86_64-linux-gnu/pango/1.6.0/modules/pango-basic-fc.so
7f04a26f5000-7f04a2702000 r-xp 00000000 08:01 396111                     /usr/lib/x86_64-linux-gnu/gtk-2.0/2.10.0/engines/libmist.so
7f04a2702000-7f04a2901000 ---p 0000d000 08:01 396111                     /usr/lib/x86_64-linux-gnu/gtk-2.0/2.10.0/engines/libmist.so
7f04a2901000-7f04a2902000 r--p 0000c000 08:01 396111                     /usr/lib/x86_64-linux-gnu/gtk-2.0/2.10.0/engines/libmist.so
7f04a2902000-7f04a2903000 rw-p 0000d000 08:01 396111                     /usr/lib/x86_64-linux-gnu/gtk-2.0/2.10.0/engines/libmist.so
7f04a2903000-7f04a2908000 r-xp 00000000 08:01 396220                     /usr/lib/x86_64-linux-gnu/libXdmcp.so.6.0.0
7f04a2908000-7f04a2b07000 ---p 00005000 08:01 396220                     /usr/lib/x86_64-linux-gnu/libXdmcp.so.6.0.0
7f04a2b07000-7f04a2b08000 rw-p 00004000 08:01 396220                     /usr/lib/x86_64-linux-gnu/libXdmcp.so.6.0.0
7f04a2b08000-7f04a2b0a000 r-xp 00000000 08:01 396209                     /usr/lib/x86_64-linux-gnu/libXau.so.6.0.0
7f04a2b0a000-7f04a2d0a000 ---p 00002000 08:01 396209                     /usr/lib/x86_64-linux-gnu/libXau.so.6.0.0
7f04a2d0a000-7f04a2d0b000 rw-p 00002000 08:01 396209                     /usr/lib/x86_64-linux-gnu/libXau.so.6.0.0
7f04a2d0b000-7f04a2d47000 r-xp 00000000 08:01 1570421                    /lib/x86_64-linux-gnu/libpcre.so.3.13.1
7f04a2d47000-7f04a2f47000 ---p 0003c000 08:01 1570421                    /lib/x86_64-linux-gnu/libpcre.so.3.13.1
7f04a2f47000-7f04a2f48000 rw-p 0003c000 08:01 1570421                    /lib/x86_64-linux-gnu/libpcre.so.3.13.1
7f04a2f48000-7f04a2f54000 r-xp 00000000 08:01 396407                     /usr/lib/x86_64-linux-gnu/libffi.so.5.0.10
7f04a2f54000-7f04a3154000 ---p 0000c000 08:01 396407                     /usr/lib/x86_64-linux-gnu/libffi.so.5.0.10
7f04a3154000-7f04a3155000 rw-p 0000c000 08:01 396407                     /usr/lib/x86_64-linux-gnu/libffi.so.5.0.10
7f04a3155000-7f04a317c000 r-xp 00000000 08:01 1570177                    /lib/x86_64-linux-gnu/libexpat.so.1.6.0
7f04a317c000-7f04a337c000 ---p 00027000 08:01 1570177                    /lib/x86_64-linux-gnu/libexpat.so.1.6.0
7f04a337c000-7f04a337e000 r--p 00027000 08:01 1570177                    /lib/x86_64-linux-gnu/libexpat.so.1.6.0
7f04a337e000-7f04a337f000 rw-p 00029000 08:01 1570177                    /lib/x86_64-linux-gnu/libexpat.so.1.6.0
7f04a337f000-7f04a3392000 r-xp 00000000 08:01 1584788                    /lib/x86_64-linux-gnu/libresolv-2.13.so
7f04a3392000-7f04a3591000 ---p 00013000 08:01 1584788                    /lib/x86_64-linux-gnu/libresolv-2.13.so
7f04a3591000-7f04a3592000 r--p 00012000 08:01 1584788                    /lib/x86_64-linux-gnu/libresolv-2.13.so
7f04a3592000-7f04a3593000 rw-p 00013000 08:01 1584788                    /lib/x86_64-linux-gnu/libresolv-2.13.so
7f04a3593000-7f04a3595000 rw-p 00000000 00:00 0 
7f04a3595000-7f04a35b3000 r-xp 00000000 08:01 1570438                    /lib/x86_64-linux-gnu/libselinux.so.1
7f04a35b3000-7f04a37b2000 ---p 0001e000 08:01 1570438                    /lib/x86_64-linux-gnu/libselinux.so.1
7f04a37b2000-7f04a37b3000 r--p 0001d000 08:01 1570438                    /lib/x86_64-linux-gnu/libselinux.so.1
7f04a37b3000-7f04a37b4000 rw-p 0001e000 08:01 1570438                    /lib/x86_64-linux-gnu/libselinux.so.1
7f04a37b4000-7f04a37b5000 rw-p 00000000 00:00 0 
7f04a37b5000-7f04a37cb000 r-xp 00000000 08:01 1570468                    /lib/x86_64-linux-gnu/libz.so.1.2.7
7f04a37cb000-7f04a39ca000 ---p 00016000 08:01 1570468                    /lib/x86_64-linux-gnu/libz.so.1.2.7
7f04a39ca000-7f04a39cb000 r--p 00015000 08:01 1570468                    /lib/x86_64-linux-gnu/libz.so.1.2.7
7f04a39cb000-7f04a39cc000 rw-p 00016000 08:01 1570468                    /lib/x86_64-linux-gnu/libz.so.1.2.7
7f04a39cc000-7f04a39d4000 r-xp 00000000 08:01 408329                     /usr/lib/x86_64-linux-gnu/libxcb-render.so.0.0.0
7f04a39d4000-7f04a3bd4000 ---p 00008000 08:01 408329                     /usr/lib/x86_64-linux-gnu/libxcb-render.so.0.0.0
7f04a3bd4000-7f04a3bd5000 r--p 00008000 08:01 408329                     /usr/lib/x86_64-linux-gnu/libxcb-render.so.0.0.0
7f04a3bd5000-7f04a3bd6000 rw-p 00009000 08:01 408329                     /usr/lib/x86_64-linux-gnu/libxcb-render.so.0.0.0
7f04a3bd6000-7f04a3bd8000 r-xp 00000000 08:01 408386                     /usr/lib/x86_64-linux-gnu/libxcb-shm.so.0.0.0
7f04a3bd8000-7f04a3dd7000 ---p 00002000 08:01 408386                     /usr/lib/x86_64-linux-gnu/libxcb-shm.so.0.0.0
7f04a3dd7000-7f04a3dd8000 r--p 00001000 08:01 408386                     /usr/lib/x86_64-linux-gnu/libxcb-shm.so.0.0.0
7f04a3dd8000-7f04a3dd9000 rw-p 00002000 08:01 408386                     /usr/lib/x86_64-linux-gnu/libxcb-shm.so.0.0.0
7f04a3dd9000-7f04a3dff000 r-xp 00000000 08:01 1570423                    /lib/x86_64-linux-gnu/libpng12.so.0.49.0
7f04a3dff000-7f04a3ffe000 ---p 00026000 08:01 1570423                    /lib/x86_64-linux-gnu/libpng12.so.0.49.0
7f04a3ffe000-7f04a3fff000 r--p 00025000 08:01 1570423                    /lib/x86_64-linux-gnu/libpng12.so.0.49.0
7f04a3fff000-7f04a4000000 rw-p 00026000 08:01 1570423                    /lib/x86_64-linux-gnu/libpng12.so.0.49.0
7f04a4000000-7f04a431e000 rw-p 00000000 00:00 0 
7f04a431e000-7f04a8000000 ---p 00000000 00:00 0 
7f04a8003000-7f04a8047000 r--p 00000000 08:01 658843                     /usr/share/fonts/truetype/msttcorefonts/Arial.ttf
7f04a8047000-7f04a806a000 r--p 00000000 08:01 658854                     /usr/share/fonts/truetype/msttcorefonts/Georgia.ttf
7f04a806a000-7f04a80e6000 rw-p 00000000 00:00 0 
7f04a80e6000-7f04a80e9000 ---p 00000000 00:00 0 
7f04a80e9000-7f04a81e7000 rw-p 00000000 00:00 0 
7f04a81e7000-7f04a8267000 r-xp 00000000 08:01 403780                     /usr/lib/x86_64-linux-gnu/libpixman-1.so.0.26.0
7f04a8267000-7f04a8467000 ---p 00080000 08:01 403780                     /usr/lib/x86_64-linux-gnu/libpixman-1.so.0.26.0
7f04a8467000-7f04a846d000 rw-p 00080000 08:01 403780                     /usr/lib/x86_64-linux-gnu/libpixman-1.so.0.26.0
7f04a846d000-7f04a848c000 r-xp 00000000 08:01 397843                     /usr/lib/x86_64-linux-gnu/libxcb.so.1.1.0
7f04a848c000-7f04a868b000 ---p 0001f000 08:01 397843                     /usr/lib/x86_64-linux-gnu/libxcb.so.1.1.0
7f04a868b000-7f04a868c000 r--p 0001e000 08:01 397843                     /usr/lib/x86_64-linux-gnu/libxcb.so.1.1.0
7f04a868c000-7f04a868d000 rw-p 0001f000 08:01 397843                     /usr/lib/x86_64-linux-gnu/libxcb.so.1.1.0
7f04a868d000-7f04a8690000 r-xp 00000000 08:01 395507                     /usr/lib/x86_64-linux-gnu/libgmodule-2.0.so.0.3200.4
7f04a8690000-7f04a888f000 ---p 00003000 08:01 395507                     /usr/lib/x86_64-linux-gnu/libgmodule-2.0.so.0.3200.4
7f04a888f000-7f04a8890000 r--p 00002000 08:01 395507                     /usr/lib/x86_64-linux-gnu/libgmodule-2.0.so.0.3200.4
7f04a8890000-7f04a8891000 rw-p 00003000 08:01 395507                     /usr/lib/x86_64-linux-gnu/libgmodule-2.0.so.0.3200.4
7f04a8891000-7f04a889b000 r-xp 00000000 08:01 408336                     /usr/lib/x86_64-linux-gnu/libXcursor.so.1.0.2
7f04a889b000-7f04a8a9a000 ---p 0000a000 08:01 408336                     /usr/lib/x86_64-linux-gnu/libXcursor.so.1.0.2
7f04a8a9a000-7f04a8a9b000 rw-p 00009000 08:01 408336                     /usr/lib/x86_64-linux-gnu/libXcursor.so.1.0.2
7f04a8a9b000-7f04a8aa2000 r-xp 00000000 08:01 396215                     /usr/lib/x86_64-linux-gnu/libXrandr.so.2.2.0
7f04a8aa2000-7f04a8ca2000 ---p 00007000 08:01 396215                     /usr/lib/x86_64-linux-gnu/libXrandr.so.2.2.0
7f04a8ca2000-7f04a8ca3000 rw-p 00007000 08:01 396215                     /usr/lib/x86_64-linux-gnu/libXrandr.so.2.2.0
7f04a8ca3000-7f04a8ca5000 r-xp 00000000 08:01 408285                     /usr/lib/x86_64-linux-gnu/libXinerama.so.1.0.0
7f04a8ca5000-7f04a8ea4000 ---p 00002000 08:01 408285                     /usr/lib/x86_64-linux-gnu/libXinerama.so.1.0.0
7f04a8ea4000-7f04a8ea5000 rw-p 00001000 08:01 408285                     /usr/lib/x86_64-linux-gnu/libXinerama.so.1.0.0
7f04a8ea5000-7f04a8eae000 r-xp 00000000 08:01 396221                     /usr/lib/x86_64-linux-gnu/libXrender.so.1.3.0
7f04a8eae000-7f04a90ad000 ---p 00009000 08:01 396221                     /usr/lib/x86_64-linux-gnu/libXrender.so.1.3.0
7f04a90ad000-7f04a90ae000 rw-p 00008000 08:01 396221                     /usr/lib/x86_64-linux-gnu/libXrender.so.1.3.0
7f04a90ae000-7f04a90bc000 r-xp 00000000 08:01 395622                     /usr/lib/x86_64-linux-gnu/libXi.so.6.1.0
7f04a90bc000-7f04a92bc000 ---p 0000e000 08:01 395622                     /usr/lib/x86_64-linux-gnu/libXi.so.6.1.0
7f04a92bc000-7f04a92bd000 rw-p 0000e000 08:01 395622                     /usr/lib/x86_64-linux-gnu/libXi.so.6.1.0
7f04a92bd000-7f04a92ce000 r-xp 00000000 08:01 396204                     /usr/lib/x86_64-linux-gnu/libXext.so.6.4.0
7f04a92ce000-7f04a94ce000 ---p 00011000 08:01 396204                     /usr/lib/x86_64-linux-gnu/libXext.so.6.4.0
7f04a94ce000-7f04a94cf000 rw-p 00011000 08:01 396204                     /usr/lib/x86_64-linux-gnu/libXext.so.6.4.0
7f04a94cf000-7f04a95c4000 r-xp 00000000 08:01 1576947                    /lib/x86_64-linux-gnu/libglib-2.0.so.0.3200.4
7f04a95c4000-7f04a97c4000 ---p 000f5000 08:01 1576947                    /lib/x86_64-linux-gnu/libglib-2.0.so.0.3200.4
7f04a97c4000-7f04a97c5000 r--p 000f5000 08:01 1576947                    /lib/x86_64-linux-gnu/libglib-2.0.so.0.3200.4
7f04a97c5000-7f04a97c6000 rw-p 000f6000 08:01 1576947                    /lib/x86_64-linux-gnu/libglib-2.0.so.0.3200.4
7f04a97c6000-7f04a97c7000 rw-p 00000000 00:00 0 
7f04a97c7000-7f04a9815000 r-xp 00000000 08:01 395505                     /usr/lib/x86_64-linux-gnu/libgobject-2.0.so.0.3200.4
7f04a9815000-7f04a9a15000 ---p 0004e000 08:01 395505                     /usr/lib/x86_64-linux-gnu/libgobject-2.0.so.0.3200.4
7f04a9a15000-7f04a9a16000 r--p 0004e000 08:01 395505                     /usr/lib/x86_64-linux-gnu/libgobject-2.0.so.0.3200.4
7f04a9a16000-7f04a9a17000 rw-p 0004f000 08:01 395505                     /usr/lib/x86_64-linux-gnu/libgobject-2.0.so.0.3200.4
7f04a9a17000-7f04a9a4c000 r-xp 00000000 08:01 396445                     /usr/lib/x86_64-linux-gnu/libfontconfig.so.1.5.0
7f04a9a4c000-7f04a9c4c000 ---p 00035000 08:01 396445                     /usr/lib/x86_64-linux-gnu/libfontconfig.so.1.5.0
7f04a9c4c000-7f04a9c4d000 r--p 00035000 08:01 396445                     /usr/lib/x86_64-linux-gnu/libfontconfig.so.1.5.0
7f04a9c4d000-7f04a9c4e000 rw-p 00036000 08:01 396445                     /usr/lib/x86_64-linux-gnu/libfontconfig.so.1.5.0
7f04a9c4e000-7f04a9ce7000 r-xp 00000000 08:01 396454                     /usr/lib/x86_64-linux-gnu/libfreetype.so.6.8.1
7f04a9ce7000-7f04a9ee6000 ---p 00099000 08:01 396454                     /usr/lib/x86_64-linux-gnu/libfreetype.so.6.8.1
7f04a9ee6000-7f04a9eec000 r--p 00098000 08:01 396454                     /usr/lib/x86_64-linux-gnu/libfreetype.so.6.8.1
7f04a9eec000-7f04a9eed000 rw-p 0009e000 08:01 396454                     /usr/lib/x86_64-linux-gnu/libfreetype.so.6.8.1
7f04a9eed000-7f04a9f37000 r-xp 00000000 08:01 396797                     /usr/lib/x86_64-linux-gnu/libpango-1.0.so.0.3000.0
7f04a9f37000-7f04aa137000 ---p 0004a000 08:01 396797                     /usr/lib/x86_64-linux-gnu/libpango-1.0.so.0.3000.0
7f04aa137000-7f04aa139000 r--p 0004a000 08:01 396797                     /usr/lib/x86_64-linux-gnu/libpango-1.0.so.0.3000.0
7f04aa139000-7f04aa13a000 rw-p 0004c000 08:01 396797                     /usr/lib/x86_64-linux-gnu/libpango-1.0.so.0.3000.0
7f04aa13a000-7f04aa164000 r-xp 00000000 08:01 396801                     /usr/lib/x86_64-linux-gnu/libpangoft2-1.0.so.0.3000.0
7f04aa164000-7f04aa363000 ---p 0002a000 08:01 396801                     /usr/lib/x86_64-linux-gnu/libpangoft2-1.0.so.0.3000.0
7f04aa363000-7f04aa364000 r--p 00029000 08:01 396801                     /usr/lib/x86_64-linux-gnu/libpangoft2-1.0.so.0.3000.0
7f04aa364000-7f04aa365000 rw-p 0002a000 08:01 396801                     /usr/lib/x86_64-linux-gnu/libpangoft2-1.0.so.0.3000.0
7f04aa365000-7f04aa4b1000 r-xp 00000000 08:01 395508                     /usr/lib/x86_64-linux-gnu/libgio-2.0.so.0.3200.4
7f04aa4b1000-7f04aa6b0000 ---p 0014c000 08:01 395508                     /usr/lib/x86_64-linux-gnu/libgio-2.0.so.0.3200.4
7f04aa6b0000-7f04aa6b4000 r--p 0014b000 08:01 395508                     /usr/lib/x86_64-linux-gnu/libgio-2.0.so.0.3200.4
7f04aa6b4000-7f04aa6b6000 rw-p 0014f000 08:01 395508                     /usr/lib/x86_64-linux-gnu/libgio-2.0.so.0.3200.4
7f04aa6b6000-7f04aa6b8000 rw-p 00000000 00:00 0 
7f04aa6b8000-7f04aa6d7000 r-xp 00000000 08:01 396479                     /usr/lib/x86_64-linux-gnu/libgdk_pixbuf-2.0.so.0.2600.1
7f04aa6d7000-7f04aa8d6000 ---p 0001f000 08:01 396479                     /usr/lib/x86_64-linux-gnu/libgdk_pixbuf-2.0.so.0.2600.1
7f04aa8d6000-7f04aa8d7000 r--p 0001e000 08:01 396479                     /usr/lib/x86_64-linux-gnu/libgdk_pixbuf-2.0.so.0.2600.1
7f04aa8d7000-7f04aa8d8000 rw-p 0001f000 08:01 396479                     /usr/lib/x86_64-linux-gnu/libgdk_pixbuf-2.0.so.0.2600.1
7f04aa8d8000-7f04aa9cc000 r-xp 00000000 08:01 395541                     /usr/lib/x86_64-linux-gnu/libcairo.so.2.11200.2
7f04aa9cc000-7f04aabcb000 ---p 000f4000 08:01 395541                     /usr/lib/x86_64-linux-gnu/libcairo.so.2.11200.2
7f04aabcb000-7f04aabce000 r--p 000f3000 08:01 395541                     /usr/lib/x86_64-linux-gnu/libcairo.so.2.11200.2
7f04aabce000-7f04aabcf000 rw-p 000f6000 08:01 395541                     /usr/lib/x86_64-linux-gnu/libcairo.so.2.11200.2
7f04aabcf000-7f04aabd1000 rw-p 00000000 00:00 0 
7f04aabd1000-7f04aabf2000 r-xp 00000000 08:01 396273                     /usr/lib/x86_64-linux-gnu/libatk-1.0.so.0.20409.1
7f04aabf2000-7f04aadf1000 ---p 00021000 08:01 396273                     /usr/lib/x86_64-linux-gnu/libatk-1.0.so.0.20409.1
7f04aadf1000-7f04aadf3000 r--p 00020000 08:01 396273                     /usr/lib/x86_64-linux-gnu/libatk-1.0.so.0.20409.1
7f04aadf3000-7f04aadf4000 rw-p 00022000 08:01 396273                     /usr/lib/x86_64-linux-gnu/libatk-1.0.so.0.20409.1
7f04aadf4000-7f04aadf9000 r-xp 00000000 08:01 395616                     /usr/lib/x86_64-linux-gnu/libXfixes.so.3.1.0
7f04aadf9000-7f04aaff8000 ---p 00005000 08:01 395616                     /usr/lib/x86_64-linux-gnu/libXfixes.so.3.1.0
7f04aaff8000-7f04aaff9000 r--p 00004000 08:01 395616                     /usr/lib/x86_64-linux-gnu/libXfixes.so.3.1.0
7f04aaff9000-7f04aaffa000 rw-p 00005000 08:01 395616                     /usr/lib/x86_64-linux-gnu/libXfixes.so.3.1.0
7f04aaffa000-7f04aaffc000 r-xp 00000000 08:01 396218                     /usr/lib/x86_64-linux-gnu/libXdamage.so.1.1.0
7f04aaffc000-7f04ab1fb000 ---p 00002000 08:01 396218                     /usr/lib/x86_64-linux-gnu/libXdamage.so.1.1.0
7f04ab1fb000-7f04ab1fc000 rw-p 00001000 08:01 396218                     /usr/lib/x86_64-linux-gnu/libXdamage.so.1.1.0
7f04ab1fc000-7f04ab1fe000 r-xp 00000000 08:01 396214                     /usr/lib/x86_64-linux-gnu/libXcomposite.so.1.0.0
7f04ab1fe000-7f04ab3fd000 ---p 00002000 08:01 396214                     /usr/lib/x86_64-linux-gnu/libXcomposite.so.1.0.0
7f04ab3fd000-7f04ab3fe000 rw-p 00001000 08:01 396214                     /usr/lib/x86_64-linux-gnu/libXcomposite.so.1.0.0
7f04ab3fe000-7f04ab533000 r-xp 00000000 08:01 397082                     /usr/lib/x86_64-linux-gnu/libX11.so.6.3.0
7f04ab533000-7f04ab733000 ---p 00135000 08:01 397082                     /usr/lib/x86_64-linux-gnu/libX11.so.6.3.0
7f04ab733000-7f04ab739000 rw-p 00135000 08:01 397082                     /usr/lib/x86_64-linux-gnu/libX11.so.6.3.0
7f04ab739000-7f04ab745000 r-xp 00000000 08:01 396799                     /usr/lib/x86_64-linux-gnu/libpangocairo-1.0.so.0.3000.0
7f04ab745000-7f04ab944000 ---p 0000c000 08:01 396799                     /usr/lib/x86_64-linux-gnu/libpangocairo-1.0.so.0.3000.0
7f04ab944000-7f04ab945000 r--p 0000b000 08:01 396799                     /usr/lib/x86_64-linux-gnu/libpangocairo-1.0.so.0.3000.0
7f04ab945000-7f04ab946000 rw-p 0000c000 08:01 396799                     /usr/lib/x86_64-linux-gnu/libpangocairo-1.0.so.0.3000.0
7f04ab946000-7f04ab9f5000 r-xp 00000000 08:01 397614                     /usr/lib/x86_64-linux-gnu/libgdk-x11-2.0.so.0.2400.10
7f04ab9f5000-7f04abbf4000 ---p 000af000 08:01 397614                     /usr/lib/x86_64-linux-gnu/libgdk-x11-2.0.so.0.2400.10
7f04abbf4000-7f04abbf9000 rw-p 000ae000 08:01 397614                     /usr/lib/x86_64-linux-gnu/libgdk-x11-2.0.so.0.2400.10
7f04abbf9000-7f04abbfe000 r-xp 00000000 08:01 408306                     /usr/lib/x86_64-linux-gnu/libXtst.so.6.1.0
7f04abbfe000-7f04abdfd000 ---p 00005000 08:01 408306                     /usr/lib/x86_64-linux-gnu/libXtst.so.6.1.0
7f04abdfd000-7f04abdfe000 rw-p 00004000 08:01 408306                     /usr/lib/x86_64-linux-gnu/libXtst.so.6.1.0
7f04abdfe000-7f04abdff000 r-xp 00000000 08:01 395506                     /usr/lib/x86_64-linux-gnu/libgthread-2.0.so.0.3200.4
7f04abdff000-7f04abffe000 ---p 00001000 08:01 395506                     /usr/lib/x86_64-linux-gnu/libgthread-2.0.so.0.3200.4
7f04abffe000-7f04abfff000 r--p 00000000 08:01 395506                     /usr/lib/x86_64-linux-gnu/libgthread-2.0.so.0.3200.4
7f04abfff000-7f04ac000000 rw-p 00001000 08:01 395506                     /usr/lib/x86_64-linux-gnu/libgthread-2.0.so.0.3200.4
7f04ac000000-7f04ac74e000 rw-p 00000000 00:00 0 
7f04ac74e000-7f04b0000000 ---p 00000000 00:00 0 
7f04b0006000-7f04b0007000 rw-p 00000000 00:00 0 
7f04b0007000-7f04b000f000 rw-p 00000000 00:00 0 
7f04b000f000-7f04b008b000 rw-p 00000000 00:00 0 
7f04b008b000-7f04b0099000 r--p 00000000 08:01 654372                     /usr/share/glib-2.0/schemas/gschemas.compiled
7f04b0099000-7f04b00bc000 r--p 00000000 08:01 658867                     /usr/share/fonts/truetype/msttcorefonts/Verdana.ttf
7f04b00bc000-7f04b00bd000 r--s 00000000 08:01 1570669                    /var/cache/fontconfig/c05880de57d1f5e948fdfacc138775d9-le64.cache-3
7f04b00bd000-7f04b00c6000 r--s 00000000 08:01 1570667                    /var/cache/fontconfig/945677eb7aeaf62f1d50efc3fb3ec7d8-le64.cache-3
7f04b00c6000-7f04b00cb000 r--s 00000000 08:01 1570666                    /var/cache/fontconfig/6eb3985aa4124903f6ff08ba781cd364-le64.cache-3
7f04b00cb000-7f04b00d4000 r--s 00000000 08:01 1577335                    /var/cache/fontconfig/6d41288fd70b0be22e8c3a91e032eec0-le64.cache-3
7f04b00d4000-7f04b00d5000 r--s 00000000 08:01 1575370                    /var/cache/fontconfig/4794a0821666d79190d59a36cb4f44b5-le64.cache-3
7f04b00d5000-7f04b0103000 r--s 00000000 08:01 1570673                    /var/cache/fontconfig/365b55f210c0a22e9a19e35191240f32-le64.cache-3
7f04b0103000-7f04b0106000 r--s 00000000 08:01 1570677                    /var/cache/fontconfig/c57959a16110560c8d0fcea73374aeeb-le64.cache-3
7f04b0106000-7f04b010b000 r--s 00000000 08:01 1576461                    /var/cache/fontconfig/3047814df9a2f067bd2d96a2b9c36e5a-le64.cache-3
7f04b010b000-7f04b010e000 r--s 00000000 08:01 1577327                    /var/cache/fontconfig/e49e89034d371f0f9de17aab02136486-le64.cache-3
7f04b010e000-7f04b0110000 r--s 00000000 08:01 1576458                    /var/cache/fontconfig/4b14b093aebc79c320de5e86ae1d3314-le64.cache-3
7f04b0110000-7f04b0121000 r--s 00000000 08:01 1570662                    /var/cache/fontconfig/d52a8644073d54c13679302ca1180695-le64.cache-3
7f04b0121000-7f04b0128000 r--s 00000000 08:01 1570659                    /var/cache/fontconfig/3f7329c5293ffd510edef78f73874cfd-le64.cache-3
7f04b0128000-7f04b0132000 r--s 00000000 08:01 1577321                    /var/cache/fontconfig/83bf95040141907cd45bb53cf7c1c148-le64.cache-3
7f04b0132000-7f04b013d000 r--s 00000000 08:01 1578243                    /var/cache/fontconfig/e13b20fdb08344e0e664864cc2ede53d-le64.cache-3
7f04b013d000-7f04b056f000 r-xp 00000000 08:01 397597                     /usr/lib/x86_64-linux-gnu/libgtk-x11-2.0.so.0.2400.10
7f04b056f000-7f04b076f000 ---p 00432000 08:01 397597                     /usr/lib/x86_64-linux-gnu/libgtk-x11-2.0.so.0.2400.10
7f04b076f000-7f04b077a000 rw-p 00432000 08:01 397597                     /usr/lib/x86_64-linux-gnu/libgtk-x11-2.0.so.0.2400.10
7f04b077a000-7f04b077c000 rw-p 00000000 00:00 0 
7f04b0781000-7f04b0799000 rw-p 00000000 00:00 0 
7f04b0799000-7f04b080b000 r-xp 00000000 08:06 6948007                    /home/rbtucker/.swt/lib/linux/x86_64/libswt-pi-gtk-4332.so
7f04b080b000-7f04b0a0b000 ---p 00072000 08:06 6948007                    /home/rbtucker/.swt/lib/linux/x86_64/libswt-pi-gtk-4332.so
7f04b0a0b000-7f04b0a0d000 rw-p 00072000 08:06 6948007                    /home/rbtucker/.swt/lib/linux/x86_64/libswt-pi-gtk-4332.so
7f04b0a0d000-7f04b0a10000 rw-p 00000000 00:00 0 
7f04b0a10000-7f04b0a8e000 r-xp 00000000 08:06 6948003                    /home/rbtucker/.swt/lib/linux/x86_64/libswt-gtk-4332.so
7f04b0a8e000-7f04b0c8d000 ---p 0007e000 08:06 6948003                    /home/rbtucker/.swt/lib/linux/x86_64/libswt-gtk-4332.so
7f04b0c8d000-7f04b0c95000 rw-p 0007d000 08:06 6948003                    /home/rbtucker/.swt/lib/linux/x86_64/libswt-gtk-4332.so
7f04b0c95000-7f04b0c97000 rw-p 00000000 00:00 0 
7f04b0c98000-7f04b0d98000 rw-p 00000000 00:00 0 
7f04b0d98000-7f04b0dae000 r-xp 00000000 08:01 1180724                    /usr/lib/jvm/java-8-oracle/jre/lib/amd64/libnet.so
7f04b0dae000-7f04b0fad000 ---p 00016000 08:01 1180724                    /usr/lib/jvm/java-8-oracle/jre/lib/amd64/libnet.so
7f04b0fad000-7f04b0fae000 rw-p 00015000 08:01 1180724                    /usr/lib/jvm/java-8-oracle/jre/lib/amd64/libnet.so
7f04b0fae000-7f04b0fc4000 r--s 001b5000 08:06 8257750                    /home/rbtucker/.m2/repository/org/eclipse/swt/org/eclipse/swt/gtk/linux/x86_64/4/3/swt/org.eclipse.swt.gtk.linux.x86_64/4.3/org.eclipse.swt.gtk.linux.x86_64-4.3.jar
7f04b0fc4000-7f04b0fd3000 r--s 00079000 08:06 9322792                    /home/rbtucker/.m2/repository/chrriis/djnativeswingswt/1.0.3/djnativeswingswt-1.0.3.jar
7f04b0fd3000-7f04b0fd6000 r--s 00019000 08:06 9322744                    /home/rbtucker/.m2/repository/chrriis/djnativeswing/1.0.3/djnativeswing-1.0.3.jar
7f04b0fd6000-7f04b0fd7000 ---p 00000000 00:00 0 
7f04b0fd7000-7f04b10d7000 rw-p 00000000 00:00 0 
7f04b10d7000-7f04b10da000 ---p 00000000 00:00 0 
7f04b10da000-7f04b11d8000 rw-p 00000000 00:00 0 
7f04b11d8000-7f04b11db000 ---p 00000000 00:00 0 
7f04b11db000-7f04b12d9000 rw-p 00000000 00:00 0 
7f04b12d9000-7f04b12dc000 ---p 00000000 00:00 0 
7f04b12dc000-7f04b13da000 rw-p 00000000 00:00 0 
7f04b13da000-7f04b13dd000 ---p 00000000 00:00 0 
7f04b13dd000-7f04b14db000 rw-p 00000000 00:00 0 
7f04b14db000-7f04b14de000 ---p 00000000 00:00 0 
7f04b14de000-7f04b15dc000 rw-p 00000000 00:00 0 
7f04b15dc000-7f04b1753000 r--p 00000000 08:01 266555                     /usr/lib/locale/locale-archive
7f04b1753000-7f04b1756000 ---p 00000000 00:00 0 
7f04b1756000-7f04b1854000 rw-p 00000000 00:00 0 
7f04b1854000-7f04b1857000 ---p 00000000 00:00 0 
7f04b1857000-7f04b1955000 rw-p 00000000 00:00 0 
7f04b1955000-7f04b1956000 ---p 00000000 00:00 0 
7f04b1956000-7f04b2a59000 rw-p 00000000 00:00 0 
7f04b2a59000-7f04b2c2d000 r--s 03c50000 08:01 272153                     /usr/lib/jvm/java-8-oracle/jre/lib/rt.jar
7f04b2c2d000-7f04b3363000 rw-p 00000000 00:00 0 
7f04b3363000-7f04b34a3000 ---p 00000000 00:00 0 
7f04b34a3000-7f04bb9b7000 rw-p 00000000 00:00 0 
7f04bb9b7000-7f04bb9b8000 ---p 00000000 00:00 0 
7f04bb9b8000-7f04bbab8000 rw-p 00000000 00:00 0 
7f04bbab8000-7f04bbab9000 ---p 00000000 00:00 0 
7f04bbab9000-7f04bbbb9000 rw-p 00000000 00:00 0 
7f04bbbb9000-7f04bbbba000 ---p 00000000 00:00 0 
7f04bbbba000-7f04bbcba000 rw-p 00000000 00:00 0 
7f04bbcba000-7f04bbcbb000 ---p 00000000 00:00 0 
7f04bbcbb000-7f04bbe39000 rw-p 00000000 00:00 0 
7f04bbe39000-7f04bc2f3000 ---p 00000000 00:00 0 
7f04bc2f3000-7f04bc371000 rw-p 00000000 00:00 0 
7f04bc371000-7f04bc82b000 ---p 00000000 00:00 0 
7f04bc82b000-7f04bc831000 rw-p 00000000 00:00 0 
7f04bc831000-7f04bcac7000 ---p 00000000 00:00 0 
7f04bcac7000-7f04bcad4000 rw-p 00000000 00:00 0 
7f04bcad4000-7f04bce88000 ---p 00000000 00:00 0 
7f04bce88000-7f04bd178000 rwxp 00000000 00:00 0 
7f04bd178000-7f04cbe88000 ---p 00000000 00:00 0 
7f04cbe88000-7f04cbea4000 r-xp 00000000 08:01 1180727                    /usr/lib/jvm/java-8-oracle/jre/lib/amd64/libzip.so
7f04cbea4000-7f04cc0a3000 ---p 0001c000 08:01 1180727                    /usr/lib/jvm/java-8-oracle/jre/lib/amd64/libzip.so
7f04cc0a3000-7f04cc0a4000 rw-p 0001b000 08:01 1180727                    /usr/lib/jvm/java-8-oracle/jre/lib/amd64/libzip.so
7f04cc0a4000-7f04cc0af000 r-xp 00000000 08:01 1584804                    /lib/x86_64-linux-gnu/libnss_files-2.13.so
7f04cc0af000-7f04cc2ae000 ---p 0000b000 08:01 1584804                    /lib/x86_64-linux-gnu/libnss_files-2.13.so
7f04cc2ae000-7f04cc2af000 r--p 0000a000 08:01 1584804                    /lib/x86_64-linux-gnu/libnss_files-2.13.so
7f04cc2af000-7f04cc2b0000 rw-p 0000b000 08:01 1584804                    /lib/x86_64-linux-gnu/libnss_files-2.13.so
7f04cc2b0000-7f04cc2ba000 r-xp 00000000 08:01 1584800                    /lib/x86_64-linux-gnu/libnss_nis-2.13.so
7f04cc2ba000-7f04cc4b9000 ---p 0000a000 08:01 1584800                    /lib/x86_64-linux-gnu/libnss_nis-2.13.so
7f04cc4b9000-7f04cc4ba000 r--p 00009000 08:01 1584800                    /lib/x86_64-linux-gnu/libnss_nis-2.13.so
7f04cc4ba000-7f04cc4bb000 rw-p 0000a000 08:01 1584800                    /lib/x86_64-linux-gnu/libnss_nis-2.13.so
7f04cc4bb000-7f04cc4d0000 r-xp 00000000 08:01 1584798                    /lib/x86_64-linux-gnu/libnsl-2.13.so
7f04cc4d0000-7f04cc6cf000 ---p 00015000 08:01 1584798                    /lib/x86_64-linux-gnu/libnsl-2.13.so
7f04cc6cf000-7f04cc6d0000 r--p 00014000 08:01 1584798                    /lib/x86_64-linux-gnu/libnsl-2.13.so
7f04cc6d0000-7f04cc6d1000 rw-p 00015000 08:01 1584798                    /lib/x86_64-linux-gnu/libnsl-2.13.so
7f04cc6d1000-7f04cc6d3000 rw-p 00000000 00:00 0 
7f04cc6d3000-7f04cc6da000 r-xp 00000000 08:01 1584792                    /lib/x86_64-linux-gnu/libnss_compat-2.13.so
7f04cc6da000-7f04cc8d9000 ---p 00007000 08:01 1584792                    /lib/x86_64-linux-gnu/libnss_compat-2.13.so
7f04cc8d9000-7f04cc8da000 r--p 00006000 08:01 1584792                    /lib/x86_64-linux-gnu/libnss_compat-2.13.so
7f04cc8da000-7f04cc8db000 rw-p 00007000 08:01 1584792                    /lib/x86_64-linux-gnu/libnss_compat-2.13.so
7f04cc8db000-7f04cc905000 r-xp 00000000 08:01 1180723                    /usr/lib/jvm/java-8-oracle/jre/lib/amd64/libjava.so
7f04cc905000-7f04ccb05000 ---p 0002a000 08:01 1180723                    /usr/lib/jvm/java-8-oracle/jre/lib/amd64/libjava.so
7f04ccb05000-7f04ccb07000 rw-p 0002a000 08:01 1180723                    /usr/lib/jvm/java-8-oracle/jre/lib/amd64/libjava.so
7f04ccb07000-7f04ccb14000 r-xp 00000000 08:01 1180728                    /usr/lib/jvm/java-8-oracle/jre/lib/amd64/libverify.so
7f04ccb14000-7f04ccd14000 ---p 0000d000 08:01 1180728                    /usr/lib/jvm/java-8-oracle/jre/lib/amd64/libverify.so
7f04ccd14000-7f04ccd16000 rw-p 0000d000 08:01 1180728                    /usr/lib/jvm/java-8-oracle/jre/lib/amd64/libverify.so
7f04ccd16000-7f04ccd1d000 r-xp 00000000 08:01 1584808                    /lib/x86_64-linux-gnu/librt-2.13.so
7f04ccd1d000-7f04ccf1c000 ---p 00007000 08:01 1584808                    /lib/x86_64-linux-gnu/librt-2.13.so
7f04ccf1c000-7f04ccf1d000 r--p 00006000 08:01 1584808                    /lib/x86_64-linux-gnu/librt-2.13.so
7f04ccf1d000-7f04ccf1e000 rw-p 00007000 08:01 1584808                    /lib/x86_64-linux-gnu/librt-2.13.so
7f04ccf1e000-7f04ccf9f000 r-xp 00000000 08:01 1584795                    /lib/x86_64-linux-gnu/libm-2.13.so
7f04ccf9f000-7f04cd19e000 ---p 00081000 08:01 1584795                    /lib/x86_64-linux-gnu/libm-2.13.so
7f04cd19e000-7f04cd19f000 r--p 00080000 08:01 1584795                    /lib/x86_64-linux-gnu/libm-2.13.so
7f04cd19f000-7f04cd1a0000 rw-p 00081000 08:01 1584795                    /lib/x86_64-linux-gnu/libm-2.13.so
7f04cd1a0000-7f04cddba000 r-xp 00000000 08:01 1180718                    /usr/lib/jvm/java-8-oracle/jre/lib/amd64/server/libjvm.so
7f04cddba000-7f04cdfba000 ---p 00c1a000 08:01 1180718                    /usr/lib/jvm/java-8-oracle/jre/lib/amd64/server/libjvm.so
7f04cdfba000-7f04ce083000 rw-p 00c1a000 08:01 1180718                    /usr/lib/jvm/java-8-oracle/jre/lib/amd64/server/libjvm.so
7f04ce083000-7f04ce0c4000 rw-p 00000000 00:00 0 
7f04ce0c4000-7f04ce246000 r-xp 00000000 08:01 1584735                    /lib/x86_64-linux-gnu/libc-2.13.so
7f04ce246000-7f04ce445000 ---p 00182000 08:01 1584735                    /lib/x86_64-linux-gnu/libc-2.13.so
7f04ce445000-7f04ce449000 r--p 00181000 08:01 1584735                    /lib/x86_64-linux-gnu/libc-2.13.so
7f04ce449000-7f04ce44a000 rw-p 00185000 08:01 1584735                    /lib/x86_64-linux-gnu/libc-2.13.so
7f04ce44a000-7f04ce44f000 rw-p 00000000 00:00 0 
7f04ce44f000-7f04ce451000 r-xp 00000000 08:01 1584802                    /lib/x86_64-linux-gnu/libdl-2.13.so
7f04ce451000-7f04ce651000 ---p 00002000 08:01 1584802                    /lib/x86_64-linux-gnu/libdl-2.13.so
7f04ce651000-7f04ce652000 r--p 00002000 08:01 1584802                    /lib/x86_64-linux-gnu/libdl-2.13.so
7f04ce652000-7f04ce653000 rw-p 00003000 08:01 1584802                    /lib/x86_64-linux-gnu/libdl-2.13.so
7f04ce653000-7f04ce66a000 r-xp 00000000 08:01 1180712                    /usr/lib/jvm/java-8-oracle/jre/lib/amd64/jli/libjli.so
7f04ce66a000-7f04ce869000 ---p 00017000 08:01 1180712                    /usr/lib/jvm/java-8-oracle/jre/lib/amd64/jli/libjli.so
7f04ce869000-7f04ce86a000 rw-p 00016000 08:01 1180712                    /usr/lib/jvm/java-8-oracle/jre/lib/amd64/jli/libjli.so
7f04ce86a000-7f04ce881000 r-xp 00000000 08:01 1584806                    /lib/x86_64-linux-gnu/libpthread-2.13.so
7f04ce881000-7f04cea80000 ---p 00017000 08:01 1584806                    /lib/x86_64-linux-gnu/libpthread-2.13.so
7f04cea80000-7f04cea81000 r--p 00016000 08:01 1584806                    /lib/x86_64-linux-gnu/libpthread-2.13.so
7f04cea81000-7f04cea82000 rw-p 00017000 08:01 1584806                    /lib/x86_64-linux-gnu/libpthread-2.13.so
7f04cea82000-7f04cea86000 rw-p 00000000 00:00 0 
7f04cea86000-7f04ceaa6000 r-xp 00000000 08:01 1584810                    /lib/x86_64-linux-gnu/ld-2.13.so
7f04ceaa7000-7f04ceb81000 rw-p 00000000 00:00 0 
7f04ceb81000-7f04ceb84000 ---p 00000000 00:00 0 
7f04ceb84000-7f04cec86000 rw-p 00000000 00:00 0 
7f04cec87000-7f04cec89000 rw-p 00000000 00:00 0 
7f04cec89000-7f04cec8b000 r--p 00000000 08:06 6563028                    /home/rbtucker/.config/dconf/user
7f04cec8b000-7f04cec8c000 r--s 00000000 08:06 6553841                    /home/rbtucker/.cache/dconf/user
7f04cec8c000-7f04cec94000 rw-p 00000000 00:00 0 
7f04cec94000-7f04cec99000 r--s 00092000 08:01 272151                     /usr/lib/jvm/java-8-oracle/jre/lib/jsse.jar
7f04cec99000-7f04ceca1000 rw-s 00000000 08:01 130862                     /tmp/hsperfdata_rbtucker/8165 (deleted)
7f04ceca1000-7f04ceca2000 rw-p 00000000 00:00 0 
7f04ceca2000-7f04ceca3000 ---p 00000000 00:00 0 
7f04ceca3000-7f04ceca5000 rw-p 00000000 00:00 0 
7f04ceca5000-7f04ceca6000 r--p 0001f000 08:01 1584810                    /lib/x86_64-linux-gnu/ld-2.13.so
7f04ceca6000-7f04ceca7000 rw-p 00020000 08:01 1584810                    /lib/x86_64-linux-gnu/ld-2.13.so
7f04ceca7000-7f04ceca8000 rw-p 00000000 00:00 0 
7fffac472000-7fffac493000 rw-p 00000000 00:00 0                          [stack]
7fffac5ff000-7fffac600000 r-xp 00000000 00:00 0                          [vdso]
ffffffffff600000-ffffffffff601000 r-xp 00000000 00:00 0                  [vsyscall]

VM Arguments:
jvm_args: -Djava.library.path=/usr/lib/jvm/java-8-oracle/jre/lib/amd64:/usr/lib/jvm/java-8-oracle/jre/lib/i386::/usr/java/packages/lib/amd64:/usr/lib64:/lib64:/lib:/usr/lib -Dnativeswing.localhostAddress=127.0.0.1 
java_command: chrriis.dj.nativeswing.swtimpl.NativeInterface 1 36794
java_class_path (initial): /home/rbtucker/.m2/repository/chrriis/djnativeswing/1.0.3/djnativeswing-1.0.3.jar:/home/rbtucker/.m2/repository/chrriis/djnativeswingswt/1.0.3/djnativeswingswt-1.0.3.jar:/home/rbtucker/.m2/repository/org/eclipse/swt/org/eclipse/swt/gtk/linux/x86_64/4/3/swt/org.eclipse.swt.gtk.linux.x86_64/4.3/org.eclipse.swt.gtk.linux.x86_64-4.3.jar
Launcher Type: SUN_STANDARD

Environment Variables:
JAVA_HOME=/usr/lib/jvm/java-8-oracle
PATH=/home/rbtucker/bin:/usr/sbin:/sbin:/usr/local/bin:/usr/bin:/bin:/usr/local/games:/usr/games
LD_LIBRARY_PATH=/usr/lib/jvm/java-8-oracle/jre/lib/amd64:/usr/lib/jvm/java-8-oracle/jre/lib/i386:
SHELL=/bin/bash
DISPLAY=:0.0

Signal Handlers:
SIGSEGV: [libjvm.so+0xa2fde0], sa_mask[0]=0x7ffbfeff, sa_flags=0x10000004
SIGBUS: [libjvm.so+0xa2fde0], sa_mask[0]=0x7ffbfeff, sa_flags=0x10000004
SIGFPE: [libjvm.so+0x89b420], sa_mask[0]=0x7ffbfeff, sa_flags=0x10000004
SIGPIPE: SIG_IGN, sa_mask[0]=0x00001000, sa_flags=0x10000000
SIGXFSZ: [libjvm.so+0x89b420], sa_mask[0]=0x7ffbfeff, sa_flags=0x10000004
SIGILL: [libjvm.so+0x89b420], sa_mask[0]=0x7ffbfeff, sa_flags=0x10000004
SIGUSR1: SIG_DFL, sa_mask[0]=0x00000000, sa_flags=0x00000000
SIGUSR2: [libjvm.so+0x89cbc0], sa_mask[0]=0x00000004, sa_flags=0x10000004
SIGHUP: [libjvm.so+0x89de70], sa_mask[0]=0x7ffbfeff, sa_flags=0x10000004
SIGINT: SIG_IGN, sa_mask[0]=0x00000000, sa_flags=0x00000000
SIGTERM: [libjvm.so+0x89de70], sa_mask[0]=0x7ffbfeff, sa_flags=0x10000004
SIGQUIT: [libjvm.so+0x89de70], sa_mask[0]=0x7ffbfeff, sa_flags=0x10000004


---------------  S Y S T E M  ---------------

OS:PRETTY_NAME="Debian GNU/Linux 7 (wheezy)"
NAME="Debian GNU/Linux"
VERSION_ID="7"
VERSION="7 (wheezy)"
ID=debian
ANSI_COLOR="1;31"
HOME_URL="http://www.debian.org/"
SUPPORT_URL="http://www.debian.org/support/"
BUG_REPORT_URL="http://bugs.debian.org/"

uname:Linux 3.2.0-4-amd64 #1 SMP Debian 3.2.60-1+deb7u1 x86_64
libc:glibc 2.13 NPTL 2.13 
rlimit: STACK 8192k, CORE 0k, NPROC 128125, NOFILE 4096, AS infinity
load average:0.33 0.29 0.38

/proc/meminfo:
MemTotal:       16412556 kB
MemFree:        10793192 kB
Buffers:          145336 kB
Cached:          2885252 kB
SwapCached:            0 kB
Active:          3732968 kB
Inactive:        1672716 kB
Active(anon):    2608352 kB
Inactive(anon):   411476 kB
Active(file):    1124616 kB
Inactive(file):  1261240 kB
Unevictable:          48 kB
Mlocked:              48 kB
SwapTotal:      19786748 kB
SwapFree:       19786748 kB
Dirty:                80 kB
Writeback:             0 kB
AnonPages:       2375456 kB
Mapped:           335120 kB
Shmem:            644740 kB
Slab:              98808 kB
SReclaimable:      67092 kB
SUnreclaim:        31716 kB
KernelStack:        4704 kB
PageTables:        39236 kB
NFS_Unstable:          0 kB
Bounce:                0 kB
WritebackTmp:          0 kB
CommitLimit:    27993024 kB
Committed_AS:    6083608 kB
VmallocTotal:   34359738367 kB
VmallocUsed:      146200 kB
VmallocChunk:   34359591471 kB
HardwareCorrupted:     0 kB
AnonHugePages:         0 kB
HugePages_Total:       0
HugePages_Free:        0
HugePages_Rsvd:        0
HugePages_Surp:        0
Hugepagesize:       2048 kB
DirectMap4k:      102400 kB
DirectMap2M:    16633856 kB


CPU:total 4 (2 cores per cpu, 2 threads per core) family 6 model 58 stepping 9, cmov, cx8, fxsr, mmx, sse, sse2, sse3, ssse3, sse4.1, sse4.2, popcnt, avx, aes, clmul, erms, ht, tsc, tscinvbit

/proc/cpuinfo:
processor	: 0
vendor_id	: GenuineIntel
cpu family	: 6
model		: 58
model name	: Intel(R) Core(TM) i7-3520M CPU @ 2.90GHz
stepping	: 9
microcode	: 0x19
cpu MHz		: 2901.000
cache size	: 4096 KB
physical id	: 0
siblings	: 4
core id		: 0
cpu cores	: 2
apicid		: 0
initial apicid	: 0
fpu		: yes
fpu_exception	: yes
cpuid level	: 13
wp		: yes
flags		: fpu vme de pse tsc msr pae mce cx8 apic sep mtrr pge mca cmov pat pse36 clflush dts acpi mmx fxsr sse sse2 ss ht tm pbe syscall nx rdtscp lm constant_tsc arch_perfmon pebs bts rep_good nopl xtopology nonstop_tsc aperfmperf pni pclmulqdq dtes64 monitor ds_cpl vmx smx est tm2 ssse3 cx16 xtpr pdcm pcid sse4_1 sse4_2 x2apic popcnt tsc_deadline_timer aes xsave avx f16c rdrand lahf_lm ida arat epb xsaveopt pln pts dtherm tpr_shadow vnmi flexpriority ept vpid fsgsbase smep erms
bogomips	: 5781.24
clflush size	: 64
cache_alignment	: 64
address sizes	: 36 bits physical, 48 bits virtual
power management:

processor	: 1
vendor_id	: GenuineIntel
cpu family	: 6
model		: 58
model name	: Intel(R) Core(TM) i7-3520M CPU @ 2.90GHz
stepping	: 9
microcode	: 0x19
cpu MHz		: 1600.000
cache size	: 4096 KB
physical id	: 0
siblings	: 4
core id		: 1
cpu cores	: 2
apicid		: 2
initial apicid	: 2
fpu		: yes
fpu_exception	: yes
cpuid level	: 13
wp		: yes
flags		: fpu vme de pse tsc msr pae mce cx8 apic sep mtrr pge mca cmov pat pse36 clflush dts acpi mmx fxsr sse sse2 ss ht tm pbe syscall nx rdtscp lm constant_tsc arch_perfmon pebs bts rep_good nopl xtopology nonstop_tsc aperfmperf pni pclmulqdq dtes64 monitor ds_cpl vmx smx est tm2 ssse3 cx16 xtpr pdcm pcid sse4_1 sse4_2 x2apic popcnt tsc_deadline_timer aes xsave avx f16c rdrand lahf_lm ida arat epb xsaveopt pln pts dtherm tpr_shadow vnmi flexpriority ept vpid fsgsbase smep erms
bogomips	: 5781.02
clflush size	: 64
cache_alignment	: 64
address sizes	: 36 bits physical, 48 bits virtual
power management:

processor	: 2
vendor_id	: GenuineIntel
cpu family	: 6
model		: 58
model name	: Intel(R) Core(TM) i7-3520M CPU @ 2.90GHz
stepping	: 9
microcode	: 0x19
cpu MHz		: 1600.000
cache size	: 4096 KB
physical id	: 0
siblings	: 4
core id		: 0
cpu cores	: 2
apicid		: 1
initial apicid	: 1
fpu		: yes
fpu_exception	: yes
cpuid level	: 13
wp		: yes
flags		: fpu vme de pse tsc msr pae mce cx8 apic sep mtrr pge mca cmov pat pse36 clflush dts acpi mmx fxsr sse sse2 ss ht tm pbe syscall nx rdtscp lm constant_tsc arch_perfmon pebs bts rep_good nopl xtopology nonstop_tsc aperfmperf pni pclmulqdq dtes64 monitor ds_cpl vmx smx est tm2 ssse3 cx16 xtpr pdcm pcid sse4_1 sse4_2 x2apic popcnt tsc_deadline_timer aes xsave avx f16c rdrand lahf_lm ida arat epb xsaveopt pln pts dtherm tpr_shadow vnmi flexpriority ept vpid fsgsbase smep erms
bogomips	: 5781.01
clflush size	: 64
cache_alignment	: 64
address sizes	: 36 bits physical, 48 bits virtual
power management:

processor	: 3
vendor_id	: GenuineIntel
cpu family	: 6
model		: 58
model name	: Intel(R) Core(TM) i7-3520M CPU @ 2.90GHz
stepping	: 9
microcode	: 0x19
cpu MHz		: 1900.000
cache size	: 4096 KB
physical id	: 0
siblings	: 4
core id		: 1
cpu cores	: 2
apicid		: 3
initial apicid	: 3
fpu		: yes
fpu_exception	: yes
cpuid level	: 13
wp		: yes
flags		: fpu vme de pse tsc msr pae mce cx8 apic sep mtrr pge mca cmov pat pse36 clflush dts acpi mmx fxsr sse sse2 ss ht tm pbe syscall nx rdtscp lm constant_tsc arch_perfmon pebs bts rep_good nopl xtopology nonstop_tsc aperfmperf pni pclmulqdq dtes64 monitor ds_cpl vmx smx est tm2 ssse3 cx16 xtpr pdcm pcid sse4_1 sse4_2 x2apic popcnt tsc_deadline_timer aes xsave avx f16c rdrand lahf_lm ida arat epb xsaveopt pln pts dtherm tpr_shadow vnmi flexpriority ept vpid fsgsbase smep erms
bogomips	: 5781.02
clflush size	: 64
cache_alignment	: 64
address sizes	: 36 bits physical, 48 bits virtual
power management:



Memory: 4k page, physical 16412556k(10792944k free), swap 19786748k(19786748k free)

vm_info: Java HotSpot(TM) 64-Bit Server VM (25.11-b03) for linux-amd64 JRE (1.8.0_11-b12), built on Jun 16 2014 17:29:59 by "java_re" with gcc 4.3.0 20080428 (Red Hat 4.3.0-8)

time: Wed Dec  3 08:33:39 2014
elapsed time: 1537 seconds

