#
# A fatal error has been detected by the Java Runtime Environment:
#
#  SIGSEGV (0xb) at pc=0x00007f3fefefced4, pid=27620, tid=139912810338048
#
# JRE version: 7.0_07-b10
# Java VM: Java HotSpot(TM) 64-Bit Server VM (23.3-b01 mixed mode linux-amd64 compressed oops)
# Problematic frame:
# C  [libjavascriptcoregtk-1.0.so.0+0x2f7ed4]  WTF::StringImpl::~StringImpl()+0x134
#
# Failed to write core dump. Core dumps have been disabled. To enable core dumping, try "ulimit -c unlimited" before starting Java again
#
# If you would like to submit a bug report, please visit:
#   http://bugreport.sun.com/bugreport/crash.jsp
#

---------------  T H R E A D  ---------------

Current thread (0x0000000000d7d800):  VMThread [stack: 0x00007f3ffd4c1000,0x00007f3ffd5c2000] [id=27629]

siginfo:si_signo=SIGSEGV: si_errno=0, si_code=1 (SEGV_MAPERR), si_addr=0x00000000bbadbeef

Registers:
RAX=0x0000000000000000, RBX=0x00007f3fa44a1b28, RCX=0x0000000000020a10, RDX=0x00007f400ecb1eb8
RSP=0x00007f3ffd5c0b10, RBP=0x00007f3fa4eb0a20, RSI=0x0000000000000000, RDI=0x00007f400ecb1e60
R8 =0x00007f3ffd5c1700, R9 =0x2e6f732e6362696c, R10=0x0000000000000000, R11=0x00007f3fefed7850
R12=0x0000000000000000, R13=0x00007f3fa44f4400, R14=0x00007f3fa4f5f000, R15=0x0000000000d0c890
RIP=0x00007f3fefefced4, EFLAGS=0x0000000000010246, CSGSFS=0x0000000000000033, ERR=0x0000000000000006
  TRAPNO=0x000000000000000e

Top of Stack: (sp=0x00007f3ffd5c0b10)
0x00007f3ffd5c0b10:   00007f3fa44f4410 00007f3fa44a1b28
0x00007f3ffd5c0b20:   00007f3fa44f4800 00007f3fa44f4400
0x00007f3ffd5c0b30:   00007f3fa4f5f000 00007f3ff096b812
0x00007f3ffd5c0b40:   0000000000000029 00007f3fa1dc1870
0x00007f3ffd5c0b50:   00007f3fa4dcd9a8 00007f3fa4db1440
0x00007f3ffd5c0b60:   00007f3fa4f5f400 00007f3ff096b226
0x00007f3ffd5c0b70:   00007f3fa1dc1870 00007f3fa1dc1870
0x00007f3ffd5c0b80:   00007f3fa4f5f3f0 00007f3ff096b359
0x00007f3ffd5c0b90:   00007f3fa1dc1870 00007f3ff080130e
0x00007f3ffd5c0ba0:   00007f3fa44f11a0 00007f3fa4db99a0
0x00007f3ffd5c0bb0:   00007f3fa4df3400 00007f3ff081359a
0x00007f3ffd5c0bc0:   00000000000000fb 00007f3fe921ca80
0x00007f3ffd5c0bd0:   00007f3fa4f5f3f0 00007f3ff1472468
0x00007f3ffd5c0be0:   0000000000000000 00007f400ecb04c8
0x00007f3ffd5c0bf0:   00007f400ecb1320 0000000000000001
0x00007f3ffd5c0c00:   0000000000d0cc68 00007f400e961df2
0x00007f3ffd5c0c10:   0000000000d0c880 0000000000000000
0x00007f3ffd5c0c20:   00007f3ffd5c0c60 0000000000d7d000
0x00007f3ffd5c0c30:   0000000000d0c880 00007f400e961e45
0x00007f3ffd5c0c40:   00007f3ffd5c0c60 00007f400e155167
0x00007f3ffd5c0c50:   00007f3ffd5c0c80 00007f3ffc155600
0x00007f3ffd5c0c60:   00007f3ffd5c0ca0 00007f400e4b406c
0x00007f3ffd5c0c70:   0000000053649805 00007f3ffc155600
0x00007f3ffd5c0c80:   0000000000d7d000 00007f400e8cf708
0x00007f3ffd5c0c90:   0000000000d0c880 0000000000d0cc68
0x00007f3ffd5c0ca0:   00007f3ffd5c0d20 00007f400e4b2a80
0x00007f3ffd5c0cb0:   00000004000003e8 0000000000d0c890
0x00007f3ffd5c0cc0:   0000000000000000 0000000007c25060
0x00007f3ffd5c0cd0:   00007f3ffd5c0d01 0000000000d7eea0
0x00007f3ffd5c0ce0:   0000000000000000 0000000000d7d800
0x00007f3ffd5c0cf0:   00007f400e8f7480 0000000000000000
0x00007f3ffd5c0d00:   0000000000000000 00007f400e8f7480 

Instructions: (pc=0x00007f3fefefced4)
0x00007f3fefefceb4:   01 f1 44 21 e9 48 63 c1 4d 8d 04 c4 49 8b 10 48
0x00007f3fefefcec4:   85 d2 75 d0 e8 23 d0 db ff e8 ae d3 db ff 31 c0
0x00007f3fefefced4:   a3 ef be ad bb 00 00 00 00 31 c0 ff d0 8b 43 18
0x00007f3fefefcee4:   e9 d1 fe ff ff 0f 1f 80 00 00 00 00 f6 42 18 40 

Register to memory mapping:

RAX=0x0000000000000000 is an unknown value
RBX=0x00007f3fa44a1b28 is an unknown value
RCX=0x0000000000020a10 is an unknown value
RDX=0x00007f400ecb1eb8: <offset 0x386eb8> in /lib/x86_64-linux-gnu/libc.so.6 at 0x00007f400e92b000
RSP=0x00007f3ffd5c0b10 is an unknown value
RBP=0x00007f3fa4eb0a20 is an unknown value
RSI=0x0000000000000000 is an unknown value
RDI=0x00007f400ecb1e60: <offset 0x386e60> in /lib/x86_64-linux-gnu/libc.so.6 at 0x00007f400e92b000
R8 =0x00007f3ffd5c1700 is an unknown value
R9 =0x2e6f732e6362696c is an unknown value
R10=0x0000000000000000 is an unknown value
R11=0x00007f3fefed7850: WTFInvokeCrashHook+0 in /usr/lib/libjavascriptcoregtk-1.0.so.0 at 0x00007f3fefc05000
R12=0x0000000000000000 is an unknown value
R13=0x00007f3fa44f4400 is an unknown value
R14=0x00007f3fa4f5f000 is an unknown value
R15=0x0000000000d0c890 is an unknown value


Stack: [0x00007f3ffd4c1000,0x00007f3ffd5c2000],  sp=0x00007f3ffd5c0b10,  free space=1022k
Native frames: (J=compiled Java code, j=interpreted, Vv=VM code, C=native code)
C  [libjavascriptcoregtk-1.0.so.0+0x2f7ed4]  WTF::StringImpl::~StringImpl()+0x134

VM_Operation (0x00007f3ffc155600): Exit, mode: safepoint, requested by thread 0x00007f3ff81c6800


---------------  P R O C E S S  ---------------

Java Threads: ( => current thread )
  0x0000000000e2d000 JavaThread "Forced VM termination thread" [_thread_blocked, id=27933, stack(0x00007f3f964e5000,0x00007f3f965e6000)]
  0x0000000000e2b800 JavaThread "NativeSwing[1] Non-UI Message [183] Executor" daemon [_thread_blocked, id=27923, stack(0x00007f3f966e7000,0x00007f3f967e8000)]
  0x00007f3ff82b9800 JavaThread "Registry cleanup thread-0" daemon [_thread_blocked, id=27649, stack(0x00007f3fa67e7000,0x00007f3fa68e8000)]
  0x00007f3ff81c6800 JavaThread "NativeSwing[1] SWT Receiver" daemon [_thread_blocked, id=27639, stack(0x00007f3ffc056000,0x00007f3ffc157000)]
  0x00007f3ff8006800 JavaThread "Service Thread" daemon [_thread_blocked, id=27635, stack(0x00007f3ffcd44000,0x00007f3ffce45000)]
  0x00007f3ff8004000 JavaThread "C2 CompilerThread1" daemon [_thread_blocked, id=27634, stack(0x00007f3ffce45000,0x00007f3ffcf46000)]
  0x00007f3ff8001000 JavaThread "C2 CompilerThread0" daemon [_thread_blocked, id=27633, stack(0x00007f3ffcf46000,0x00007f3ffd047000)]
  0x0000000000dd9800 JavaThread "Signal Dispatcher" daemon [_thread_blocked, id=27632, stack(0x00007f3ffd047000,0x00007f3ffd148000)]
  0x0000000000d8d000 JavaThread "Finalizer" daemon [_thread_blocked, id=27631, stack(0x00007f3ffd2bf000,0x00007f3ffd3c0000)]
  0x0000000000d85800 JavaThread "Reference Handler" daemon [_thread_blocked, id=27630, stack(0x00007f3ffd3c0000,0x00007f3ffd4c1000)]
  0x0000000000cf5000 JavaThread "main" [_thread_blocked, id=27624, stack(0x00007f400f3e7000,0x00007f400f4e8000)]

Other Threads:
=>0x0000000000d7d800 VMThread [stack: 0x00007f3ffd4c1000,0x00007f3ffd5c2000] [id=27629]

VM state:at safepoint (shutting down)

VM Mutex/Monitor currently owned by a thread:  ([mutex/lock_event])
[0x0000000000cf1720] Threads_lock - owner thread: 0x0000000000d7d800

Heap
 PSYoungGen      total 74816K, used 29931K [0x00000007ac800000, 0x00000007b1b70000, 0x0000000800000000)
  eden space 64192K, 46% used [0x00000007ac800000,0x00000007ae53adb8,0x00000007b06b0000)
  from space 10624K, 0% used [0x00000007b1110000,0x00000007b1110000,0x00000007b1b70000)
  to   space 10624K, 0% used [0x00000007b06b0000,0x00000007b06b0000,0x00000007b1110000)
 ParOldGen       total 171008K, used 0K [0x0000000705800000, 0x000000070ff00000, 0x00000007ac800000)
  object space 171008K, 0% used [0x0000000705800000,0x0000000705800000,0x000000070ff00000)
 PSPermGen       total 21248K, used 7417K [0x0000000700600000, 0x0000000701ac0000, 0x0000000705800000)
  object space 21248K, 34% used [0x0000000700600000,0x0000000700d3e738,0x0000000701ac0000)

Card table byte_map: [0x00007f40090f3000,0x00007f40098f1000] byte_map_base: 0x00007f40058f0000

Polling page: 0x00007f400f508000

Code Cache  [0x00007f40098f1000, 0x00007f4009b61000, 0x00007f400c8f1000)
 total_blobs=397 nmethods=52 adapters=298 free_code_cache=48513Kb largest_free_block=49659520

Compilation events (10 events):
Event: 83.475 Thread 0x00007f3ff8001000    2 %           java.io.ObjectOutputStream$BlockDataOutputStream::writeBytes @ 95 (144 bytes)
Event: 83.493 Thread 0x00007f3ff8001000 nmethod 2% 0x00007f40099806d0 code [0x00007f4009980840, 0x00007f4009980f98]
Event: 83.523 Thread 0x00007f3ff8004000   47             java.io.ObjectOutputStream$BlockDataOutputStream::getUTFLength (124 bytes)
Event: 83.523 Thread 0x00007f3ff8001000   48             java.io.ObjectOutputStream$BlockDataOutputStream::writeBytes (144 bytes)
Event: 83.529 Thread 0x00007f3ff8004000 nmethod 47 0x00007f400997fe10 code [0x00007f400997ff60, 0x00007f40099803d8]
Event: 83.538 Thread 0x00007f3ff8001000 nmethod 48 0x00007f400997bd50 code [0x00007f400997bf00, 0x00007f400997ca98]
Event: 85.309 Thread 0x00007f3ff8004000    3 % !         chrriis.dj.nativeswing.swtimpl.core.SWTNativeInterface$OutProcess::runNativeSide @ 528 (623 bytes)
Event: 85.312 Thread 0x00007f3ff8004000 nmethod 3% 0x00007f4009993750 code [0x00007f40099938e0, 0x00007f4009993d30]
Event: 130.034 Thread 0x00007f3ff8004000    4 %           java.util.Properties$LineReader::readLine @ 21 (452 bytes)
Event: 130.042 Thread 0x00007f3ff8004000 nmethod 4% 0x00007f4009994110 code [0x00007f40099942c0, 0x00007f4009994b08]

GC Heap History (0 events):
No events

Deoptimization events (3 events):
Event: 130.034 Thread 0x0000000000cf5000 Uncommon trap -34 fr.pc 0x00007f4009965df4
Event: 130.035 Thread 0x0000000000cf5000 Uncommon trap -34 fr.pc 0x00007f4009965df4
Event: 130.175 Thread 0x0000000000cf5000 Uncommon trap -83 fr.pc 0x00007f4009991968

Internal exceptions (10 events):
Event: 130.030 Thread 0x0000000000cf5000 Threw 0x00000007ad4fc110 at /HUDSON/workspace/jdk7u7-2-build-linux-amd64-product/jdk7u7/hotspot/src/share/vm/prims/jvm.cpp:1166
Event: 130.030 Thread 0x0000000000cf5000 Threw 0x00000007ad4fca10 at /HUDSON/workspace/jdk7u7-2-build-linux-amd64-product/jdk7u7/hotspot/src/share/vm/prims/jvm.cpp:1166
Event: 130.032 Thread 0x0000000000cf5000 Threw 0x00000007ad50dd68 at /HUDSON/workspace/jdk7u7-2-build-linux-amd64-product/jdk7u7/hotspot/src/share/vm/prims/jvm.cpp:1166
Event: 130.032 Thread 0x0000000000cf5000 Threw 0x00000007ad50df90 at /HUDSON/workspace/jdk7u7-2-build-linux-amd64-product/jdk7u7/hotspot/src/share/vm/prims/jvm.cpp:1166
Event: 130.032 Thread 0x0000000000cf5000 Threw 0x00000007ad5103d0 at /HUDSON/workspace/jdk7u7-2-build-linux-amd64-product/jdk7u7/hotspot/src/share/vm/prims/jvm.cpp:1166
Event: 130.032 Thread 0x0000000000cf5000 Threw 0x00000007ad5105f8 at /HUDSON/workspace/jdk7u7-2-build-linux-amd64-product/jdk7u7/hotspot/src/share/vm/prims/jvm.cpp:1166
Event: 130.035 Thread 0x0000000000cf5000 Threw 0x00000007ad51f018 at /HUDSON/workspace/jdk7u7-2-build-linux-amd64-product/jdk7u7/hotspot/src/share/vm/prims/jvm.cpp:1166
Event: 130.035 Thread 0x0000000000cf5000 Threw 0x00000007ad51f958 at /HUDSON/workspace/jdk7u7-2-build-linux-amd64-product/jdk7u7/hotspot/src/share/vm/prims/jvm.cpp:1166
Event: 130.035 Thread 0x0000000000cf5000 Threw 0x00000007ad5209c0 at /HUDSON/workspace/jdk7u7-2-build-linux-amd64-product/jdk7u7/hotspot/src/share/vm/prims/jvm.cpp:1166
Event: 130.035 Thread 0x0000000000cf5000 Threw 0x00000007ad521320 at /HUDSON/workspace/jdk7u7-2-build-linux-amd64-product/jdk7u7/hotspot/src/share/vm/prims/jvm.cpp:1166

Events (10 events):
Event: 130.035 loading class 0x00007f3ff820bf50
Event: 130.035 loading class 0x00007f3ff820bf50 done
Event: 130.035 loading class 0x00007f3ff83b3b50
Event: 130.035 loading class 0x00007f3ff83b3b50 done
Event: 130.035 loading class 0x00007f3ff849c400
Event: 130.035 loading class 0x00007f3ff849c400 done
Event: 130.175 Thread 0x0000000000cf5000 DEOPT PACKING pc=0x00007f4009991968 sp=0x00007f400f4e64c0
Event: 130.175 Thread 0x0000000000e2c000 Thread exited: 0x0000000000e2c000
Event: 130.175 Thread 0x0000000000cf5000 DEOPT UNPACKING pc=0x00007f400992a145 sp=0x00007f400f4e6458 mode 2
Event: 130.175 Executing VM operation: Exit


Dynamic libraries:
00400000-00401000 r-xp 00000000 08:01 274782                             /usr/lib/jvm/java-7-oracle/jre/bin/java
00600000-00601000 rw-p 00000000 08:01 274782                             /usr/lib/jvm/java-7-oracle/jre/bin/java
00ceb000-0112c000 rw-p 00000000 00:00 0                                  [heap]
700600000-701ac0000 rw-p 00000000 00:00 0 
701ac0000-705800000 rw-p 00000000 00:00 0 
705800000-70ff00000 rw-p 00000000 00:00 0 
70ff00000-7ac800000 rw-p 00000000 00:00 0 
7ac800000-7b1b70000 rw-p 00000000 00:00 0 
7b1b70000-800000000 rw-p 00000000 00:00 0 
7f3f8f637000-7f3f8f737000 rw-p 00000000 00:00 0 
7f3f8f737000-7f3f8f738000 ---p 00000000 00:00 0 
7f3f8f738000-7f3f8ff38000 rw-p 00000000 00:00 0 
7f3f9273e000-7f3f957ce000 rw-p 00000000 00:00 0 
7f3f957ce000-7f3f957cf000 ---p 00000000 00:00 0 
7f3f957cf000-7f3f95fcf000 rw-p 00000000 00:00 0 
7f3f95fd1000-7f3f960e1000 rw-p 00000000 00:00 0 
7f3f964e5000-7f3f964e8000 ---p 00000000 00:00 0 
7f3f964e8000-7f3f965e6000 rw-p 00000000 00:00 0 
7f3f965e6000-7f3f965e9000 ---p 00000000 00:00 0 
7f3f965e9000-7f3f966e7000 rw-p 00000000 00:00 0 
7f3f966e7000-7f3f966ea000 ---p 00000000 00:00 0 
7f3f966ea000-7f3f96ff8000 rw-p 00000000 00:00 0 
7f3f973f9000-7f3f978e4000 rw-p 00000000 00:00 0 
7f3f978e4000-7f3f9c000000 r--p 00000000 08:01 787331                     /usr/share/icons/gnome/icon-theme.cache
7f3f9c000000-7f3f9c021000 rw-p 00000000 00:00 0 
7f3f9c021000-7f3fa0000000 ---p 00000000 00:00 0 
7f3fa00d0000-7f3fa03e8000 rw-p 00000000 00:00 0 
7f3fa03e8000-7f3fa14c8000 r--p 00000000 08:01 818540                     /usr/share/icons/hicolor/icon-theme.cache
7f3fa15b9000-7f3fa1ec9000 rw-p 00000000 00:00 0 
7f3fa1ec9000-7f3fa1eeb000 r--p 00000000 08:01 658868                     /usr/share/fonts/truetype/msttcorefonts/Verdana_Bold.ttf
7f3fa1eeb000-7f3fa1f31000 r--p 00000000 08:01 658845                     /usr/share/fonts/truetype/msttcorefonts/Arial_Bold.ttf
7f3fa1f31000-7f3fa1f32000 ---p 00000000 00:00 0 
7f3fa1f32000-7f3fa2732000 rw-p 00000000 00:00 0 
7f3fa2768000-7f3fa3bab000 rw-p 00000000 00:00 0 
7f3fa3c9c000-7f3fa43ac000 rw-p 00000000 00:00 0 
7f3fa43ac000-7f3fa4451000 r--p 00000000 08:01 658903                     /usr/share/fonts/truetype/ttf-dejavu/DejaVuSans-Bold.ttf
7f3fa4451000-7f3fa448f000 rw-p 00000000 00:00 0 
7f3fa448f000-7f3fa458f000 rw-p 00000000 00:00 0 
7f3fa458f000-7f3fa4590000 ---p 00000000 00:00 0 
7f3fa4590000-7f3fa4d90000 rw-p 00000000 00:00 0 
7f3fa4db1000-7f3fa4eb1000 rw-p 00000000 00:00 0 
7f3fa4eb1000-7f3fa4ef5000 r--p 00000000 08:01 658843                     /usr/share/fonts/truetype/msttcorefonts/Arial.ttf
7f3fa4ef5000-7f3fa4f18000 r--p 00000000 08:01 658854                     /usr/share/fonts/truetype/msttcorefonts/Georgia.ttf
7f3fa4f37000-7f3fa5037000 rw-p 00000000 00:00 0 
7f3fa5037000-7f3fa5049000 r-xp 00000000 08:01 397141                     /usr/lib/x86_64-linux-gnu/pkcs11/gnome-keyring-pkcs11.so
7f3fa5049000-7f3fa5249000 ---p 00012000 08:01 397141                     /usr/lib/x86_64-linux-gnu/pkcs11/gnome-keyring-pkcs11.so
7f3fa5249000-7f3fa524b000 rw-p 00012000 08:01 397141                     /usr/lib/x86_64-linux-gnu/pkcs11/gnome-keyring-pkcs11.so
7f3fa524b000-7f3fa524e000 r-xp 00000000 08:01 1570367                    /lib/x86_64-linux-gnu/libgpg-error.so.0.8.0
7f3fa524e000-7f3fa544d000 ---p 00003000 08:01 1570367                    /lib/x86_64-linux-gnu/libgpg-error.so.0.8.0
7f3fa544d000-7f3fa544e000 rw-p 00002000 08:01 1570367                    /lib/x86_64-linux-gnu/libgpg-error.so.0.8.0
7f3fa544e000-7f3fa54c8000 r-xp 00000000 08:01 1570200                    /lib/x86_64-linux-gnu/libgcrypt.so.11.7.0
7f3fa54c8000-7f3fa56c8000 ---p 0007a000 08:01 1570200                    /lib/x86_64-linux-gnu/libgcrypt.so.11.7.0
7f3fa56c8000-7f3fa56c9000 r--p 0007a000 08:01 1570200                    /lib/x86_64-linux-gnu/libgcrypt.so.11.7.0
7f3fa56c9000-7f3fa56cc000 rw-p 0007b000 08:01 1570200                    /lib/x86_64-linux-gnu/libgcrypt.so.11.7.0
7f3fa56cc000-7f3fa56dc000 r-xp 00000000 08:01 396924                     /usr/lib/x86_64-linux-gnu/libtasn1.so.3.1.16
7f3fa56dc000-7f3fa58db000 ---p 00010000 08:01 396924                     /usr/lib/x86_64-linux-gnu/libtasn1.so.3.1.16
7f3fa58db000-7f3fa58dc000 r--p 0000f000 08:01 396924                     /usr/lib/x86_64-linux-gnu/libtasn1.so.3.1.16
7f3fa58dc000-7f3fa58dd000 rw-p 00010000 08:01 396924                     /usr/lib/x86_64-linux-gnu/libtasn1.so.3.1.16
7f3fa58dd000-7f3fa5996000 r-xp 00000000 08:01 395474                     /usr/lib/x86_64-linux-gnu/libgnutls.so.26.22.4
7f3fa5996000-7f3fa5b95000 ---p 000b9000 08:01 395474                     /usr/lib/x86_64-linux-gnu/libgnutls.so.26.22.4
7f3fa5b95000-7f3fa5b9b000 r--p 000b8000 08:01 395474                     /usr/lib/x86_64-linux-gnu/libgnutls.so.26.22.4
7f3fa5b9b000-7f3fa5b9d000 rw-p 000be000 08:01 395474                     /usr/lib/x86_64-linux-gnu/libgnutls.so.26.22.4
7f3fa5b9d000-7f3fa5bae000 r-xp 00000000 08:01 396791                     /usr/lib/x86_64-linux-gnu/libp11-kit.so.0.0.0
7f3fa5bae000-7f3fa5dad000 ---p 00011000 08:01 396791                     /usr/lib/x86_64-linux-gnu/libp11-kit.so.0.0.0
7f3fa5dad000-7f3fa5dae000 r--p 00010000 08:01 396791                     /usr/lib/x86_64-linux-gnu/libp11-kit.so.0.0.0
7f3fa5dae000-7f3fa5daf000 rw-p 00011000 08:01 396791                     /usr/lib/x86_64-linux-gnu/libp11-kit.so.0.0.0
7f3fa5dcc000-7f3fa5de5000 r-xp 00000000 08:01 395873                     /usr/lib/x86_64-linux-gnu/gio/modules/libgiognutls.so
7f3fa5de5000-7f3fa5fe4000 ---p 00019000 08:01 395873                     /usr/lib/x86_64-linux-gnu/gio/modules/libgiognutls.so
7f3fa5fe4000-7f3fa5fe5000 r--p 00018000 08:01 395873                     /usr/lib/x86_64-linux-gnu/gio/modules/libgiognutls.so
7f3fa5fe5000-7f3fa5fe6000 rw-p 00019000 08:01 395873                     /usr/lib/x86_64-linux-gnu/gio/modules/libgiognutls.so
7f3fa608a000-7f3fa60a9000 rw-p 00000000 00:00 0 
7f3fa60a9000-7f3fa64b1000 rw-p 00000000 00:00 0 
7f3fa64b1000-7f3fa652d000 rw-p 00000000 00:00 0 
7f3fa6534000-7f3fa654c000 rw-p 00000000 00:00 0 
7f3fa654c000-7f3fa658a000 rw-p 00000000 00:00 0 
7f3fa658a000-7f3fa65a9000 rw-p 00000000 00:00 0 
7f3fa65a9000-7f3fa67e7000 r--p 00000000 08:01 816868                     /usr/share/icons/Tango/icon-theme.cache
7f3fa67e7000-7f3fa67ea000 ---p 00000000 00:00 0 
7f3fa67ea000-7f3fa68e8000 rw-p 00000000 00:00 0 
7f3fa68e8000-7f3fa6907000 rw-p 00000000 00:00 0 
7f3fa690e000-7f3fa6926000 rw-p 00000000 00:00 0 
7f3fa6926000-7f3fa6de0000 rw-p 00000000 00:00 0 
7f3fa6de0000-7f3fa6de1000 ---p 00000000 00:00 0 
7f3fa6de1000-7f3fa75e1000 rw-p 00000000 00:00 0 
7f3fa75e1000-7f3fa75e2000 ---p 00000000 00:00 0 
7f3fa75e2000-7f3fa7de2000 rw-p 00000000 00:00 0 
7f3fa7de2000-7f3fa7de3000 ---p 00000000 00:00 0 
7f3fa7de3000-7f3fa85e3000 rw-p 00000000 00:00 0 
7f3fa85e3000-7f3fa85ea000 r-xp 00000000 08:01 395871                     /usr/lib/x86_64-linux-gnu/gio/modules/libdconfsettings.so
7f3fa85ea000-7f3fa87ea000 ---p 00007000 08:01 395871                     /usr/lib/x86_64-linux-gnu/gio/modules/libdconfsettings.so
7f3fa87ea000-7f3fa87eb000 r--p 00007000 08:01 395871                     /usr/lib/x86_64-linux-gnu/gio/modules/libdconfsettings.so
7f3fa87eb000-7f3fa87ec000 rw-p 00008000 08:01 395871                     /usr/lib/x86_64-linux-gnu/gio/modules/libdconfsettings.so
7f3fa87ec000-7f3fa87f0000 r-xp 00000000 08:01 395872                     /usr/lib/x86_64-linux-gnu/gio/modules/libgiognomeproxy.so
7f3fa87f0000-7f3fa89ef000 ---p 00004000 08:01 395872                     /usr/lib/x86_64-linux-gnu/gio/modules/libgiognomeproxy.so
7f3fa89ef000-7f3fa89f0000 r--p 00003000 08:01 395872                     /usr/lib/x86_64-linux-gnu/gio/modules/libgiognomeproxy.so
7f3fa89f0000-7f3fa89f1000 rw-p 00004000 08:01 395872                     /usr/lib/x86_64-linux-gnu/gio/modules/libgiognomeproxy.so
7f3fa89f1000-7f3fa89f2000 ---p 00000000 00:00 0 
7f3fa89f2000-7f3fa91f2000 rw-p 00000000 00:00 0 
7f3fa91f2000-7f3fa91f3000 ---p 00000000 00:00 0 
7f3fa91f3000-7f3fe91f3000 rwxp 00000000 00:00 0 
7f3fe91f3000-7f3fe91f4000 ---p 00000000 00:00 0 
7f3fe91f4000-7f3fe92f4000 rw-p 00000000 00:00 0 
7f3fe92f4000-7f3fe92f5000 ---p 00000000 00:00 0 
7f3fe92f5000-7f3fe9af5000 rw-p 00000000 00:00 0 
7f3fe9af5000-7f3fe9af9000 r-xp 00000000 08:01 1570463                    /lib/x86_64-linux-gnu/libuuid.so.1.3.0
7f3fe9af9000-7f3fe9cf8000 ---p 00004000 08:01 1570463                    /lib/x86_64-linux-gnu/libuuid.so.1.3.0
7f3fe9cf8000-7f3fe9cf9000 r--p 00003000 08:01 1570463                    /lib/x86_64-linux-gnu/libuuid.so.1.3.0
7f3fe9cf9000-7f3fe9cfa000 rw-p 00004000 08:01 1570463                    /lib/x86_64-linux-gnu/libuuid.so.1.3.0
7f3fe9cfa000-7f3fe9d11000 r-xp 00000000 08:01 396178                     /usr/lib/x86_64-linux-gnu/libICE.so.6.3.0
7f3fe9d11000-7f3fe9f10000 ---p 00017000 08:01 396178                     /usr/lib/x86_64-linux-gnu/libICE.so.6.3.0
7f3fe9f10000-7f3fe9f12000 rw-p 00016000 08:01 396178                     /usr/lib/x86_64-linux-gnu/libICE.so.6.3.0
7f3fe9f12000-7f3fe9f15000 rw-p 00000000 00:00 0 
7f3fe9f15000-7f3fe9f1c000 r-xp 00000000 08:01 396197                     /usr/lib/x86_64-linux-gnu/libSM.so.6.0.1
7f3fe9f1c000-7f3fea11b000 ---p 00007000 08:01 396197                     /usr/lib/x86_64-linux-gnu/libSM.so.6.0.1
7f3fea11b000-7f3fea11c000 rw-p 00006000 08:01 396197                     /usr/lib/x86_64-linux-gnu/libSM.so.6.0.1
7f3fea11c000-7f3fea127000 r-xp 00000000 08:01 396371                     /usr/lib/x86_64-linux-gnu/libdrm.so.2.4.0
7f3fea127000-7f3fea326000 ---p 0000b000 08:01 396371                     /usr/lib/x86_64-linux-gnu/libdrm.so.2.4.0
7f3fea326000-7f3fea327000 r--p 0000a000 08:01 396371                     /usr/lib/x86_64-linux-gnu/libdrm.so.2.4.0
7f3fea327000-7f3fea328000 rw-p 0000b000 08:01 396371                     /usr/lib/x86_64-linux-gnu/libdrm.so.2.4.0
7f3fea328000-7f3fea32c000 r-xp 00000000 08:01 395619                     /usr/lib/x86_64-linux-gnu/libXxf86vm.so.1.0.0
7f3fea32c000-7f3fea52c000 ---p 00004000 08:01 395619                     /usr/lib/x86_64-linux-gnu/libXxf86vm.so.1.0.0
7f3fea52c000-7f3fea52d000 r--p 00004000 08:01 395619                     /usr/lib/x86_64-linux-gnu/libXxf86vm.so.1.0.0
7f3fea52d000-7f3fea52e000 rw-p 00005000 08:01 395619                     /usr/lib/x86_64-linux-gnu/libXxf86vm.so.1.0.0
7f3fea52e000-7f3fea544000 r-xp 00000000 08:01 395597                     /usr/lib/x86_64-linux-gnu/libxcb-glx.so.0.0.0
7f3fea544000-7f3fea743000 ---p 00016000 08:01 395597                     /usr/lib/x86_64-linux-gnu/libxcb-glx.so.0.0.0
7f3fea743000-7f3fea745000 r--p 00015000 08:01 395597                     /usr/lib/x86_64-linux-gnu/libxcb-glx.so.0.0.0
7f3fea745000-7f3fea746000 rw-p 00017000 08:01 395597                     /usr/lib/x86_64-linux-gnu/libxcb-glx.so.0.0.0
7f3fea746000-7f3fea747000 r-xp 00000000 08:01 395595                     /usr/lib/x86_64-linux-gnu/libX11-xcb.so.1.0.0
7f3fea747000-7f3fea946000 ---p 00001000 08:01 395595                     /usr/lib/x86_64-linux-gnu/libX11-xcb.so.1.0.0
7f3fea946000-7f3fea947000 rw-p 00000000 08:01 395595                     /usr/lib/x86_64-linux-gnu/libX11-xcb.so.1.0.0
7f3fea947000-7f3fea968000 r-xp 00000000 08:01 395593                     /usr/lib/x86_64-linux-gnu/libglapi.so.0.0.0
7f3fea968000-7f3feab67000 ---p 00021000 08:01 395593                     /usr/lib/x86_64-linux-gnu/libglapi.so.0.0.0
7f3feab67000-7f3feab6a000 rw-p 00020000 08:01 395593                     /usr/lib/x86_64-linux-gnu/libglapi.so.0.0.0
7f3feab6a000-7f3feab6c000 rw-p 00000000 00:00 0 
7f3feab6c000-7f3feab8e000 r-xp 00000000 08:01 1570379                    /lib/x86_64-linux-gnu/liblzma.so.5.0.0
7f3feab8e000-7f3fead8d000 ---p 00022000 08:01 1570379                    /lib/x86_64-linux-gnu/liblzma.so.5.0.0
7f3fead8d000-7f3fead8e000 r--p 00021000 08:01 1570379                    /lib/x86_64-linux-gnu/liblzma.so.5.0.0
7f3fead8e000-7f3fead8f000 rw-p 00022000 08:01 1570379                    /lib/x86_64-linux-gnu/liblzma.so.5.0.0
7f3fead8f000-7f3feae06000 r-xp 00000000 08:01 396787                     /usr/lib/x86_64-linux-gnu/liborc-0.4.so.0.16.0
7f3feae06000-7f3feb005000 ---p 00077000 08:01 396787                     /usr/lib/x86_64-linux-gnu/liborc-0.4.so.0.16.0
7f3feb005000-7f3feb007000 r--p 00076000 08:01 396787                     /usr/lib/x86_64-linux-gnu/liborc-0.4.so.0.16.0
7f3feb007000-7f3feb00c000 rw-p 00078000 08:01 396787                     /usr/lib/x86_64-linux-gnu/liborc-0.4.so.0.16.0
7f3feb00c000-7f3feb021000 r-xp 00000000 08:01 1570361                    /lib/x86_64-linux-gnu/libgcc_s.so.1
7f3feb021000-7f3feb221000 ---p 00015000 08:01 1570361                    /lib/x86_64-linux-gnu/libgcc_s.so.1
7f3feb221000-7f3feb222000 rw-p 00015000 08:01 1570361                    /lib/x86_64-linux-gnu/libgcc_s.so.1
7f3feb222000-7f3feb30a000 r-xp 00000000 08:01 396914                     /usr/lib/x86_64-linux-gnu/libstdc++.so.6.0.17
7f3feb30a000-7f3feb50a000 ---p 000e8000 08:01 396914                     /usr/lib/x86_64-linux-gnu/libstdc++.so.6.0.17
7f3feb50a000-7f3feb512000 r--p 000e8000 08:01 396914                     /usr/lib/x86_64-linux-gnu/libstdc++.so.6.0.17
7f3feb512000-7f3feb514000 rw-p 000f0000 08:01 396914                     /usr/lib/x86_64-linux-gnu/libstdc++.so.6.0.17
7f3feb514000-7f3feb529000 rw-p 00000000 00:00 0 
7f3feb529000-7f3feb589000 r-xp 00000000 08:01 396242                     /usr/lib/x86_64-linux-gnu/libXt.so.6.0.0
7f3feb589000-7f3feb789000 ---p 00060000 08:01 396242                     /usr/lib/x86_64-linux-gnu/libXt.so.6.0.0
7f3feb789000-7f3feb78a000 r--p 00060000 08:01 396242                     /usr/lib/x86_64-linux-gnu/libXt.so.6.0.0
7f3feb78a000-7f3feb78f000 rw-p 00061000 08:01 396242                     /usr/lib/x86_64-linux-gnu/libXt.so.6.0.0
7f3feb78f000-7f3feb790000 rw-p 00000000 00:00 0 
7f3feb790000-7f3fec8ff000 r-xp 00000000 08:01 395658                     /usr/lib/x86_64-linux-gnu/libicudata.so.48.1.1
7f3fec8ff000-7f3fecafe000 ---p 0116f000 08:01 395658                     /usr/lib/x86_64-linux-gnu/libicudata.so.48.1.1
7f3fecafe000-7f3fecaff000 r--p 0116e000 08:01 395658                     /usr/lib/x86_64-linux-gnu/libicudata.so.48.1.1
7f3fecaff000-7f3fecb00000 rw-p 0116f000 08:01 395658                     /usr/lib/x86_64-linux-gnu/libicudata.so.48.1.1
7f3fecb00000-7f3fecc5a000 r-xp 00000000 08:01 395672                     /usr/lib/x86_64-linux-gnu/libicuuc.so.48.1.1
7f3fecc5a000-7f3fece59000 ---p 0015a000 08:01 395672                     /usr/lib/x86_64-linux-gnu/libicuuc.so.48.1.1
7f3fece59000-7f3fece6a000 r--p 00159000 08:01 395672                     /usr/lib/x86_64-linux-gnu/libicuuc.so.48.1.1
7f3fece6a000-7f3fece6b000 rw-p 0016a000 08:01 395672                     /usr/lib/x86_64-linux-gnu/libicuuc.so.48.1.1
7f3fece6b000-7f3fece6f000 rw-p 00000000 00:00 0 
7f3fece6f000-7f3fed02e000 r-xp 00000000 08:01 395660                     /usr/lib/x86_64-linux-gnu/libicui18n.so.48.1.1
7f3fed02e000-7f3fed22d000 ---p 001bf000 08:01 395660                     /usr/lib/x86_64-linux-gnu/libicui18n.so.48.1.1
7f3fed22d000-7f3fed23a000 r--p 001be000 08:01 395660                     /usr/lib/x86_64-linux-gnu/libicui18n.so.48.1.1
7f3fed23a000-7f3fed23b000 rw-p 001cb000 08:01 395660                     /usr/lib/x86_64-linux-gnu/libicui18n.so.48.1.1
7f3fed23b000-7f3fed2e1000 r-xp 00000000 08:01 396908                     /usr/lib/x86_64-linux-gnu/libsqlite3.so.0.8.6
7f3fed2e1000-7f3fed4e1000 ---p 000a6000 08:01 396908                     /usr/lib/x86_64-linux-gnu/libsqlite3.so.0.8.6
7f3fed4e1000-7f3fed4e3000 r--p 000a6000 08:01 396908                     /usr/lib/x86_64-linux-gnu/libsqlite3.so.0.8.6
7f3fed4e3000-7f3fed4e5000 rw-p 000a8000 08:01 396908                     /usr/lib/x86_64-linux-gnu/libsqlite3.so.0.8.6
7f3fed4e5000-7f3fed4e6000 rw-p 00000000 00:00 0 
7f3fed4e6000-7f3fed543000 r-xp 00000000 08:01 395589                     /usr/lib/x86_64-linux-gnu/libGL.so.1.2
7f3fed543000-7f3fed742000 ---p 0005d000 08:01 395589                     /usr/lib/x86_64-linux-gnu/libGL.so.1.2
7f3fed742000-7f3fed746000 rw-p 0005c000 08:01 395589                     /usr/lib/x86_64-linux-gnu/libGL.so.1.2
7f3fed746000-7f3fed89c000 r-xp 00000000 08:01 395486                     /usr/lib/x86_64-linux-gnu/libxml2.so.2.8.0
7f3fed89c000-7f3fed89d000 ---p 00156000 08:01 395486                     /usr/lib/x86_64-linux-gnu/libxml2.so.2.8.0
7f3fed89d000-7f3fed8a5000 r--p 00156000 08:01 395486                     /usr/lib/x86_64-linux-gnu/libxml2.so.2.8.0
7f3fed8a5000-7f3fed8a7000 rw-p 0015e000 08:01 395486                     /usr/lib/x86_64-linux-gnu/libxml2.so.2.8.0
7f3fed8a7000-7f3fed8a8000 rw-p 00000000 00:00 0 
7f3fed8a8000-7f3fed8e4000 r-xp 00000000 08:01 394622                     /usr/lib/x86_64-linux-gnu/libxslt.so.1.1.26
7f3fed8e4000-7f3fedae3000 ---p 0003c000 08:01 394622                     /usr/lib/x86_64-linux-gnu/libxslt.so.1.1.26
7f3fedae3000-7f3fedae5000 r--p 0003b000 08:01 394622                     /usr/lib/x86_64-linux-gnu/libxslt.so.1.1.26
7f3fedae5000-7f3fedae6000 rw-p 0003d000 08:01 394622                     /usr/lib/x86_64-linux-gnu/libxslt.so.1.1.26
7f3fedae6000-7f3fedb4e000 r-xp 00000000 08:01 396898                     /usr/lib/x86_64-linux-gnu/libsoup-2.4.so.1.5.0
7f3fedb4e000-7f3fedd4e000 ---p 00068000 08:01 396898                     /usr/lib/x86_64-linux-gnu/libsoup-2.4.so.1.5.0
7f3fedd4e000-7f3fedd50000 r--p 00068000 08:01 396898                     /usr/lib/x86_64-linux-gnu/libsoup-2.4.so.1.5.0
7f3fedd50000-7f3fedd52000 rw-p 0006a000 08:01 396898                     /usr/lib/x86_64-linux-gnu/libsoup-2.4.so.1.5.0
7f3fedd52000-7f3fedd53000 rw-p 00000000 00:00 0 
7f3fedd53000-7f3fedd8d000 r-xp 00000000 08:01 396701                     /usr/lib/x86_64-linux-gnu/libjpeg.so.8.4.0
7f3fedd8d000-7f3fedf8c000 ---p 0003a000 08:01 396701                     /usr/lib/x86_64-linux-gnu/libjpeg.so.8.4.0
7f3fedf8c000-7f3fedf8d000 rw-p 00039000 08:01 396701                     /usr/lib/x86_64-linux-gnu/libjpeg.so.8.4.0
7f3fedf8d000-7f3fee06d000 r-xp 00000000 08:01 395634                     /usr/lib/x86_64-linux-gnu/libgstreamer-0.10.so.0.30.0
7f3fee06d000-7f3fee26c000 ---p 000e0000 08:01 395634                     /usr/lib/x86_64-linux-gnu/libgstreamer-0.10.so.0.30.0
7f3fee26c000-7f3fee271000 r--p 000df000 08:01 395634                     /usr/lib/x86_64-linux-gnu/libgstreamer-0.10.so.0.30.0
7f3fee271000-7f3fee273000 rw-p 000e4000 08:01 395634                     /usr/lib/x86_64-linux-gnu/libgstreamer-0.10.so.0.30.0
7f3fee273000-7f3fee275000 rw-p 00000000 00:00 0 
7f3fee275000-7f3fee2c9000 r-xp 00000000 08:01 395635                     /usr/lib/x86_64-linux-gnu/libgstbase-0.10.so.0.30.0
7f3fee2c9000-7f3fee4c8000 ---p 00054000 08:01 395635                     /usr/lib/x86_64-linux-gnu/libgstbase-0.10.so.0.30.0
7f3fee4c8000-7f3fee4c9000 r--p 00053000 08:01 395635                     /usr/lib/x86_64-linux-gnu/libgstbase-0.10.so.0.30.0
7f3fee4c9000-7f3fee4ca000 rw-p 00054000 08:01 395635                     /usr/lib/x86_64-linux-gnu/libgstbase-0.10.so.0.30.0
7f3fee4ca000-7f3fee4e5000 r-xp 00000000 08:01 395649                     /usr/lib/x86_64-linux-gnu/libgstvideo-0.10.so.0.25.0
7f3fee4e5000-7f3fee6e5000 ---p 0001b000 08:01 395649                     /usr/lib/x86_64-linux-gnu/libgstvideo-0.10.so.0.25.0
7f3fee6e5000-7f3fee6e6000 r--p 0001b000 08:01 395649                     /usr/lib/x86_64-linux-gnu/libgstvideo-0.10.so.0.25.0
7f3fee6e6000-7f3fee6e7000 rw-p 0001c000 08:01 395649                     /usr/lib/x86_64-linux-gnu/libgstvideo-0.10.so.0.25.0
7f3fee6e7000-7f3fee709000 r-xp 00000000 08:01 395648                     /usr/lib/x86_64-linux-gnu/libgstpbutils-0.10.so.0.25.0
7f3fee709000-7f3fee909000 ---p 00022000 08:01 395648                     /usr/lib/x86_64-linux-gnu/libgstpbutils-0.10.so.0.25.0
7f3fee909000-7f3fee90b000 r--p 00022000 08:01 395648                     /usr/lib/x86_64-linux-gnu/libgstpbutils-0.10.so.0.25.0
7f3fee90b000-7f3fee90c000 rw-p 00024000 08:01 395648                     /usr/lib/x86_64-linux-gnu/libgstpbutils-0.10.so.0.25.0
7f3fee90c000-7f3fee91d000 r-xp 00000000 08:01 395638                     /usr/lib/x86_64-linux-gnu/libgstinterfaces-0.10.so.0.25.0
7f3fee91d000-7f3feeb1c000 ---p 00011000 08:01 395638                     /usr/lib/x86_64-linux-gnu/libgstinterfaces-0.10.so.0.25.0
7f3feeb1c000-7f3feeb1d000 r--p 00010000 08:01 395638                     /usr/lib/x86_64-linux-gnu/libgstinterfaces-0.10.so.0.25.0
7f3feeb1d000-7f3feeb1e000 rw-p 00011000 08:01 395638                     /usr/lib/x86_64-linux-gnu/libgstinterfaces-0.10.so.0.25.0
7f3feeb1e000-7f3feeb27000 r-xp 00000000 08:01 395644                     /usr/lib/x86_64-linux-gnu/libgstfft-0.10.so.0.25.0
7f3feeb27000-7f3feed26000 ---p 00009000 08:01 395644                     /usr/lib/x86_64-linux-gnu/libgstfft-0.10.so.0.25.0
7f3feed26000-7f3feed27000 r--p 00008000 08:01 395644                     /usr/lib/x86_64-linux-gnu/libgstfft-0.10.so.0.25.0
7f3feed27000-7f3feed28000 rw-p 00009000 08:01 395644                     /usr/lib/x86_64-linux-gnu/libgstfft-0.10.so.0.25.0
7f3feed28000-7f3feed5e000 r-xp 00000000 08:01 395655                     /usr/lib/x86_64-linux-gnu/libgstaudio-0.10.so.0.25.0
7f3feed5e000-7f3feef5e000 ---p 00036000 08:01 395655                     /usr/lib/x86_64-linux-gnu/libgstaudio-0.10.so.0.25.0
7f3feef5e000-7f3feef5f000 r--p 00036000 08:01 395655                     /usr/lib/x86_64-linux-gnu/libgstaudio-0.10.so.0.25.0
7f3feef5f000-7f3feef61000 rw-p 00037000 08:01 395655                     /usr/lib/x86_64-linux-gnu/libgstaudio-0.10.so.0.25.0
7f3feef61000-7f3feef6d000 r-xp 00000000 08:01 395653                     /usr/lib/x86_64-linux-gnu/libgstapp-0.10.so.0.25.0
7f3feef6d000-7f3fef16c000 ---p 0000c000 08:01 395653                     /usr/lib/x86_64-linux-gnu/libgstapp-0.10.so.0.25.0
7f3fef16c000-7f3fef16d000 r--p 0000b000 08:01 395653                     /usr/lib/x86_64-linux-gnu/libgstapp-0.10.so.0.25.0
7f3fef16d000-7f3fef16e000 rw-p 0000c000 08:01 395653                     /usr/lib/x86_64-linux-gnu/libgstapp-0.10.so.0.25.0
7f3fef16e000-7f3fef1b2000 r-xp 00000000 08:01 1570348                    /lib/x86_64-linux-gnu/libdbus-1.so.3.7.2
7f3fef1b2000-7f3fef3b2000 ---p 00044000 08:01 1570348                    /lib/x86_64-linux-gnu/libdbus-1.so.3.7.2
7f3fef3b2000-7f3fef3b3000 r--p 00044000 08:01 1570348                    /lib/x86_64-linux-gnu/libdbus-1.so.3.7.2
7f3fef3b3000-7f3fef3b4000 rw-p 00045000 08:01 1570348                    /lib/x86_64-linux-gnu/libdbus-1.so.3.7.2
7f3fef3b4000-7f3fef3da000 r-xp 00000000 08:01 395499                     /usr/lib/x86_64-linux-gnu/libdbus-glib-1.so.2.2.2
7f3fef3da000-7f3fef5d9000 ---p 00026000 08:01 395499                     /usr/lib/x86_64-linux-gnu/libdbus-glib-1.so.2.2.2
7f3fef5d9000-7f3fef5db000 rw-p 00025000 08:01 395499                     /usr/lib/x86_64-linux-gnu/libdbus-glib-1.so.2.2.2
7f3fef5db000-7f3fef5f0000 r-xp 00000000 08:01 266139                     /usr/lib/libgeoclue.so.0.0.0
7f3fef5f0000-7f3fef7ef000 ---p 00015000 08:01 266139                     /usr/lib/libgeoclue.so.0.0.0
7f3fef7ef000-7f3fef7f1000 rw-p 00014000 08:01 266139                     /usr/lib/libgeoclue.so.0.0.0
7f3fef7f1000-7f3fef7f8000 r-xp 00000000 08:01 396463                     /usr/lib/x86_64-linux-gnu/libgailutil.so.18.0.1
7f3fef7f8000-7f3fef9f8000 ---p 00007000 08:01 396463                     /usr/lib/x86_64-linux-gnu/libgailutil.so.18.0.1
7f3fef9f8000-7f3fef9f9000 rw-p 00007000 08:01 396463                     /usr/lib/x86_64-linux-gnu/libgailutil.so.18.0.1
7f3fef9f9000-7f3fefa04000 r-xp 00000000 08:01 266115                     /usr/lib/libenchant.so.1.6.0
7f3fefa04000-7f3fefc03000 ---p 0000b000 08:01 266115                     /usr/lib/libenchant.so.1.6.0
7f3fefc03000-7f3fefc04000 r--p 0000a000 08:01 266115                     /usr/lib/libenchant.so.1.6.0
7f3fefc04000-7f3fefc05000 rw-p 0000b000 08:01 266115                     /usr/lib/libenchant.so.1.6.0
7f3fefc05000-7f3feff98000 r-xp 00000000 08:01 265822                     /usr/lib/libjavascriptcoregtk-1.0.so.0.13.2
7f3feff98000-7f3ff0197000 ---p 00393000 08:01 265822                     /usr/lib/libjavascriptcoregtk-1.0.so.0.13.2
7f3ff0197000-7f3ff01a4000 r--p 00392000 08:01 265822                     /usr/lib/libjavascriptcoregtk-1.0.so.0.13.2
7f3ff01a4000-7f3ff01ab000 rw-p 0039f000 08:01 265822                     /usr/lib/libjavascriptcoregtk-1.0.so.0.13.2
7f3ff01ab000-7f3ff01cf000 rw-p 00000000 00:00 0 
7f3ff01cf000-7f3ff17e1000 r-xp 00000000 08:01 261983                     /usr/lib/libwebkitgtk-1.0.so.0.13.2
7f3ff17e1000-7f3ff19e0000 ---p 01612000 08:01 261983                     /usr/lib/libwebkitgtk-1.0.so.0.13.2
7f3ff19e0000-7f3ff1b4c000 r--p 01611000 08:01 261983                     /usr/lib/libwebkitgtk-1.0.so.0.13.2
7f3ff1b4c000-7f3ff1b5e000 rw-p 0177d000 08:01 261983                     /usr/lib/libwebkitgtk-1.0.so.0.13.2
7f3ff1b5e000-7f3ff1b67000 rw-p 00000000 00:00 0 
7f3ff1b67000-7f3ff1b72000 r-xp 00000000 08:06 6948009                    /home/rbtucker/.swt/lib/linux/x86_64/libswt-webkit-gtk-4332.so
7f3ff1b72000-7f3ff1d72000 ---p 0000b000 08:06 6948009                    /home/rbtucker/.swt/lib/linux/x86_64/libswt-webkit-gtk-4332.so
7f3ff1d72000-7f3ff1d73000 rw-p 0000b000 08:06 6948009                    /home/rbtucker/.swt/lib/linux/x86_64/libswt-webkit-gtk-4332.so
7f3ff1d73000-7f3ff1dc3000 r-xp 00000000 08:01 274962                     /usr/lib/jvm/java-7-oracle/jre/lib/amd64/xawt/libmawt.so
7f3ff1dc3000-7f3ff1fc3000 ---p 00050000 08:01 274962                     /usr/lib/jvm/java-7-oracle/jre/lib/amd64/xawt/libmawt.so
7f3ff1fc3000-7f3ff1fc7000 rw-p 00050000 08:01 274962                     /usr/lib/jvm/java-7-oracle/jre/lib/amd64/xawt/libmawt.so
7f3ff1fc7000-7f3ff1fc8000 rw-p 00000000 00:00 0 
7f3ff1fc8000-7f3ff206a000 r-xp 00000000 08:01 274945                     /usr/lib/jvm/java-7-oracle/jre/lib/amd64/libawt.so
7f3ff206a000-7f3ff226a000 ---p 000a2000 08:01 274945                     /usr/lib/jvm/java-7-oracle/jre/lib/amd64/libawt.so
7f3ff226a000-7f3ff2276000 rw-p 000a2000 08:01 274945                     /usr/lib/jvm/java-7-oracle/jre/lib/amd64/libawt.so
7f3ff2276000-7f3ff229a000 rw-p 00000000 00:00 0 
7f3ff229a000-7f3ff229c000 r-xp 00000000 08:01 397129                     /usr/lib/x86_64-linux-gnu/pango/1.6.0/modules/pango-basic-fc.so
7f3ff229c000-7f3ff249b000 ---p 00002000 08:01 397129                     /usr/lib/x86_64-linux-gnu/pango/1.6.0/modules/pango-basic-fc.so
7f3ff249b000-7f3ff249c000 r--p 00001000 08:01 397129                     /usr/lib/x86_64-linux-gnu/pango/1.6.0/modules/pango-basic-fc.so
7f3ff249c000-7f3ff249d000 rw-p 00002000 08:01 397129                     /usr/lib/x86_64-linux-gnu/pango/1.6.0/modules/pango-basic-fc.so
7f3ff249d000-7f3ff24aa000 r-xp 00000000 08:01 396111                     /usr/lib/x86_64-linux-gnu/gtk-2.0/2.10.0/engines/libmist.so
7f3ff24aa000-7f3ff26a9000 ---p 0000d000 08:01 396111                     /usr/lib/x86_64-linux-gnu/gtk-2.0/2.10.0/engines/libmist.so
7f3ff26a9000-7f3ff26aa000 r--p 0000c000 08:01 396111                     /usr/lib/x86_64-linux-gnu/gtk-2.0/2.10.0/engines/libmist.so
7f3ff26aa000-7f3ff26ab000 rw-p 0000d000 08:01 396111                     /usr/lib/x86_64-linux-gnu/gtk-2.0/2.10.0/engines/libmist.so
7f3ff26ab000-7f3ff26b0000 r-xp 00000000 08:01 396220                     /usr/lib/x86_64-linux-gnu/libXdmcp.so.6.0.0
7f3ff26b0000-7f3ff28af000 ---p 00005000 08:01 396220                     /usr/lib/x86_64-linux-gnu/libXdmcp.so.6.0.0
7f3ff28af000-7f3ff28b0000 rw-p 00004000 08:01 396220                     /usr/lib/x86_64-linux-gnu/libXdmcp.so.6.0.0
7f3ff28b0000-7f3ff28b2000 r-xp 00000000 08:01 396209                     /usr/lib/x86_64-linux-gnu/libXau.so.6.0.0
7f3ff28b2000-7f3ff2ab2000 ---p 00002000 08:01 396209                     /usr/lib/x86_64-linux-gnu/libXau.so.6.0.0
7f3ff2ab2000-7f3ff2ab3000 rw-p 00002000 08:01 396209                     /usr/lib/x86_64-linux-gnu/libXau.so.6.0.0
7f3ff2ab3000-7f3ff2aef000 r-xp 00000000 08:01 1570421                    /lib/x86_64-linux-gnu/libpcre.so.3.13.1
7f3ff2aef000-7f3ff2cef000 ---p 0003c000 08:01 1570421                    /lib/x86_64-linux-gnu/libpcre.so.3.13.1
7f3ff2cef000-7f3ff2cf0000 rw-p 0003c000 08:01 1570421                    /lib/x86_64-linux-gnu/libpcre.so.3.13.1
7f3ff2cf0000-7f3ff2cfc000 r-xp 00000000 08:01 396407                     /usr/lib/x86_64-linux-gnu/libffi.so.5.0.10
7f3ff2cfc000-7f3ff2efc000 ---p 0000c000 08:01 396407                     /usr/lib/x86_64-linux-gnu/libffi.so.5.0.10
7f3ff2efc000-7f3ff2efd000 rw-p 0000c000 08:01 396407                     /usr/lib/x86_64-linux-gnu/libffi.so.5.0.10
7f3ff2efd000-7f3ff2f24000 r-xp 00000000 08:01 1570356                    /lib/x86_64-linux-gnu/libexpat.so.1.6.0
7f3ff2f24000-7f3ff3124000 ---p 00027000 08:01 1570356                    /lib/x86_64-linux-gnu/libexpat.so.1.6.0
7f3ff3124000-7f3ff3126000 r--p 00027000 08:01 1570356                    /lib/x86_64-linux-gnu/libexpat.so.1.6.0
7f3ff3126000-7f3ff3127000 rw-p 00029000 08:01 1570356                    /lib/x86_64-linux-gnu/libexpat.so.1.6.0
7f3ff3127000-7f3ff313a000 r-xp 00000000 08:01 1584788                    /lib/x86_64-linux-gnu/libresolv-2.13.so
7f3ff313a000-7f3ff3339000 ---p 00013000 08:01 1584788                    /lib/x86_64-linux-gnu/libresolv-2.13.so
7f3ff3339000-7f3ff333a000 r--p 00012000 08:01 1584788                    /lib/x86_64-linux-gnu/libresolv-2.13.so
7f3ff333a000-7f3ff333b000 rw-p 00013000 08:01 1584788                    /lib/x86_64-linux-gnu/libresolv-2.13.so
7f3ff333b000-7f3ff333d000 rw-p 00000000 00:00 0 
7f3ff333d000-7f3ff335b000 r-xp 00000000 08:01 1570438                    /lib/x86_64-linux-gnu/libselinux.so.1
7f3ff335b000-7f3ff355a000 ---p 0001e000 08:01 1570438                    /lib/x86_64-linux-gnu/libselinux.so.1
7f3ff355a000-7f3ff355b000 r--p 0001d000 08:01 1570438                    /lib/x86_64-linux-gnu/libselinux.so.1
7f3ff355b000-7f3ff355c000 rw-p 0001e000 08:01 1570438                    /lib/x86_64-linux-gnu/libselinux.so.1
7f3ff355c000-7f3ff355d000 rw-p 00000000 00:00 0 
7f3ff355d000-7f3ff3573000 r-xp 00000000 08:01 1570468                    /lib/x86_64-linux-gnu/libz.so.1.2.7
7f3ff3573000-7f3ff3772000 ---p 00016000 08:01 1570468                    /lib/x86_64-linux-gnu/libz.so.1.2.7
7f3ff3772000-7f3ff3773000 r--p 00015000 08:01 1570468                    /lib/x86_64-linux-gnu/libz.so.1.2.7
7f3ff3773000-7f3ff3774000 rw-p 00016000 08:01 1570468                    /lib/x86_64-linux-gnu/libz.so.1.2.7
7f3ff3774000-7f3ff377c000 r-xp 00000000 08:01 408329                     /usr/lib/x86_64-linux-gnu/libxcb-render.so.0.0.0
7f3ff377c000-7f3ff397c000 ---p 00008000 08:01 408329                     /usr/lib/x86_64-linux-gnu/libxcb-render.so.0.0.0
7f3ff397c000-7f3ff397d000 r--p 00008000 08:01 408329                     /usr/lib/x86_64-linux-gnu/libxcb-render.so.0.0.0
7f3ff397d000-7f3ff397e000 rw-p 00009000 08:01 408329                     /usr/lib/x86_64-linux-gnu/libxcb-render.so.0.0.0
7f3ff397e000-7f3ff3980000 r-xp 00000000 08:01 408386                     /usr/lib/x86_64-linux-gnu/libxcb-shm.so.0.0.0
7f3ff3980000-7f3ff3b7f000 ---p 00002000 08:01 408386                     /usr/lib/x86_64-linux-gnu/libxcb-shm.so.0.0.0
7f3ff3b7f000-7f3ff3b80000 r--p 00001000 08:01 408386                     /usr/lib/x86_64-linux-gnu/libxcb-shm.so.0.0.0
7f3ff3b80000-7f3ff3b81000 rw-p 00002000 08:01 408386                     /usr/lib/x86_64-linux-gnu/libxcb-shm.so.0.0.0
7f3ff3b81000-7f3ff3ba7000 r-xp 00000000 08:01 1570423                    /lib/x86_64-linux-gnu/libpng12.so.0.49.0
7f3ff3ba7000-7f3ff3da6000 ---p 00026000 08:01 1570423                    /lib/x86_64-linux-gnu/libpng12.so.0.49.0
7f3ff3da6000-7f3ff3da7000 r--p 00025000 08:01 1570423                    /lib/x86_64-linux-gnu/libpng12.so.0.49.0
7f3ff3da7000-7f3ff3da8000 rw-p 00026000 08:01 1570423                    /lib/x86_64-linux-gnu/libpng12.so.0.49.0
7f3ff3da8000-7f3ff3e28000 r-xp 00000000 08:01 395539                     /usr/lib/x86_64-linux-gnu/libpixman-1.so.0.26.0
7f3ff3e28000-7f3ff4028000 ---p 00080000 08:01 395539                     /usr/lib/x86_64-linux-gnu/libpixman-1.so.0.26.0
7f3ff4028000-7f3ff402e000 rw-p 00080000 08:01 395539                     /usr/lib/x86_64-linux-gnu/libpixman-1.so.0.26.0
7f3ff402e000-7f3ff404d000 r-xp 00000000 08:01 397083                     /usr/lib/x86_64-linux-gnu/libxcb.so.1.1.0
7f3ff404d000-7f3ff424c000 ---p 0001f000 08:01 397083                     /usr/lib/x86_64-linux-gnu/libxcb.so.1.1.0
7f3ff424c000-7f3ff424d000 r--p 0001e000 08:01 397083                     /usr/lib/x86_64-linux-gnu/libxcb.so.1.1.0
7f3ff424d000-7f3ff424e000 rw-p 0001f000 08:01 397083                     /usr/lib/x86_64-linux-gnu/libxcb.so.1.1.0
7f3ff424e000-7f3ff4251000 r-xp 00000000 08:01 395507                     /usr/lib/x86_64-linux-gnu/libgmodule-2.0.so.0.3200.4
7f3ff4251000-7f3ff4450000 ---p 00003000 08:01 395507                     /usr/lib/x86_64-linux-gnu/libgmodule-2.0.so.0.3200.4
7f3ff4450000-7f3ff4451000 r--p 00002000 08:01 395507                     /usr/lib/x86_64-linux-gnu/libgmodule-2.0.so.0.3200.4
7f3ff4451000-7f3ff4452000 rw-p 00003000 08:01 395507                     /usr/lib/x86_64-linux-gnu/libgmodule-2.0.so.0.3200.4
7f3ff4452000-7f3ff445c000 r-xp 00000000 08:01 408336                     /usr/lib/x86_64-linux-gnu/libXcursor.so.1.0.2
7f3ff445c000-7f3ff465b000 ---p 0000a000 08:01 408336                     /usr/lib/x86_64-linux-gnu/libXcursor.so.1.0.2
7f3ff465b000-7f3ff465c000 rw-p 00009000 08:01 408336                     /usr/lib/x86_64-linux-gnu/libXcursor.so.1.0.2
7f3ff465c000-7f3ff4663000 r-xp 00000000 08:01 396215                     /usr/lib/x86_64-linux-gnu/libXrandr.so.2.2.0
7f3ff4663000-7f3ff4863000 ---p 00007000 08:01 396215                     /usr/lib/x86_64-linux-gnu/libXrandr.so.2.2.0
7f3ff4863000-7f3ff4864000 rw-p 00007000 08:01 396215                     /usr/lib/x86_64-linux-gnu/libXrandr.so.2.2.0
7f3ff4864000-7f3ff4866000 r-xp 00000000 08:01 408285                     /usr/lib/x86_64-linux-gnu/libXinerama.so.1.0.0
7f3ff4866000-7f3ff4a65000 ---p 00002000 08:01 408285                     /usr/lib/x86_64-linux-gnu/libXinerama.so.1.0.0
7f3ff4a65000-7f3ff4a66000 rw-p 00001000 08:01 408285                     /usr/lib/x86_64-linux-gnu/libXinerama.so.1.0.0
7f3ff4a66000-7f3ff4a6f000 r-xp 00000000 08:01 396240                     /usr/lib/x86_64-linux-gnu/libXrender.so.1.3.0
7f3ff4a6f000-7f3ff4c6e000 ---p 00009000 08:01 396240                     /usr/lib/x86_64-linux-gnu/libXrender.so.1.3.0
7f3ff4c6e000-7f3ff4c6f000 rw-p 00008000 08:01 396240                     /usr/lib/x86_64-linux-gnu/libXrender.so.1.3.0
7f3ff4c6f000-7f3ff4c7d000 r-xp 00000000 08:01 395622                     /usr/lib/x86_64-linux-gnu/libXi.so.6.1.0
7f3ff4c7d000-7f3ff4e7d000 ---p 0000e000 08:01 395622                     /usr/lib/x86_64-linux-gnu/libXi.so.6.1.0
7f3ff4e7d000-7f3ff4e7e000 rw-p 0000e000 08:01 395622                     /usr/lib/x86_64-linux-gnu/libXi.so.6.1.0
7f3ff4e7e000-7f3ff4e90000 r-xp 00000000 08:01 396222                     /usr/lib/x86_64-linux-gnu/libXext.so.6.4.0
7f3ff4e90000-7f3ff5090000 ---p 00012000 08:01 396222                     /usr/lib/x86_64-linux-gnu/libXext.so.6.4.0
7f3ff5090000-7f3ff5091000 rw-p 00012000 08:01 396222                     /usr/lib/x86_64-linux-gnu/libXext.so.6.4.0
7f3ff5091000-7f3ff5186000 r-xp 00000000 08:01 1576947                    /lib/x86_64-linux-gnu/libglib-2.0.so.0.3200.4
7f3ff5186000-7f3ff5386000 ---p 000f5000 08:01 1576947                    /lib/x86_64-linux-gnu/libglib-2.0.so.0.3200.4
7f3ff5386000-7f3ff5387000 r--p 000f5000 08:01 1576947                    /lib/x86_64-linux-gnu/libglib-2.0.so.0.3200.4
7f3ff5387000-7f3ff5388000 rw-p 000f6000 08:01 1576947                    /lib/x86_64-linux-gnu/libglib-2.0.so.0.3200.4
7f3ff5388000-7f3ff5389000 rw-p 00000000 00:00 0 
7f3ff5389000-7f3ff53d7000 r-xp 00000000 08:01 395505                     /usr/lib/x86_64-linux-gnu/libgobject-2.0.so.0.3200.4
7f3ff53d7000-7f3ff55d7000 ---p 0004e000 08:01 395505                     /usr/lib/x86_64-linux-gnu/libgobject-2.0.so.0.3200.4
7f3ff55d7000-7f3ff55d8000 r--p 0004e000 08:01 395505                     /usr/lib/x86_64-linux-gnu/libgobject-2.0.so.0.3200.4
7f3ff55d8000-7f3ff55d9000 rw-p 0004f000 08:01 395505                     /usr/lib/x86_64-linux-gnu/libgobject-2.0.so.0.3200.4
7f3ff55d9000-7f3ff560e000 r-xp 00000000 08:01 396445                     /usr/lib/x86_64-linux-gnu/libfontconfig.so.1.5.0
7f3ff560e000-7f3ff580e000 ---p 00035000 08:01 396445                     /usr/lib/x86_64-linux-gnu/libfontconfig.so.1.5.0
7f3ff580e000-7f3ff580f000 r--p 00035000 08:01 396445                     /usr/lib/x86_64-linux-gnu/libfontconfig.so.1.5.0
7f3ff580f000-7f3ff5810000 rw-p 00036000 08:01 396445                     /usr/lib/x86_64-linux-gnu/libfontconfig.so.1.5.0
7f3ff5810000-7f3ff58a9000 r-xp 00000000 08:01 396454                     /usr/lib/x86_64-linux-gnu/libfreetype.so.6.8.1
7f3ff58a9000-7f3ff5aa8000 ---p 00099000 08:01 396454                     /usr/lib/x86_64-linux-gnu/libfreetype.so.6.8.1
7f3ff5aa8000-7f3ff5aae000 r--p 00098000 08:01 396454                     /usr/lib/x86_64-linux-gnu/libfreetype.so.6.8.1
7f3ff5aae000-7f3ff5aaf000 rw-p 0009e000 08:01 396454                     /usr/lib/x86_64-linux-gnu/libfreetype.so.6.8.1
7f3ff5aaf000-7f3ff5af9000 r-xp 00000000 08:01 396797                     /usr/lib/x86_64-linux-gnu/libpango-1.0.so.0.3000.0
7f3ff5af9000-7f3ff5cf9000 ---p 0004a000 08:01 396797                     /usr/lib/x86_64-linux-gnu/libpango-1.0.so.0.3000.0
7f3ff5cf9000-7f3ff5cfb000 r--p 0004a000 08:01 396797                     /usr/lib/x86_64-linux-gnu/libpango-1.0.so.0.3000.0
7f3ff5cfb000-7f3ff5cfc000 rw-p 0004c000 08:01 396797                     /usr/lib/x86_64-linux-gnu/libpango-1.0.so.0.3000.0
7f3ff5cfc000-7f3ff5d26000 r-xp 00000000 08:01 396801                     /usr/lib/x86_64-linux-gnu/libpangoft2-1.0.so.0.3000.0
7f3ff5d26000-7f3ff5f25000 ---p 0002a000 08:01 396801                     /usr/lib/x86_64-linux-gnu/libpangoft2-1.0.so.0.3000.0
7f3ff5f25000-7f3ff5f26000 r--p 00029000 08:01 396801                     /usr/lib/x86_64-linux-gnu/libpangoft2-1.0.so.0.3000.0
7f3ff5f26000-7f3ff5f27000 rw-p 0002a000 08:01 396801                     /usr/lib/x86_64-linux-gnu/libpangoft2-1.0.so.0.3000.0
7f3ff5f27000-7f3ff6073000 r-xp 00000000 08:01 395508                     /usr/lib/x86_64-linux-gnu/libgio-2.0.so.0.3200.4
7f3ff6073000-7f3ff6272000 ---p 0014c000 08:01 395508                     /usr/lib/x86_64-linux-gnu/libgio-2.0.so.0.3200.4
7f3ff6272000-7f3ff6276000 r--p 0014b000 08:01 395508                     /usr/lib/x86_64-linux-gnu/libgio-2.0.so.0.3200.4
7f3ff6276000-7f3ff6278000 rw-p 0014f000 08:01 395508                     /usr/lib/x86_64-linux-gnu/libgio-2.0.so.0.3200.4
7f3ff6278000-7f3ff627a000 rw-p 00000000 00:00 0 
7f3ff627a000-7f3ff6299000 r-xp 00000000 08:01 396479                     /usr/lib/x86_64-linux-gnu/libgdk_pixbuf-2.0.so.0.2600.1
7f3ff6299000-7f3ff6498000 ---p 0001f000 08:01 396479                     /usr/lib/x86_64-linux-gnu/libgdk_pixbuf-2.0.so.0.2600.1
7f3ff6498000-7f3ff6499000 r--p 0001e000 08:01 396479                     /usr/lib/x86_64-linux-gnu/libgdk_pixbuf-2.0.so.0.2600.1
7f3ff6499000-7f3ff649a000 rw-p 0001f000 08:01 396479                     /usr/lib/x86_64-linux-gnu/libgdk_pixbuf-2.0.so.0.2600.1
7f3ff649a000-7f3ff658e000 r-xp 00000000 08:01 395541                     /usr/lib/x86_64-linux-gnu/libcairo.so.2.11200.2
7f3ff658e000-7f3ff678d000 ---p 000f4000 08:01 395541                     /usr/lib/x86_64-linux-gnu/libcairo.so.2.11200.2
7f3ff678d000-7f3ff6790000 r--p 000f3000 08:01 395541                     /usr/lib/x86_64-linux-gnu/libcairo.so.2.11200.2
7f3ff6790000-7f3ff6791000 rw-p 000f6000 08:01 395541                     /usr/lib/x86_64-linux-gnu/libcairo.so.2.11200.2
7f3ff6791000-7f3ff6793000 rw-p 00000000 00:00 0 
7f3ff6793000-7f3ff67b4000 r-xp 00000000 08:01 396273                     /usr/lib/x86_64-linux-gnu/libatk-1.0.so.0.20409.1
7f3ff67b4000-7f3ff69b3000 ---p 00021000 08:01 396273                     /usr/lib/x86_64-linux-gnu/libatk-1.0.so.0.20409.1
7f3ff69b3000-7f3ff69b5000 r--p 00020000 08:01 396273                     /usr/lib/x86_64-linux-gnu/libatk-1.0.so.0.20409.1
7f3ff69b5000-7f3ff69b6000 rw-p 00022000 08:01 396273                     /usr/lib/x86_64-linux-gnu/libatk-1.0.so.0.20409.1
7f3ff69b6000-7f3ff69bb000 r-xp 00000000 08:01 395616                     /usr/lib/x86_64-linux-gnu/libXfixes.so.3.1.0
7f3ff69bb000-7f3ff6bba000 ---p 00005000 08:01 395616                     /usr/lib/x86_64-linux-gnu/libXfixes.so.3.1.0
7f3ff6bba000-7f3ff6bbb000 r--p 00004000 08:01 395616                     /usr/lib/x86_64-linux-gnu/libXfixes.so.3.1.0
7f3ff6bbb000-7f3ff6bbc000 rw-p 00005000 08:01 395616                     /usr/lib/x86_64-linux-gnu/libXfixes.so.3.1.0
7f3ff6bbc000-7f3ff6bbe000 r-xp 00000000 08:01 396218                     /usr/lib/x86_64-linux-gnu/libXdamage.so.1.1.0
7f3ff6bbe000-7f3ff6dbd000 ---p 00002000 08:01 396218                     /usr/lib/x86_64-linux-gnu/libXdamage.so.1.1.0
7f3ff6dbd000-7f3ff6dbe000 rw-p 00001000 08:01 396218                     /usr/lib/x86_64-linux-gnu/libXdamage.so.1.1.0
7f3ff6dbe000-7f3ff6dc0000 r-xp 00000000 08:01 396214                     /usr/lib/x86_64-linux-gnu/libXcomposite.so.1.0.0
7f3ff6dc0000-7f3ff6fbf000 ---p 00002000 08:01 396214                     /usr/lib/x86_64-linux-gnu/libXcomposite.so.1.0.0
7f3ff6fbf000-7f3ff6fc0000 rw-p 00001000 08:01 396214                     /usr/lib/x86_64-linux-gnu/libXcomposite.so.1.0.0
7f3ff6fc0000-7f3ff70f6000 r-xp 00000000 08:01 396205                     /usr/lib/x86_64-linux-gnu/libX11.so.6.3.0
7f3ff70f6000-7f3ff72f6000 ---p 00136000 08:01 396205                     /usr/lib/x86_64-linux-gnu/libX11.so.6.3.0
7f3ff72f6000-7f3ff72fc000 rw-p 00136000 08:01 396205                     /usr/lib/x86_64-linux-gnu/libX11.so.6.3.0
7f3ff72fc000-7f3ff7308000 r-xp 00000000 08:01 396799                     /usr/lib/x86_64-linux-gnu/libpangocairo-1.0.so.0.3000.0
7f3ff7308000-7f3ff7507000 ---p 0000c000 08:01 396799                     /usr/lib/x86_64-linux-gnu/libpangocairo-1.0.so.0.3000.0
7f3ff7507000-7f3ff7508000 r--p 0000b000 08:01 396799                     /usr/lib/x86_64-linux-gnu/libpangocairo-1.0.so.0.3000.0
7f3ff7508000-7f3ff7509000 rw-p 0000c000 08:01 396799                     /usr/lib/x86_64-linux-gnu/libpangocairo-1.0.so.0.3000.0
7f3ff7509000-7f3ff75b8000 r-xp 00000000 08:01 397614                     /usr/lib/x86_64-linux-gnu/libgdk-x11-2.0.so.0.2400.10
7f3ff75b8000-7f3ff77b7000 ---p 000af000 08:01 397614                     /usr/lib/x86_64-linux-gnu/libgdk-x11-2.0.so.0.2400.10
7f3ff77b7000-7f3ff77bc000 rw-p 000ae000 08:01 397614                     /usr/lib/x86_64-linux-gnu/libgdk-x11-2.0.so.0.2400.10
7f3ff77bc000-7f3ff77c1000 r-xp 00000000 08:01 408306                     /usr/lib/x86_64-linux-gnu/libXtst.so.6.1.0
7f3ff77c1000-7f3ff79c0000 ---p 00005000 08:01 408306                     /usr/lib/x86_64-linux-gnu/libXtst.so.6.1.0
7f3ff79c0000-7f3ff79c1000 rw-p 00004000 08:01 408306                     /usr/lib/x86_64-linux-gnu/libXtst.so.6.1.0
7f3ff79c1000-7f3ff7df3000 r-xp 00000000 08:01 397597                     /usr/lib/x86_64-linux-gnu/libgtk-x11-2.0.so.0.2400.10
7f3ff7df3000-7f3ff7ff3000 ---p 00432000 08:01 397597                     /usr/lib/x86_64-linux-gnu/libgtk-x11-2.0.so.0.2400.10
7f3ff7ff3000-7f3ff7ffe000 rw-p 00432000 08:01 397597                     /usr/lib/x86_64-linux-gnu/libgtk-x11-2.0.so.0.2400.10
7f3ff7ffe000-7f3ff8000000 rw-p 00000000 00:00 0 
7f3ff8000000-7f3ff8ea2000 rw-p 00000000 00:00 0 
7f3ff8ea2000-7f3ffc000000 ---p 00000000 00:00 0 
7f3ffc003000-7f3ffc00b000 rw-p 00000000 00:00 0 
7f3ffc00b000-7f3ffc00c000 rw-p 00000000 00:00 0 
7f3ffc00c000-7f3ffc01c000 rw-p 00000000 00:00 0 
7f3ffc01c000-7f3ffc02a000 r--p 00000000 08:01 669825                     /usr/share/glib-2.0/schemas/gschemas.compiled
7f3ffc02a000-7f3ffc052000 rw-p 00000000 00:00 0 
7f3ffc052000-7f3ffc056000 r--s 00089000 08:01 275088                     /usr/lib/jvm/java-7-oracle/jre/lib/jsse.jar
7f3ffc056000-7f3ffc059000 ---p 00000000 00:00 0 
7f3ffc059000-7f3ffc157000 rw-p 00000000 00:00 0 
7f3ffc157000-7f3ffc17a000 r--p 00000000 08:01 658867                     /usr/share/fonts/truetype/msttcorefonts/Verdana.ttf
7f3ffc17a000-7f3ffc183000 r--s 00000000 08:01 1570667                    /var/cache/fontconfig/945677eb7aeaf62f1d50efc3fb3ec7d8-le64.cache-3
7f3ffc183000-7f3ffc188000 r--s 00000000 08:01 1570666                    /var/cache/fontconfig/6eb3985aa4124903f6ff08ba781cd364-le64.cache-3
7f3ffc188000-7f3ffc1b6000 r--s 00000000 08:01 1570673                    /var/cache/fontconfig/365b55f210c0a22e9a19e35191240f32-le64.cache-3
7f3ffc1b6000-7f3ffc1b7000 r-xp 00000000 08:01 395506                     /usr/lib/x86_64-linux-gnu/libgthread-2.0.so.0.3200.4
7f3ffc1b7000-7f3ffc3b6000 ---p 00001000 08:01 395506                     /usr/lib/x86_64-linux-gnu/libgthread-2.0.so.0.3200.4
7f3ffc3b6000-7f3ffc3b7000 r--p 00000000 08:01 395506                     /usr/lib/x86_64-linux-gnu/libgthread-2.0.so.0.3200.4
7f3ffc3b7000-7f3ffc3b8000 rw-p 00001000 08:01 395506                     /usr/lib/x86_64-linux-gnu/libgthread-2.0.so.0.3200.4
7f3ffc3b9000-7f3ffc3bb000 rw-p 00000000 00:00 0 
7f3ffc3bb000-7f3ffc3c4000 r--s 00000000 08:01 1577335                    /var/cache/fontconfig/6d41288fd70b0be22e8c3a91e032eec0-le64.cache-3
7f3ffc3c4000-7f3ffc3d5000 r--s 00000000 08:01 1570662                    /var/cache/fontconfig/d52a8644073d54c13679302ca1180695-le64.cache-3
7f3ffc3d5000-7f3ffc447000 r-xp 00000000 08:06 6948007                    /home/rbtucker/.swt/lib/linux/x86_64/libswt-pi-gtk-4332.so
7f3ffc447000-7f3ffc647000 ---p 00072000 08:06 6948007                    /home/rbtucker/.swt/lib/linux/x86_64/libswt-pi-gtk-4332.so
7f3ffc647000-7f3ffc649000 rw-p 00072000 08:06 6948007                    /home/rbtucker/.swt/lib/linux/x86_64/libswt-pi-gtk-4332.so
7f3ffc649000-7f3ffc64c000 rw-p 00000000 00:00 0 
7f3ffc64c000-7f3ffc6ca000 r-xp 00000000 08:06 6948003                    /home/rbtucker/.swt/lib/linux/x86_64/libswt-gtk-4332.so
7f3ffc6ca000-7f3ffc8c9000 ---p 0007e000 08:06 6948003                    /home/rbtucker/.swt/lib/linux/x86_64/libswt-gtk-4332.so
7f3ffc8c9000-7f3ffc8d1000 rw-p 0007d000 08:06 6948003                    /home/rbtucker/.swt/lib/linux/x86_64/libswt-gtk-4332.so
7f3ffc8d1000-7f3ffc8d3000 rw-p 00000000 00:00 0 
7f3ffc8d4000-7f3ffca05000 rw-p 00000000 00:00 0 
7f3ffca05000-7f3ffca1a000 r-xp 00000000 08:01 274934                     /usr/lib/jvm/java-7-oracle/jre/lib/amd64/libnet.so
7f3ffca1a000-7f3ffcc1a000 ---p 00015000 08:01 274934                     /usr/lib/jvm/java-7-oracle/jre/lib/amd64/libnet.so
7f3ffcc1a000-7f3ffcc1b000 rw-p 00015000 08:01 274934                     /usr/lib/jvm/java-7-oracle/jre/lib/amd64/libnet.so
7f3ffcc1b000-7f3ffcc31000 r--s 001b5000 08:06 19269857                   /home/rbtucker/.m2/repository/org/eclipse/swt/org/eclipse/swt/gtk/linux/x86_64/4/3/swt/org.eclipse.swt.gtk.linux.x86_64/4.3/org.eclipse.swt.gtk.linux.x86_64-4.3.jar
7f3ffcc31000-7f3ffcc40000 r--s 00079000 08:06 15337376                   /home/rbtucker/.m2/repository/chrriis/djnativeswingswt/1.0.2/djnativeswingswt-1.0.2.jar
7f3ffcc40000-7f3ffcc43000 r--s 00019000 08:06 13244786                   /home/rbtucker/.m2/repository/chrriis/djnativeswing/1.0.2/djnativeswing-1.0.2.jar
7f3ffcc43000-7f3ffcc44000 ---p 00000000 00:00 0 
7f3ffcc44000-7f3ffcd44000 rw-p 00000000 00:00 0 
7f3ffcd44000-7f3ffcd47000 ---p 00000000 00:00 0 
7f3ffcd47000-7f3ffce45000 rw-p 00000000 00:00 0 
7f3ffce45000-7f3ffce48000 ---p 00000000 00:00 0 
7f3ffce48000-7f3ffcf46000 rw-p 00000000 00:00 0 
7f3ffcf46000-7f3ffcf49000 ---p 00000000 00:00 0 
7f3ffcf49000-7f3ffd047000 rw-p 00000000 00:00 0 
7f3ffd047000-7f3ffd04a000 ---p 00000000 00:00 0 
7f3ffd04a000-7f3ffd148000 rw-p 00000000 00:00 0 
7f3ffd148000-7f3ffd2bf000 r--p 00000000 08:01 264861                     /usr/lib/locale/locale-archive
7f3ffd2bf000-7f3ffd2c2000 ---p 00000000 00:00 0 
7f3ffd2c2000-7f3ffd3c0000 rw-p 00000000 00:00 0 
7f3ffd3c0000-7f3ffd3c3000 ---p 00000000 00:00 0 
7f3ffd3c3000-7f3ffd4c1000 rw-p 00000000 00:00 0 
7f3ffd4c1000-7f3ffd4c2000 ---p 00000000 00:00 0 
7f3ffd4c2000-7f3ffe5e6000 rw-p 00000000 00:00 0 
7f3ffe5e6000-7f3ffe7a2000 r--s 039d3000 08:01 275099                     /usr/lib/jvm/java-7-oracle/jre/lib/rt.jar
7f3ffe7a2000-7f400878e000 rw-p 00000000 00:00 0 
7f400878e000-7f400878f000 ---p 00000000 00:00 0 
7f400878f000-7f400888f000 rw-p 00000000 00:00 0 
7f400888f000-7f4008890000 ---p 00000000 00:00 0 
7f4008890000-7f4008990000 rw-p 00000000 00:00 0 
7f4008990000-7f4008991000 ---p 00000000 00:00 0 
7f4008991000-7f4008a91000 rw-p 00000000 00:00 0 
7f4008a91000-7f4008a92000 ---p 00000000 00:00 0 
7f4008a92000-7f4008b9d000 rw-p 00000000 00:00 0 
7f4008b9d000-7f4008bbb000 rw-p 00000000 00:00 0 
7f4008bbb000-7f4008c0f000 rw-p 00000000 00:00 0 
7f4008c0f000-7f40090f3000 rw-p 00000000 00:00 0 
7f40090f3000-7f40090fe000 rw-p 00000000 00:00 0 
7f40090fe000-7f400911c000 rw-p 00000000 00:00 0 
7f400911c000-7f4009170000 rw-p 00000000 00:00 0 
7f4009170000-7f4009654000 rw-p 00000000 00:00 0 
7f4009654000-7f400967e000 rw-p 00000000 00:00 0 
7f400967e000-7f40098f0000 rw-p 00000000 00:00 0 
7f40098f0000-7f40098f1000 rw-p 00000000 00:00 0 
7f40098f1000-7f4009b61000 rwxp 00000000 00:00 0 
7f4009b61000-7f400c8f1000 rw-p 00000000 00:00 0 
7f400c8f1000-7f400c90b000 r-xp 00000000 08:01 274937                     /usr/lib/jvm/java-7-oracle/jre/lib/amd64/libzip.so
7f400c90b000-7f400cb0b000 ---p 0001a000 08:01 274937                     /usr/lib/jvm/java-7-oracle/jre/lib/amd64/libzip.so
7f400cb0b000-7f400cb0c000 rw-p 0001a000 08:01 274937                     /usr/lib/jvm/java-7-oracle/jre/lib/amd64/libzip.so
7f400cb0c000-7f400cb17000 r-xp 00000000 08:01 1584804                    /lib/x86_64-linux-gnu/libnss_files-2.13.so
7f400cb17000-7f400cd16000 ---p 0000b000 08:01 1584804                    /lib/x86_64-linux-gnu/libnss_files-2.13.so
7f400cd16000-7f400cd17000 r--p 0000a000 08:01 1584804                    /lib/x86_64-linux-gnu/libnss_files-2.13.so
7f400cd17000-7f400cd18000 rw-p 0000b000 08:01 1584804                    /lib/x86_64-linux-gnu/libnss_files-2.13.so
7f400cd18000-7f400cd22000 r-xp 00000000 08:01 1584800                    /lib/x86_64-linux-gnu/libnss_nis-2.13.so
7f400cd22000-7f400cf21000 ---p 0000a000 08:01 1584800                    /lib/x86_64-linux-gnu/libnss_nis-2.13.so
7f400cf21000-7f400cf22000 r--p 00009000 08:01 1584800                    /lib/x86_64-linux-gnu/libnss_nis-2.13.so
7f400cf22000-7f400cf23000 rw-p 0000a000 08:01 1584800                    /lib/x86_64-linux-gnu/libnss_nis-2.13.so
7f400cf23000-7f400cf38000 r-xp 00000000 08:01 1584798                    /lib/x86_64-linux-gnu/libnsl-2.13.so
7f400cf38000-7f400d137000 ---p 00015000 08:01 1584798                    /lib/x86_64-linux-gnu/libnsl-2.13.so
7f400d137000-7f400d138000 r--p 00014000 08:01 1584798                    /lib/x86_64-linux-gnu/libnsl-2.13.so
7f400d138000-7f400d139000 rw-p 00015000 08:01 1584798                    /lib/x86_64-linux-gnu/libnsl-2.13.so
7f400d139000-7f400d13b000 rw-p 00000000 00:00 0 
7f400d13b000-7f400d142000 r-xp 00000000 08:01 1584792                    /lib/x86_64-linux-gnu/libnss_compat-2.13.so
7f400d142000-7f400d341000 ---p 00007000 08:01 1584792                    /lib/x86_64-linux-gnu/libnss_compat-2.13.so
7f400d341000-7f400d342000 r--p 00006000 08:01 1584792                    /lib/x86_64-linux-gnu/libnss_compat-2.13.so
7f400d342000-7f400d343000 rw-p 00007000 08:01 1584792                    /lib/x86_64-linux-gnu/libnss_compat-2.13.so
7f400d343000-7f400d36c000 r-xp 00000000 08:01 274933                     /usr/lib/jvm/java-7-oracle/jre/lib/amd64/libjava.so
7f400d36c000-7f400d56c000 ---p 00029000 08:01 274933                     /usr/lib/jvm/java-7-oracle/jre/lib/amd64/libjava.so
7f400d56c000-7f400d56e000 rw-p 00029000 08:01 274933                     /usr/lib/jvm/java-7-oracle/jre/lib/amd64/libjava.so
7f400d56e000-7f400d57b000 r-xp 00000000 08:01 274939                     /usr/lib/jvm/java-7-oracle/jre/lib/amd64/libverify.so
7f400d57b000-7f400d77a000 ---p 0000d000 08:01 274939                     /usr/lib/jvm/java-7-oracle/jre/lib/amd64/libverify.so
7f400d77a000-7f400d77c000 rw-p 0000c000 08:01 274939                     /usr/lib/jvm/java-7-oracle/jre/lib/amd64/libverify.so
7f400d77c000-7f400d783000 r-xp 00000000 08:01 1584808                    /lib/x86_64-linux-gnu/librt-2.13.so
7f400d783000-7f400d982000 ---p 00007000 08:01 1584808                    /lib/x86_64-linux-gnu/librt-2.13.so
7f400d982000-7f400d983000 r--p 00006000 08:01 1584808                    /lib/x86_64-linux-gnu/librt-2.13.so
7f400d983000-7f400d984000 rw-p 00007000 08:01 1584808                    /lib/x86_64-linux-gnu/librt-2.13.so
7f400d984000-7f400da05000 r-xp 00000000 08:01 1584795                    /lib/x86_64-linux-gnu/libm-2.13.so
7f400da05000-7f400dc04000 ---p 00081000 08:01 1584795                    /lib/x86_64-linux-gnu/libm-2.13.so
7f400dc04000-7f400dc05000 r--p 00080000 08:01 1584795                    /lib/x86_64-linux-gnu/libm-2.13.so
7f400dc05000-7f400dc06000 rw-p 00081000 08:01 1584795                    /lib/x86_64-linux-gnu/libm-2.13.so
7f400dc06000-7f400e64d000 r-xp 00000000 08:01 274927                     /usr/lib/jvm/java-7-oracle/jre/lib/amd64/server/libjvm.so
7f400e64d000-7f400e84c000 ---p 00a47000 08:01 274927                     /usr/lib/jvm/java-7-oracle/jre/lib/amd64/server/libjvm.so
7f400e84c000-7f400e8ef000 rw-p 00a46000 08:01 274927                     /usr/lib/jvm/java-7-oracle/jre/lib/amd64/server/libjvm.so
7f400e8ef000-7f400e92b000 rw-p 00000000 00:00 0 
7f400e92b000-7f400eaad000 r-xp 00000000 08:01 1584735                    /lib/x86_64-linux-gnu/libc-2.13.so
7f400eaad000-7f400ecac000 ---p 00182000 08:01 1584735                    /lib/x86_64-linux-gnu/libc-2.13.so
7f400ecac000-7f400ecb0000 r--p 00181000 08:01 1584735                    /lib/x86_64-linux-gnu/libc-2.13.so
7f400ecb0000-7f400ecb1000 rw-p 00185000 08:01 1584735                    /lib/x86_64-linux-gnu/libc-2.13.so
7f400ecb1000-7f400ecb6000 rw-p 00000000 00:00 0 
7f400ecb6000-7f400ecb8000 r-xp 00000000 08:01 1584802                    /lib/x86_64-linux-gnu/libdl-2.13.so
7f400ecb8000-7f400eeb8000 ---p 00002000 08:01 1584802                    /lib/x86_64-linux-gnu/libdl-2.13.so
7f400eeb8000-7f400eeb9000 r--p 00002000 08:01 1584802                    /lib/x86_64-linux-gnu/libdl-2.13.so
7f400eeb9000-7f400eeba000 rw-p 00003000 08:01 1584802                    /lib/x86_64-linux-gnu/libdl-2.13.so
7f400eeba000-7f400eed0000 r-xp 00000000 08:01 274922                     /usr/lib/jvm/java-7-oracle/jre/lib/amd64/jli/libjli.so
7f400eed0000-7f400f0cf000 ---p 00016000 08:01 274922                     /usr/lib/jvm/java-7-oracle/jre/lib/amd64/jli/libjli.so
7f400f0cf000-7f400f0d0000 rw-p 00015000 08:01 274922                     /usr/lib/jvm/java-7-oracle/jre/lib/amd64/jli/libjli.so
7f400f0d0000-7f400f0e7000 r-xp 00000000 08:01 1584806                    /lib/x86_64-linux-gnu/libpthread-2.13.so
7f400f0e7000-7f400f2e6000 ---p 00017000 08:01 1584806                    /lib/x86_64-linux-gnu/libpthread-2.13.so
7f400f2e6000-7f400f2e7000 r--p 00016000 08:01 1584806                    /lib/x86_64-linux-gnu/libpthread-2.13.so
7f400f2e7000-7f400f2e8000 rw-p 00017000 08:01 1584806                    /lib/x86_64-linux-gnu/libpthread-2.13.so
7f400f2e8000-7f400f2ec000 rw-p 00000000 00:00 0 
7f400f2ec000-7f400f30c000 r-xp 00000000 08:01 1584810                    /lib/x86_64-linux-gnu/ld-2.13.so
7f400f30c000-7f400f30e000 r--p 00000000 08:06 6560100                    /home/rbtucker/.config/dconf/user
7f400f30e000-7f400f311000 r--s 00000000 08:01 1570677                    /var/cache/fontconfig/c57959a16110560c8d0fcea73374aeeb-le64.cache-3
7f400f311000-7f400f316000 r--s 00000000 08:01 1576461                    /var/cache/fontconfig/3047814df9a2f067bd2d96a2b9c36e5a-le64.cache-3
7f400f316000-7f400f31d000 r--s 00000000 08:01 1570659                    /var/cache/fontconfig/3f7329c5293ffd510edef78f73874cfd-le64.cache-3
7f400f31d000-7f400f327000 r--s 00000000 08:01 1577321                    /var/cache/fontconfig/83bf95040141907cd45bb53cf7c1c148-le64.cache-3
7f400f327000-7f400f331000 rw-p 00000000 00:00 0 
7f400f331000-7f400f3e7000 rw-p 00000000 00:00 0 
7f400f3e7000-7f400f3ea000 ---p 00000000 00:00 0 
7f400f3ea000-7f400f4ec000 rw-p 00000000 00:00 0 
7f400f4ec000-7f400f4ed000 r--s 00000000 08:06 6559563                    /home/rbtucker/.cache/dconf/user
7f400f4ed000-7f400f4ee000 r--s 00000000 08:01 1570669                    /var/cache/fontconfig/c05880de57d1f5e948fdfacc138775d9-le64.cache-3
7f400f4ee000-7f400f4ef000 r--s 00000000 08:01 1577330                    /var/cache/fontconfig/4794a0821666d79190d59a36cb4f44b5-le64.cache-3
7f400f4ef000-7f400f4f2000 r--s 00000000 08:01 1577327                    /var/cache/fontconfig/e49e89034d371f0f9de17aab02136486-le64.cache-3
7f400f4f2000-7f400f4f4000 r--s 00000000 08:01 1576458                    /var/cache/fontconfig/4b14b093aebc79c320de5e86ae1d3314-le64.cache-3
7f400f4f4000-7f400f4ff000 r--s 00000000 08:01 1578243                    /var/cache/fontconfig/e13b20fdb08344e0e664864cc2ede53d-le64.cache-3
7f400f4ff000-7f400f507000 rw-s 00000000 08:01 279548                     /tmp/hsperfdata_rbtucker/27620 (deleted)
7f400f507000-7f400f508000 rw-p 00000000 00:00 0 
7f400f508000-7f400f509000 ---p 00000000 00:00 0 
7f400f509000-7f400f50b000 rw-p 00000000 00:00 0 
7f400f50b000-7f400f50c000 r--p 0001f000 08:01 1584810                    /lib/x86_64-linux-gnu/ld-2.13.so
7f400f50c000-7f400f50d000 rw-p 00020000 08:01 1584810                    /lib/x86_64-linux-gnu/ld-2.13.so
7f400f50d000-7f400f50e000 rw-p 00000000 00:00 0 
7fff85398000-7fff853b9000 rw-p 00000000 00:00 0                          [stack]
7fff853ff000-7fff85400000 r-xp 00000000 00:00 0                          [vdso]
ffffffffff600000-ffffffffff601000 r-xp 00000000 00:00 0                  [vsyscall]

VM Arguments:
jvm_args: -Dnativeswing.localhostAddress=127.0.0.1 -Djava.library.path=/usr/lib/jvm/java-7-oracle/jre/lib/amd64:/usr/lib/jvm/java-7-oracle/jre/lib/i386::/usr/java/packages/lib/amd64:/usr/lib64:/lib64:/lib:/usr/lib 
java_command: chrriis.dj.nativeswing.swtimpl.NativeInterface 1 25938
Launcher Type: SUN_STANDARD

Environment Variables:
JAVA_HOME=/usr/lib/jvm/java-7-oracle
PATH=/home/rbtucker/bin:/usr/sbin:/sbin:/usr/local/bin:/usr/bin:/bin:/usr/local/games:/usr/games
LD_LIBRARY_PATH=/usr/lib/jvm/java-7-oracle/jre/lib/amd64:/usr/lib/jvm/java-7-oracle/jre/lib/i386:
SHELL=/bin/bash
DISPLAY=:0.0

Signal Handlers:
SIGSEGV: [libjvm.so+0x8a5a80], sa_mask[0]=0x7ffbfeff, sa_flags=0x10000004
SIGBUS: [libjvm.so+0x8a5a80], sa_mask[0]=0x7ffbfeff, sa_flags=0x10000004
SIGFPE: [libjvm.so+0x741b60], sa_mask[0]=0x7ffbfeff, sa_flags=0x10000004
SIGPIPE: SIG_IGN, sa_mask[0]=0x00001000, sa_flags=0x10000000
SIGXFSZ: [libjvm.so+0x741b60], sa_mask[0]=0x7ffbfeff, sa_flags=0x10000004
SIGILL: [libjvm.so+0x741b60], sa_mask[0]=0x7ffbfeff, sa_flags=0x10000004
SIGUSR1: SIG_DFL, sa_mask[0]=0x00000000, sa_flags=0x00000000
SIGUSR2: [libjvm.so+0x7414b0], sa_mask[0]=0x00000004, sa_flags=0x10000004
SIGHUP: [libjvm.so+0x743840], sa_mask[0]=0x7ffbfeff, sa_flags=0x10000004
SIGINT: SIG_IGN, sa_mask[0]=0x00000000, sa_flags=0x00000000
SIGTERM: [libjvm.so+0x743840], sa_mask[0]=0x7ffbfeff, sa_flags=0x10000004
SIGQUIT: [libjvm.so+0x743840], sa_mask[0]=0x7ffbfeff, sa_flags=0x10000004


---------------  S Y S T E M  ---------------

OS:7.0

uname:Linux 3.2.0-4-amd64 #1 SMP Debian 3.2.41-2 x86_64
libc:glibc 2.13 NPTL 2.13 
rlimit: STACK 8192k, CORE 0k, NPROC 128125, NOFILE 4096, AS infinity
load average:0.81 0.58 0.41

/proc/meminfo:
MemTotal:       16412560 kB
MemFree:        12248416 kB
Buffers:          116968 kB
Cached:          1238036 kB
SwapCached:            0 kB
Active:          3227688 kB
Inactive:         765572 kB
Active(anon):    2642956 kB
Inactive(anon):    14596 kB
Active(file):     584732 kB
Inactive(file):   750976 kB
Unevictable:          48 kB
Mlocked:              48 kB
SwapTotal:      19786748 kB
SwapFree:       19786748 kB
Dirty:                76 kB
Writeback:             0 kB
AnonPages:       2638584 kB
Mapped:           193120 kB
Shmem:             19308 kB
Slab:              65336 kB
SReclaimable:      40840 kB
SUnreclaim:        24496 kB
KernelStack:        3856 kB
PageTables:        23312 kB
NFS_Unstable:          0 kB
Bounce:                0 kB
WritebackTmp:          0 kB
CommitLimit:    27993028 kB
Committed_AS:    5573100 kB
VmallocTotal:   34359738367 kB
VmallocUsed:      148400 kB
VmallocChunk:   34359587384 kB
HardwareCorrupted:     0 kB
AnonHugePages:         0 kB
HugePages_Total:       0
HugePages_Free:        0
HugePages_Rsvd:        0
HugePages_Surp:        0
Hugepagesize:       2048 kB
DirectMap4k:      100352 kB
DirectMap2M:    16635904 kB


CPU:total 4 (2 cores per cpu, 2 threads per core) family 6 model 58 stepping 9, cmov, cx8, fxsr, mmx, sse, sse2, sse3, ssse3, sse4.1, sse4.2, popcnt, avx, ht, tsc, tscinvbit, tscinv

/proc/cpuinfo:
processor	: 0
vendor_id	: GenuineIntel
cpu family	: 6
model		: 58
model name	: Intel(R) Core(TM) i7-3520M CPU @ 2.90GHz
stepping	: 9
microcode	: 0x17
cpu MHz		: 2901.000
cache size	: 4096 KB
physical id	: 0
siblings	: 4
core id		: 0
cpu cores	: 2
apicid		: 0
initial apicid	: 0
fpu		: yes
fpu_exception	: yes
cpuid level	: 13
wp		: yes
flags		: fpu vme de pse tsc msr pae mce cx8 apic sep mtrr pge mca cmov pat pse36 clflush dts acpi mmx fxsr sse sse2 ss ht tm pbe syscall nx rdtscp lm constant_tsc arch_perfmon pebs bts rep_good nopl xtopology nonstop_tsc aperfmperf pni pclmulqdq dtes64 monitor ds_cpl vmx smx est tm2 ssse3 cx16 xtpr pdcm pcid sse4_1 sse4_2 x2apic popcnt tsc_deadline_timer aes xsave avx f16c rdrand lahf_lm ida arat epb xsaveopt pln pts dtherm tpr_shadow vnmi flexpriority ept vpid fsgsbase smep erms
bogomips	: 5780.95
clflush size	: 64
cache_alignment	: 64
address sizes	: 36 bits physical, 48 bits virtual
power management:

processor	: 1
vendor_id	: GenuineIntel
cpu family	: 6
model		: 58
model name	: Intel(R) Core(TM) i7-3520M CPU @ 2.90GHz
stepping	: 9
microcode	: 0x17
cpu MHz		: 1200.000
cache size	: 4096 KB
physical id	: 0
siblings	: 4
core id		: 1
cpu cores	: 2
apicid		: 2
initial apicid	: 2
fpu		: yes
fpu_exception	: yes
cpuid level	: 13
wp		: yes
flags		: fpu vme de pse tsc msr pae mce cx8 apic sep mtrr pge mca cmov pat pse36 clflush dts acpi mmx fxsr sse sse2 ss ht tm pbe syscall nx rdtscp lm constant_tsc arch_perfmon pebs bts rep_good nopl xtopology nonstop_tsc aperfmperf pni pclmulqdq dtes64 monitor ds_cpl vmx smx est tm2 ssse3 cx16 xtpr pdcm pcid sse4_1 sse4_2 x2apic popcnt tsc_deadline_timer aes xsave avx f16c rdrand lahf_lm ida arat epb xsaveopt pln pts dtherm tpr_shadow vnmi flexpriority ept vpid fsgsbase smep erms
bogomips	: 5781.01
clflush size	: 64
cache_alignment	: 64
address sizes	: 36 bits physical, 48 bits virtual
power management:

processor	: 2
vendor_id	: GenuineIntel
cpu family	: 6
model		: 58
model name	: Intel(R) Core(TM) i7-3520M CPU @ 2.90GHz
stepping	: 9
microcode	: 0x17
cpu MHz		: 1200.000
cache size	: 4096 KB
physical id	: 0
siblings	: 4
core id		: 0
cpu cores	: 2
apicid		: 1
initial apicid	: 1
fpu		: yes
fpu_exception	: yes
cpuid level	: 13
wp		: yes
flags		: fpu vme de pse tsc msr pae mce cx8 apic sep mtrr pge mca cmov pat pse36 clflush dts acpi mmx fxsr sse sse2 ss ht tm pbe syscall nx rdtscp lm constant_tsc arch_perfmon pebs bts rep_good nopl xtopology nonstop_tsc aperfmperf pni pclmulqdq dtes64 monitor ds_cpl vmx smx est tm2 ssse3 cx16 xtpr pdcm pcid sse4_1 sse4_2 x2apic popcnt tsc_deadline_timer aes xsave avx f16c rdrand lahf_lm ida arat epb xsaveopt pln pts dtherm tpr_shadow vnmi flexpriority ept vpid fsgsbase smep erms
bogomips	: 5781.01
clflush size	: 64
cache_alignment	: 64
address sizes	: 36 bits physical, 48 bits virtual
power management:

processor	: 3
vendor_id	: GenuineIntel
cpu family	: 6
model		: 58
model name	: Intel(R) Core(TM) i7-3520M CPU @ 2.90GHz
stepping	: 9
microcode	: 0x17
cpu MHz		: 1200.000
cache size	: 4096 KB
physical id	: 0
siblings	: 4
core id		: 1
cpu cores	: 2
apicid		: 3
initial apicid	: 3
fpu		: yes
fpu_exception	: yes
cpuid level	: 13
wp		: yes
flags		: fpu vme de pse tsc msr pae mce cx8 apic sep mtrr pge mca cmov pat pse36 clflush dts acpi mmx fxsr sse sse2 ss ht tm pbe syscall nx rdtscp lm constant_tsc arch_perfmon pebs bts rep_good nopl xtopology nonstop_tsc aperfmperf pni pclmulqdq dtes64 monitor ds_cpl vmx smx est tm2 ssse3 cx16 xtpr pdcm pcid sse4_1 sse4_2 x2apic popcnt tsc_deadline_timer aes xsave avx f16c rdrand lahf_lm ida arat epb xsaveopt pln pts dtherm tpr_shadow vnmi flexpriority ept vpid fsgsbase smep erms
bogomips	: 5781.01
clflush size	: 64
cache_alignment	: 64
address sizes	: 36 bits physical, 48 bits virtual
power management:



Memory: 4k page, physical 16412560k(12248416k free), swap 19786748k(19786748k free)

vm_info: Java HotSpot(TM) 64-Bit Server VM (23.3-b01) for linux-amd64 JRE (1.7.0_07-b10), built on Aug 28 2012 17:44:05 by "java_re" with gcc 4.3.0 20080428 (Red Hat 4.3.0-8)

time: Sat May  3 00:17:25 2014
elapsed time: 130 seconds

